#
# There is insufficient memory for the Java Runtime Environment to continue.
# Native memory allocation (malloc) failed to allocate 636816 bytes for Chunk::new
# Possible reasons:
#   The system is out of physical RAM or swap space
#   The process is running with CompressedOops enabled, and the Java Heap may be blocking the growth of the native heap
# Possible solutions:
#   Reduce memory load on the system
#   Increase physical memory or swap space
#   Check if swap backing store is full
#   Decrease Java heap size (-Xmx/-Xms)
#   Decrease number of Java threads
#   Decrease Java thread stack sizes (-Xss)
#   Set larger code cache with -XX:ReservedCodeCacheSize=
#   JVM is running with Unscaled Compressed Oops mode in which the Java heap is
#     placed in the first 4GB address space. The Java Heap base address is the
#     maximum limit for the native heap growth. Please use -XX:HeapBaseMinAddress
#     to set the Java Heap base and to place the Java Heap above 4GB virtual address.
# This output file may be truncated or incomplete.
#
#  Out of Memory Error (arena.cpp:189), pid=6580, tid=5616
#
# JRE version: OpenJDK Runtime Environment Corretto-17.0.3.6.1 (17.0.3+6) (build 17.0.3+6-LTS)
# Java VM: OpenJDK 64-Bit Server VM Corretto-17.0.3.6.1 (17.0.3+6-LTS, mixed mode, sharing, tiered, compressed oops, compressed class ptrs, g1 gc, windows-amd64)
# No core dump will be written. Minidumps are not enabled by default on client versions of Windows
#

---------------  S U M M A R Y ------------

Command Line: -Dorg.gradle.internal.worker.tmpdir=C:\Users\Han\Desktop\programming\codeStates_files\co_project\seb41_pre_011\seb41_pre_011\server\build\tmp\test\work -Dorg.gradle.native=false -Xmx512m -Dfile.encoding=UTF-8 -Duser.country=KR -Duser.language=ko -Duser.variant -ea worker.org.gradle.process.internal.worker.GradleWorkerMain 'Gradle Test Executor 1'

Host: AMD Ryzen 5 5600U with Radeon Graphics         , 12 cores, 14G,  Windows 10 , 64 bit Build 19041 (10.0.19041.2364)
Time: Thu Dec 22 11:05:25 2022  Windows 10 , 64 bit Build 19041 (10.0.19041.2364) elapsed time: 0.813684 seconds (0d 0h 0m 0s)

---------------  T H R E A D  ---------------

Current thread (0x00000148f2dd77b0):  JavaThread "C2 CompilerThread2" daemon [_thread_in_native, id=5616, stack(0x00000008bcf00000,0x00000008bd000000)]


Current CompileTask:
C2:    813 1480       4       jdk.internal.loader.URLClassPath::getResource (74 bytes)

Stack: [0x00000008bcf00000,0x00000008bd000000]
Native frames: (J=compiled Java code, j=interpreted, Vv=VM code, C=native code)
V  [jvm.dll+0x645e5a]
V  [jvm.dll+0x7f6fc4]
V  [jvm.dll+0x7f877e]
V  [jvm.dll+0x7f8dd3]
V  [jvm.dll+0x234bb8]
V  [jvm.dll+0xbce1b]
V  [jvm.dll+0xbd3ac]
V  [jvm.dll+0x34d6f2]
V  [jvm.dll+0x31809f]
V  [jvm.dll+0x3174da]
V  [jvm.dll+0x209225]
V  [jvm.dll+0x2087b7]
V  [jvm.dll+0x198b5d]
V  [jvm.dll+0x217b49]
V  [jvm.dll+0x215d9b]
V  [jvm.dll+0x7af68b]
V  [jvm.dll+0x7a9c9a]
V  [jvm.dll+0x644d05]
C  [ucrtbase.dll+0x21bb2]
C  [KERNEL32.DLL+0x17614]
C  [ntdll.dll+0x526a1]


---------------  P R O C E S S  ---------------

Threads class SMR info:
_java_thread_list=0x00000148f2f48630, length=17, elements={
0x00000148d49b6f80, 0x00000148f188e8b0, 0x00000148f188f430, 0x00000148f18a8630,
0x00000148f18aaf10, 0x00000148f18ab7d0, 0x00000148f18ac8a0, 0x00000148f18b74d0,
0x00000148f18bb8a0, 0x00000148f18be1f0, 0x00000148f2502a30, 0x00000148f25089b0,
0x00000148f2cbe570, 0x00000148f2d54020, 0x00000148f2ffce30, 0x00000148f2ffd300,
0x00000148f2dd77b0
}

Java Threads: ( => current thread )
  0x00000148d49b6f80 JavaThread "Test worker" [_thread_in_native, id=17776, stack(0x00000008bb700000,0x00000008bb800000)]
  0x00000148f188e8b0 JavaThread "Reference Handler" daemon [_thread_blocked, id=13948, stack(0x00000008bbe00000,0x00000008bbf00000)]
  0x00000148f188f430 JavaThread "Finalizer" daemon [_thread_blocked, id=6280, stack(0x00000008bbf00000,0x00000008bc000000)]
  0x00000148f18a8630 JavaThread "Signal Dispatcher" daemon [_thread_blocked, id=13144, stack(0x00000008bc000000,0x00000008bc100000)]
  0x00000148f18aaf10 JavaThread "Attach Listener" daemon [_thread_blocked, id=3240, stack(0x00000008bc100000,0x00000008bc200000)]
  0x00000148f18ab7d0 JavaThread "Service Thread" daemon [_thread_blocked, id=3580, stack(0x00000008bc200000,0x00000008bc300000)]
  0x00000148f18ac8a0 JavaThread "Monitor Deflation Thread" daemon [_thread_blocked, id=1880, stack(0x00000008bc300000,0x00000008bc400000)]
  0x00000148f18b74d0 JavaThread "C2 CompilerThread0" daemon [_thread_in_native, id=11940, stack(0x00000008bc400000,0x00000008bc500000)]
  0x00000148f18bb8a0 JavaThread "C1 CompilerThread0" daemon [_thread_in_vm, id=5016, stack(0x00000008bc500000,0x00000008bc600000)]
  0x00000148f18be1f0 JavaThread "Sweeper thread" daemon [_thread_blocked, id=10464, stack(0x00000008bc600000,0x00000008bc700000)]
  0x00000148f2502a30 JavaThread "Notification Thread" daemon [_thread_blocked, id=14636, stack(0x00000008bc700000,0x00000008bc800000)]
  0x00000148f25089b0 JavaThread "Common-Cleaner" daemon [_thread_blocked, id=19116, stack(0x00000008bc900000,0x00000008bca00000)]
  0x00000148f2cbe570 JavaThread "/127.0.0.1:55205 to /127.0.0.1:55204 workers" [_thread_blocked, id=11372, stack(0x00000008bcb00000,0x00000008bcc00000)]
  0x00000148f2d54020 JavaThread "C2 CompilerThread1" daemon [_thread_blocked, id=18704, stack(0x00000008bcc00000,0x00000008bcd00000)]
  0x00000148f2ffce30 JavaThread "/127.0.0.1:55205 to /127.0.0.1:55204 workers Thread 2" [_thread_blocked, id=6588, stack(0x00000008bcd00000,0x00000008bce00000)]
  0x00000148f2ffd300 JavaThread "/127.0.0.1:55205 to /127.0.0.1:55204 workers Thread 3" [_thread_in_native, id=10324, stack(0x00000008bce00000,0x00000008bcf00000)]
=>0x00000148f2dd77b0 JavaThread "C2 CompilerThread2" daemon [_thread_in_native, id=5616, stack(0x00000008bcf00000,0x00000008bd000000)]

Other Threads:
  0x00000148f1889a50 VMThread "VM Thread" [stack: 0x00000008bbd00000,0x00000008bbe00000] [id=10440]
  0x00000148f2507940 WatcherThread [stack: 0x00000008bc800000,0x00000008bc900000] [id=10800]
  0x00000148d49e9a60 GCTaskThread "GC Thread#0" [stack: 0x00000008bb800000,0x00000008bb900000] [id=12316]
  0x00000148f2b59980 GCTaskThread "GC Thread#1" [stack: 0x00000008bd000000,0x00000008bd100000] [id=1904]
  0x00000148f2b59420 GCTaskThread "GC Thread#2" [stack: 0x00000008bd100000,0x00000008bd200000] [id=11252]
  0x00000148f2b59ee0 GCTaskThread "GC Thread#3" [stack: 0x00000008bd200000,0x00000008bd300000] [id=9812]
  0x00000148f2b5a190 GCTaskThread "GC Thread#4" [stack: 0x00000008bd300000,0x00000008bd400000] [id=15792]
  0x00000148f2b58ec0 GCTaskThread "GC Thread#5" [stack: 0x00000008bd400000,0x00000008bd500000] [id=9960]
  0x00000148f2b59170 GCTaskThread "GC Thread#6" [stack: 0x00000008bd500000,0x00000008bd600000] [id=20532]
  0x00000148f2b5a440 GCTaskThread "GC Thread#7" [stack: 0x00000008bd600000,0x00000008bd700000] [id=9096]
  0x00000148f2b596d0 GCTaskThread "GC Thread#8" [stack: 0x00000008bd700000,0x00000008bd800000] [id=3144]
  0x00000148d49ee8b0 ConcurrentGCThread "G1 Main Marker" [stack: 0x00000008bb900000,0x00000008bba00000] [id=18044]
  0x00000148d49f0980 ConcurrentGCThread "G1 Conc#0" [stack: 0x00000008bba00000,0x00000008bbb00000] [id=16548]
  0x00000148f174e530 ConcurrentGCThread "G1 Refine#0" [stack: 0x00000008bbb00000,0x00000008bbc00000] [id=21212]
  0x00000148f35f6ea0 ConcurrentGCThread "G1 Refine#1" [stack: 0x00000008bd800000,0x00000008bd900000] [id=18700]
  0x00000148f370f8f0 ConcurrentGCThread "G1 Refine#2" [stack: 0x00000008bd900000,0x00000008bda00000] [id=18496]
  0x00000148f1750c10 ConcurrentGCThread "G1 Service" [stack: 0x00000008bbc00000,0x00000008bbd00000] [id=13588]

Threads with active compile tasks:
C2 CompilerThread0      822 1525 %     4       java.io.WinNTFileSystem::normalize @ 58 (224 bytes)
C1 CompilerThread0      822 1534       3       java.lang.invoke.Invokers::callSiteForm (308 bytes)
C2 CompilerThread2      822 1480       4       jdk.internal.loader.URLClassPath::getResource (74 bytes)

VM state: not at safepoint (normal execution)

VM Mutex/Monitor currently owned by a thread: None

Heap address: 0x00000000e0000000, size: 512 MB, Compressed Oops mode: 32-bit

CDS archive(s) mapped at: [0x0000000800000000-0x0000000800bc0000-0x0000000800bc0000), size 12320768, SharedBaseAddress: 0x0000000800000000, ArchiveRelocationMode: 0.
Compressed class space mapped at: 0x0000000800c00000-0x0000000840c00000, reserved size: 1073741824
Narrow klass base: 0x0000000800000000, Narrow klass shift: 0, Narrow klass range: 0x100000000

GC Precious Log:
 CPUs: 12 total, 12 available
 Memory: 15182M
 Large Page Support: Disabled
 NUMA Support: Disabled
 Compressed Oops: Enabled (32-bit)
 Heap Region Size: 1M
 Heap Min Capacity: 8M
 Heap Initial Capacity: 238M
 Heap Max Capacity: 512M
 Pre-touch: Disabled
 Parallel Workers: 10
 Concurrent Workers: 3
 Concurrent Refinement Workers: 10
 Periodic GC: Disabled

Heap:
 garbage-first heap   total 243712K, used 26056K [0x00000000e0000000, 0x0000000100000000)
  region size 1024K, 20 young (20480K), 3 survivors (3072K)
 Metaspace       used 9833K, committed 10048K, reserved 1064960K
  class space    used 1305K, committed 1408K, reserved 1048576K

Heap Regions: E=young(eden), S=young(survivor), O=old, HS=humongous(starts), HC=humongous(continues), CS=collection set, F=free, OA=open archive, CA=closed archive, TAMS=top-at-mark-start (previous, next)
|   0|0x00000000e0000000, 0x00000000e0100000, 0x00000000e0100000|100%|HS|  |TAMS 0x00000000e0000000, 0x00000000e0000000| Complete 
|   1|0x00000000e0100000, 0x00000000e0200000, 0x00000000e0200000|100%| O|  |TAMS 0x00000000e0100000, 0x00000000e0100000| Untracked 
|   2|0x00000000e0200000, 0x00000000e0300000, 0x00000000e0300000|100%| O|  |TAMS 0x00000000e0200000, 0x00000000e0200000| Untracked 
|   3|0x00000000e0300000, 0x00000000e0400000, 0x00000000e0400000|100%| O|  |TAMS 0x00000000e0300000, 0x00000000e0300000| Untracked 
|   4|0x00000000e0400000, 0x00000000e0500000, 0x00000000e0500000|100%| O|  |TAMS 0x00000000e0400000, 0x00000000e0400000| Untracked 
|   5|0x00000000e0500000, 0x00000000e0600000, 0x00000000e0600000|100%| O|  |TAMS 0x00000000e0500000, 0x00000000e0500000| Untracked 
|   6|0x00000000e0600000, 0x00000000e0672000, 0x00000000e0700000| 44%| O|  |TAMS 0x00000000e0600000, 0x00000000e0600000| Untracked 
|   7|0x00000000e0700000, 0x00000000e0700000, 0x00000000e0800000|  0%| F|  |TAMS 0x00000000e0700000, 0x00000000e0700000| Untracked 
|   8|0x00000000e0800000, 0x00000000e0800000, 0x00000000e0900000|  0%| F|  |TAMS 0x00000000e0800000, 0x00000000e0800000| Untracked 
|   9|0x00000000e0900000, 0x00000000e0900000, 0x00000000e0a00000|  0%| F|  |TAMS 0x00000000e0900000, 0x00000000e0900000| Untracked 
|  10|0x00000000e0a00000, 0x00000000e0a00000, 0x00000000e0b00000|  0%| F|  |TAMS 0x00000000e0a00000, 0x00000000e0a00000| Untracked 
|  11|0x00000000e0b00000, 0x00000000e0b00000, 0x00000000e0c00000|  0%| F|  |TAMS 0x00000000e0b00000, 0x00000000e0b00000| Untracked 
|  12|0x00000000e0c00000, 0x00000000e0c00000, 0x00000000e0d00000|  0%| F|  |TAMS 0x00000000e0c00000, 0x00000000e0c00000| Untracked 
|  13|0x00000000e0d00000, 0x00000000e0d00000, 0x00000000e0e00000|  0%| F|  |TAMS 0x00000000e0d00000, 0x00000000e0d00000| Untracked 
|  14|0x00000000e0e00000, 0x00000000e0e00000, 0x00000000e0f00000|  0%| F|  |TAMS 0x00000000e0e00000, 0x00000000e0e00000| Untracked 
|  15|0x00000000e0f00000, 0x00000000e0f00000, 0x00000000e1000000|  0%| F|  |TAMS 0x00000000e0f00000, 0x00000000e0f00000| Untracked 
|  16|0x00000000e1000000, 0x00000000e1000000, 0x00000000e1100000|  0%| F|  |TAMS 0x00000000e1000000, 0x00000000e1000000| Untracked 
|  17|0x00000000e1100000, 0x00000000e1100000, 0x00000000e1200000|  0%| F|  |TAMS 0x00000000e1100000, 0x00000000e1100000| Untracked 
|  18|0x00000000e1200000, 0x00000000e1200000, 0x00000000e1300000|  0%| F|  |TAMS 0x00000000e1200000, 0x00000000e1200000| Untracked 
|  19|0x00000000e1300000, 0x00000000e1300000, 0x00000000e1400000|  0%| F|  |TAMS 0x00000000e1300000, 0x00000000e1300000| Untracked 
|  20|0x00000000e1400000, 0x00000000e1400000, 0x00000000e1500000|  0%| F|  |TAMS 0x00000000e1400000, 0x00000000e1400000| Untracked 
|  21|0x00000000e1500000, 0x00000000e1500000, 0x00000000e1600000|  0%| F|  |TAMS 0x00000000e1500000, 0x00000000e1500000| Untracked 
|  22|0x00000000e1600000, 0x00000000e1600000, 0x00000000e1700000|  0%| F|  |TAMS 0x00000000e1600000, 0x00000000e1600000| Untracked 
|  23|0x00000000e1700000, 0x00000000e1700000, 0x00000000e1800000|  0%| F|  |TAMS 0x00000000e1700000, 0x00000000e1700000| Untracked 
|  24|0x00000000e1800000, 0x00000000e1800000, 0x00000000e1900000|  0%| F|  |TAMS 0x00000000e1800000, 0x00000000e1800000| Untracked 
|  25|0x00000000e1900000, 0x00000000e1900000, 0x00000000e1a00000|  0%| F|  |TAMS 0x00000000e1900000, 0x00000000e1900000| Untracked 
|  26|0x00000000e1a00000, 0x00000000e1a00000, 0x00000000e1b00000|  0%| F|  |TAMS 0x00000000e1a00000, 0x00000000e1a00000| Untracked 
|  27|0x00000000e1b00000, 0x00000000e1b00000, 0x00000000e1c00000|  0%| F|  |TAMS 0x00000000e1b00000, 0x00000000e1b00000| Untracked 
|  28|0x00000000e1c00000, 0x00000000e1c00000, 0x00000000e1d00000|  0%| F|  |TAMS 0x00000000e1c00000, 0x00000000e1c00000| Untracked 
|  29|0x00000000e1d00000, 0x00000000e1d00000, 0x00000000e1e00000|  0%| F|  |TAMS 0x00000000e1d00000, 0x00000000e1d00000| Untracked 
|  30|0x00000000e1e00000, 0x00000000e1e00000, 0x00000000e1f00000|  0%| F|  |TAMS 0x00000000e1e00000, 0x00000000e1e00000| Untracked 
|  31|0x00000000e1f00000, 0x00000000e1f00000, 0x00000000e2000000|  0%| F|  |TAMS 0x00000000e1f00000, 0x00000000e1f00000| Untracked 
|  32|0x00000000e2000000, 0x00000000e2000000, 0x00000000e2100000|  0%| F|  |TAMS 0x00000000e2000000, 0x00000000e2000000| Untracked 
|  33|0x00000000e2100000, 0x00000000e2100000, 0x00000000e2200000|  0%| F|  |TAMS 0x00000000e2100000, 0x00000000e2100000| Untracked 
|  34|0x00000000e2200000, 0x00000000e2200000, 0x00000000e2300000|  0%| F|  |TAMS 0x00000000e2200000, 0x00000000e2200000| Untracked 
|  35|0x00000000e2300000, 0x00000000e2300000, 0x00000000e2400000|  0%| F|  |TAMS 0x00000000e2300000, 0x00000000e2300000| Untracked 
|  36|0x00000000e2400000, 0x00000000e2400000, 0x00000000e2500000|  0%| F|  |TAMS 0x00000000e2400000, 0x00000000e2400000| Untracked 
|  37|0x00000000e2500000, 0x00000000e2500000, 0x00000000e2600000|  0%| F|  |TAMS 0x00000000e2500000, 0x00000000e2500000| Untracked 
|  38|0x00000000e2600000, 0x00000000e2600000, 0x00000000e2700000|  0%| F|  |TAMS 0x00000000e2600000, 0x00000000e2600000| Untracked 
|  39|0x00000000e2700000, 0x00000000e2700000, 0x00000000e2800000|  0%| F|  |TAMS 0x00000000e2700000, 0x00000000e2700000| Untracked 
|  40|0x00000000e2800000, 0x00000000e2800000, 0x00000000e2900000|  0%| F|  |TAMS 0x00000000e2800000, 0x00000000e2800000| Untracked 
|  41|0x00000000e2900000, 0x00000000e2900000, 0x00000000e2a00000|  0%| F|  |TAMS 0x00000000e2900000, 0x00000000e2900000| Untracked 
|  42|0x00000000e2a00000, 0x00000000e2a00000, 0x00000000e2b00000|  0%| F|  |TAMS 0x00000000e2a00000, 0x00000000e2a00000| Untracked 
|  43|0x00000000e2b00000, 0x00000000e2b00000, 0x00000000e2c00000|  0%| F|  |TAMS 0x00000000e2b00000, 0x00000000e2b00000| Untracked 
|  44|0x00000000e2c00000, 0x00000000e2c00000, 0x00000000e2d00000|  0%| F|  |TAMS 0x00000000e2c00000, 0x00000000e2c00000| Untracked 
|  45|0x00000000e2d00000, 0x00000000e2d00000, 0x00000000e2e00000|  0%| F|  |TAMS 0x00000000e2d00000, 0x00000000e2d00000| Untracked 
|  46|0x00000000e2e00000, 0x00000000e2e00000, 0x00000000e2f00000|  0%| F|  |TAMS 0x00000000e2e00000, 0x00000000e2e00000| Untracked 
|  47|0x00000000e2f00000, 0x00000000e2f00000, 0x00000000e3000000|  0%| F|  |TAMS 0x00000000e2f00000, 0x00000000e2f00000| Untracked 
|  48|0x00000000e3000000, 0x00000000e3000000, 0x00000000e3100000|  0%| F|  |TAMS 0x00000000e3000000, 0x00000000e3000000| Untracked 
|  49|0x00000000e3100000, 0x00000000e3100000, 0x00000000e3200000|  0%| F|  |TAMS 0x00000000e3100000, 0x00000000e3100000| Untracked 
|  50|0x00000000e3200000, 0x00000000e3200000, 0x00000000e3300000|  0%| F|  |TAMS 0x00000000e3200000, 0x00000000e3200000| Untracked 
|  51|0x00000000e3300000, 0x00000000e3300000, 0x00000000e3400000|  0%| F|  |TAMS 0x00000000e3300000, 0x00000000e3300000| Untracked 
|  52|0x00000000e3400000, 0x00000000e3400000, 0x00000000e3500000|  0%| F|  |TAMS 0x00000000e3400000, 0x00000000e3400000| Untracked 
|  53|0x00000000e3500000, 0x00000000e3500000, 0x00000000e3600000|  0%| F|  |TAMS 0x00000000e3500000, 0x00000000e3500000| Untracked 
|  54|0x00000000e3600000, 0x00000000e3600000, 0x00000000e3700000|  0%| F|  |TAMS 0x00000000e3600000, 0x00000000e3600000| Untracked 
|  55|0x00000000e3700000, 0x00000000e3700000, 0x00000000e3800000|  0%| F|  |TAMS 0x00000000e3700000, 0x00000000e3700000| Untracked 
|  56|0x00000000e3800000, 0x00000000e3800000, 0x00000000e3900000|  0%| F|  |TAMS 0x00000000e3800000, 0x00000000e3800000| Untracked 
|  57|0x00000000e3900000, 0x00000000e3900000, 0x00000000e3a00000|  0%| F|  |TAMS 0x00000000e3900000, 0x00000000e3900000| Untracked 
|  58|0x00000000e3a00000, 0x00000000e3a00000, 0x00000000e3b00000|  0%| F|  |TAMS 0x00000000e3a00000, 0x00000000e3a00000| Untracked 
|  59|0x00000000e3b00000, 0x00000000e3b00000, 0x00000000e3c00000|  0%| F|  |TAMS 0x00000000e3b00000, 0x00000000e3b00000| Untracked 
|  60|0x00000000e3c00000, 0x00000000e3c00000, 0x00000000e3d00000|  0%| F|  |TAMS 0x00000000e3c00000, 0x00000000e3c00000| Untracked 
|  61|0x00000000e3d00000, 0x00000000e3d00000, 0x00000000e3e00000|  0%| F|  |TAMS 0x00000000e3d00000, 0x00000000e3d00000| Untracked 
|  62|0x00000000e3e00000, 0x00000000e3e00000, 0x00000000e3f00000|  0%| F|  |TAMS 0x00000000e3e00000, 0x00000000e3e00000| Untracked 
|  63|0x00000000e3f00000, 0x00000000e3f00000, 0x00000000e4000000|  0%| F|  |TAMS 0x00000000e3f00000, 0x00000000e3f00000| Untracked 
|  64|0x00000000e4000000, 0x00000000e4000000, 0x00000000e4100000|  0%| F|  |TAMS 0x00000000e4000000, 0x00000000e4000000| Untracked 
|  65|0x00000000e4100000, 0x00000000e4100000, 0x00000000e4200000|  0%| F|  |TAMS 0x00000000e4100000, 0x00000000e4100000| Untracked 
|  66|0x00000000e4200000, 0x00000000e4200000, 0x00000000e4300000|  0%| F|  |TAMS 0x00000000e4200000, 0x00000000e4200000| Untracked 
|  67|0x00000000e4300000, 0x00000000e4300000, 0x00000000e4400000|  0%| F|  |TAMS 0x00000000e4300000, 0x00000000e4300000| Untracked 
|  68|0x00000000e4400000, 0x00000000e4400000, 0x00000000e4500000|  0%| F|  |TAMS 0x00000000e4400000, 0x00000000e4400000| Untracked 
|  69|0x00000000e4500000, 0x00000000e4500000, 0x00000000e4600000|  0%| F|  |TAMS 0x00000000e4500000, 0x00000000e4500000| Untracked 
|  70|0x00000000e4600000, 0x00000000e4600000, 0x00000000e4700000|  0%| F|  |TAMS 0x00000000e4600000, 0x00000000e4600000| Untracked 
|  71|0x00000000e4700000, 0x00000000e4700000, 0x00000000e4800000|  0%| F|  |TAMS 0x00000000e4700000, 0x00000000e4700000| Untracked 
|  72|0x00000000e4800000, 0x00000000e4800000, 0x00000000e4900000|  0%| F|  |TAMS 0x00000000e4800000, 0x00000000e4800000| Untracked 
|  73|0x00000000e4900000, 0x00000000e4900000, 0x00000000e4a00000|  0%| F|  |TAMS 0x00000000e4900000, 0x00000000e4900000| Untracked 
|  74|0x00000000e4a00000, 0x00000000e4a00000, 0x00000000e4b00000|  0%| F|  |TAMS 0x00000000e4a00000, 0x00000000e4a00000| Untracked 
|  75|0x00000000e4b00000, 0x00000000e4b00000, 0x00000000e4c00000|  0%| F|  |TAMS 0x00000000e4b00000, 0x00000000e4b00000| Untracked 
|  76|0x00000000e4c00000, 0x00000000e4c00000, 0x00000000e4d00000|  0%| F|  |TAMS 0x00000000e4c00000, 0x00000000e4c00000| Untracked 
|  77|0x00000000e4d00000, 0x00000000e4d00000, 0x00000000e4e00000|  0%| F|  |TAMS 0x00000000e4d00000, 0x00000000e4d00000| Untracked 
|  78|0x00000000e4e00000, 0x00000000e4e00000, 0x00000000e4f00000|  0%| F|  |TAMS 0x00000000e4e00000, 0x00000000e4e00000| Untracked 
|  79|0x00000000e4f00000, 0x00000000e4f00000, 0x00000000e5000000|  0%| F|  |TAMS 0x00000000e4f00000, 0x00000000e4f00000| Untracked 
|  80|0x00000000e5000000, 0x00000000e5000000, 0x00000000e5100000|  0%| F|  |TAMS 0x00000000e5000000, 0x00000000e5000000| Untracked 
|  81|0x00000000e5100000, 0x00000000e5100000, 0x00000000e5200000|  0%| F|  |TAMS 0x00000000e5100000, 0x00000000e5100000| Untracked 
|  82|0x00000000e5200000, 0x00000000e5200000, 0x00000000e5300000|  0%| F|  |TAMS 0x00000000e5200000, 0x00000000e5200000| Untracked 
|  83|0x00000000e5300000, 0x00000000e5300000, 0x00000000e5400000|  0%| F|  |TAMS 0x00000000e5300000, 0x00000000e5300000| Untracked 
|  84|0x00000000e5400000, 0x00000000e5400000, 0x00000000e5500000|  0%| F|  |TAMS 0x00000000e5400000, 0x00000000e5400000| Untracked 
|  85|0x00000000e5500000, 0x00000000e5500000, 0x00000000e5600000|  0%| F|  |TAMS 0x00000000e5500000, 0x00000000e5500000| Untracked 
|  86|0x00000000e5600000, 0x00000000e5600000, 0x00000000e5700000|  0%| F|  |TAMS 0x00000000e5600000, 0x00000000e5600000| Untracked 
|  87|0x00000000e5700000, 0x00000000e5700000, 0x00000000e5800000|  0%| F|  |TAMS 0x00000000e5700000, 0x00000000e5700000| Untracked 
|  88|0x00000000e5800000, 0x00000000e5800000, 0x00000000e5900000|  0%| F|  |TAMS 0x00000000e5800000, 0x00000000e5800000| Untracked 
|  89|0x00000000e5900000, 0x00000000e5900000, 0x00000000e5a00000|  0%| F|  |TAMS 0x00000000e5900000, 0x00000000e5900000| Untracked 
|  90|0x00000000e5a00000, 0x00000000e5a00000, 0x00000000e5b00000|  0%| F|  |TAMS 0x00000000e5a00000, 0x00000000e5a00000| Untracked 
|  91|0x00000000e5b00000, 0x00000000e5b00000, 0x00000000e5c00000|  0%| F|  |TAMS 0x00000000e5b00000, 0x00000000e5b00000| Untracked 
|  92|0x00000000e5c00000, 0x00000000e5c00000, 0x00000000e5d00000|  0%| F|  |TAMS 0x00000000e5c00000, 0x00000000e5c00000| Untracked 
|  93|0x00000000e5d00000, 0x00000000e5d00000, 0x00000000e5e00000|  0%| F|  |TAMS 0x00000000e5d00000, 0x00000000e5d00000| Untracked 
|  94|0x00000000e5e00000, 0x00000000e5e00000, 0x00000000e5f00000|  0%| F|  |TAMS 0x00000000e5e00000, 0x00000000e5e00000| Untracked 
|  95|0x00000000e5f00000, 0x00000000e5f00000, 0x00000000e6000000|  0%| F|  |TAMS 0x00000000e5f00000, 0x00000000e5f00000| Untracked 
|  96|0x00000000e6000000, 0x00000000e6000000, 0x00000000e6100000|  0%| F|  |TAMS 0x00000000e6000000, 0x00000000e6000000| Untracked 
|  97|0x00000000e6100000, 0x00000000e6100000, 0x00000000e6200000|  0%| F|  |TAMS 0x00000000e6100000, 0x00000000e6100000| Untracked 
|  98|0x00000000e6200000, 0x00000000e6200000, 0x00000000e6300000|  0%| F|  |TAMS 0x00000000e6200000, 0x00000000e6200000| Untracked 
|  99|0x00000000e6300000, 0x00000000e6300000, 0x00000000e6400000|  0%| F|  |TAMS 0x00000000e6300000, 0x00000000e6300000| Untracked 
| 100|0x00000000e6400000, 0x00000000e6400000, 0x00000000e6500000|  0%| F|  |TAMS 0x00000000e6400000, 0x00000000e6400000| Untracked 
| 101|0x00000000e6500000, 0x00000000e6500000, 0x00000000e6600000|  0%| F|  |TAMS 0x00000000e6500000, 0x00000000e6500000| Untracked 
| 102|0x00000000e6600000, 0x00000000e6600000, 0x00000000e6700000|  0%| F|  |TAMS 0x00000000e6600000, 0x00000000e6600000| Untracked 
| 103|0x00000000e6700000, 0x00000000e6700000, 0x00000000e6800000|  0%| F|  |TAMS 0x00000000e6700000, 0x00000000e6700000| Untracked 
| 104|0x00000000e6800000, 0x00000000e6800000, 0x00000000e6900000|  0%| F|  |TAMS 0x00000000e6800000, 0x00000000e6800000| Untracked 
| 105|0x00000000e6900000, 0x00000000e6900000, 0x00000000e6a00000|  0%| F|  |TAMS 0x00000000e6900000, 0x00000000e6900000| Untracked 
| 106|0x00000000e6a00000, 0x00000000e6a00000, 0x00000000e6b00000|  0%| F|  |TAMS 0x00000000e6a00000, 0x00000000e6a00000| Untracked 
| 107|0x00000000e6b00000, 0x00000000e6b00000, 0x00000000e6c00000|  0%| F|  |TAMS 0x00000000e6b00000, 0x00000000e6b00000| Untracked 
| 108|0x00000000e6c00000, 0x00000000e6c00000, 0x00000000e6d00000|  0%| F|  |TAMS 0x00000000e6c00000, 0x00000000e6c00000| Untracked 
| 109|0x00000000e6d00000, 0x00000000e6d00000, 0x00000000e6e00000|  0%| F|  |TAMS 0x00000000e6d00000, 0x00000000e6d00000| Untracked 
| 110|0x00000000e6e00000, 0x00000000e6e00000, 0x00000000e6f00000|  0%| F|  |TAMS 0x00000000e6e00000, 0x00000000e6e00000| Untracked 
| 111|0x00000000e6f00000, 0x00000000e6f00000, 0x00000000e7000000|  0%| F|  |TAMS 0x00000000e6f00000, 0x00000000e6f00000| Untracked 
| 112|0x00000000e7000000, 0x00000000e7000000, 0x00000000e7100000|  0%| F|  |TAMS 0x00000000e7000000, 0x00000000e7000000| Untracked 
| 113|0x00000000e7100000, 0x00000000e7100000, 0x00000000e7200000|  0%| F|  |TAMS 0x00000000e7100000, 0x00000000e7100000| Untracked 
| 114|0x00000000e7200000, 0x00000000e7200000, 0x00000000e7300000|  0%| F|  |TAMS 0x00000000e7200000, 0x00000000e7200000| Untracked 
| 115|0x00000000e7300000, 0x00000000e7300000, 0x00000000e7400000|  0%| F|  |TAMS 0x00000000e7300000, 0x00000000e7300000| Untracked 
| 116|0x00000000e7400000, 0x00000000e7400000, 0x00000000e7500000|  0%| F|  |TAMS 0x00000000e7400000, 0x00000000e7400000| Untracked 
| 117|0x00000000e7500000, 0x00000000e7500000, 0x00000000e7600000|  0%| F|  |TAMS 0x00000000e7500000, 0x00000000e7500000| Untracked 
| 118|0x00000000e7600000, 0x00000000e7600000, 0x00000000e7700000|  0%| F|  |TAMS 0x00000000e7600000, 0x00000000e7600000| Untracked 
| 119|0x00000000e7700000, 0x00000000e7700000, 0x00000000e7800000|  0%| F|  |TAMS 0x00000000e7700000, 0x00000000e7700000| Untracked 
| 120|0x00000000e7800000, 0x00000000e7800000, 0x00000000e7900000|  0%| F|  |TAMS 0x00000000e7800000, 0x00000000e7800000| Untracked 
| 121|0x00000000e7900000, 0x00000000e7900000, 0x00000000e7a00000|  0%| F|  |TAMS 0x00000000e7900000, 0x00000000e7900000| Untracked 
| 122|0x00000000e7a00000, 0x00000000e7a00000, 0x00000000e7b00000|  0%| F|  |TAMS 0x00000000e7a00000, 0x00000000e7a00000| Untracked 
| 123|0x00000000e7b00000, 0x00000000e7b00000, 0x00000000e7c00000|  0%| F|  |TAMS 0x00000000e7b00000, 0x00000000e7b00000| Untracked 
| 124|0x00000000e7c00000, 0x00000000e7c00000, 0x00000000e7d00000|  0%| F|  |TAMS 0x00000000e7c00000, 0x00000000e7c00000| Untracked 
| 125|0x00000000e7d00000, 0x00000000e7d00000, 0x00000000e7e00000|  0%| F|  |TAMS 0x00000000e7d00000, 0x00000000e7d00000| Untracked 
| 126|0x00000000e7e00000, 0x00000000e7e00000, 0x00000000e7f00000|  0%| F|  |TAMS 0x00000000e7e00000, 0x00000000e7e00000| Untracked 
| 127|0x00000000e7f00000, 0x00000000e7f00000, 0x00000000e8000000|  0%| F|  |TAMS 0x00000000e7f00000, 0x00000000e7f00000| Untracked 
| 128|0x00000000e8000000, 0x00000000e8000000, 0x00000000e8100000|  0%| F|  |TAMS 0x00000000e8000000, 0x00000000e8000000| Untracked 
| 129|0x00000000e8100000, 0x00000000e8100000, 0x00000000e8200000|  0%| F|  |TAMS 0x00000000e8100000, 0x00000000e8100000| Untracked 
| 130|0x00000000e8200000, 0x00000000e8200000, 0x00000000e8300000|  0%| F|  |TAMS 0x00000000e8200000, 0x00000000e8200000| Untracked 
| 131|0x00000000e8300000, 0x00000000e8300000, 0x00000000e8400000|  0%| F|  |TAMS 0x00000000e8300000, 0x00000000e8300000| Untracked 
| 132|0x00000000e8400000, 0x00000000e8400000, 0x00000000e8500000|  0%| F|  |TAMS 0x00000000e8400000, 0x00000000e8400000| Untracked 
| 133|0x00000000e8500000, 0x00000000e8500000, 0x00000000e8600000|  0%| F|  |TAMS 0x00000000e8500000, 0x00000000e8500000| Untracked 
| 134|0x00000000e8600000, 0x00000000e8600000, 0x00000000e8700000|  0%| F|  |TAMS 0x00000000e8600000, 0x00000000e8600000| Untracked 
| 135|0x00000000e8700000, 0x00000000e8700000, 0x00000000e8800000|  0%| F|  |TAMS 0x00000000e8700000, 0x00000000e8700000| Untracked 
| 136|0x00000000e8800000, 0x00000000e8800000, 0x00000000e8900000|  0%| F|  |TAMS 0x00000000e8800000, 0x00000000e8800000| Untracked 
| 137|0x00000000e8900000, 0x00000000e8900000, 0x00000000e8a00000|  0%| F|  |TAMS 0x00000000e8900000, 0x00000000e8900000| Untracked 
| 138|0x00000000e8a00000, 0x00000000e8a00000, 0x00000000e8b00000|  0%| F|  |TAMS 0x00000000e8a00000, 0x00000000e8a00000| Untracked 
| 139|0x00000000e8b00000, 0x00000000e8b00000, 0x00000000e8c00000|  0%| F|  |TAMS 0x00000000e8b00000, 0x00000000e8b00000| Untracked 
| 140|0x00000000e8c00000, 0x00000000e8c00000, 0x00000000e8d00000|  0%| F|  |TAMS 0x00000000e8c00000, 0x00000000e8c00000| Untracked 
| 141|0x00000000e8d00000, 0x00000000e8d00000, 0x00000000e8e00000|  0%| F|  |TAMS 0x00000000e8d00000, 0x00000000e8d00000| Untracked 
| 142|0x00000000e8e00000, 0x00000000e8e00000, 0x00000000e8f00000|  0%| F|  |TAMS 0x00000000e8e00000, 0x00000000e8e00000| Untracked 
| 143|0x00000000e8f00000, 0x00000000e8f00000, 0x00000000e9000000|  0%| F|  |TAMS 0x00000000e8f00000, 0x00000000e8f00000| Untracked 
| 144|0x00000000e9000000, 0x00000000e9000000, 0x00000000e9100000|  0%| F|  |TAMS 0x00000000e9000000, 0x00000000e9000000| Untracked 
| 145|0x00000000e9100000, 0x00000000e9100000, 0x00000000e9200000|  0%| F|  |TAMS 0x00000000e9100000, 0x00000000e9100000| Untracked 
| 146|0x00000000e9200000, 0x00000000e9200000, 0x00000000e9300000|  0%| F|  |TAMS 0x00000000e9200000, 0x00000000e9200000| Untracked 
| 147|0x00000000e9300000, 0x00000000e9300000, 0x00000000e9400000|  0%| F|  |TAMS 0x00000000e9300000, 0x00000000e9300000| Untracked 
| 148|0x00000000e9400000, 0x00000000e9400000, 0x00000000e9500000|  0%| F|  |TAMS 0x00000000e9400000, 0x00000000e9400000| Untracked 
| 149|0x00000000e9500000, 0x00000000e9500000, 0x00000000e9600000|  0%| F|  |TAMS 0x00000000e9500000, 0x00000000e9500000| Untracked 
| 150|0x00000000e9600000, 0x00000000e9600000, 0x00000000e9700000|  0%| F|  |TAMS 0x00000000e9600000, 0x00000000e9600000| Untracked 
| 151|0x00000000e9700000, 0x00000000e9700000, 0x00000000e9800000|  0%| F|  |TAMS 0x00000000e9700000, 0x00000000e9700000| Untracked 
| 152|0x00000000e9800000, 0x00000000e9800000, 0x00000000e9900000|  0%| F|  |TAMS 0x00000000e9800000, 0x00000000e9800000| Untracked 
| 153|0x00000000e9900000, 0x00000000e9900000, 0x00000000e9a00000|  0%| F|  |TAMS 0x00000000e9900000, 0x00000000e9900000| Untracked 
| 154|0x00000000e9a00000, 0x00000000e9a00000, 0x00000000e9b00000|  0%| F|  |TAMS 0x00000000e9a00000, 0x00000000e9a00000| Untracked 
| 155|0x00000000e9b00000, 0x00000000e9b00000, 0x00000000e9c00000|  0%| F|  |TAMS 0x00000000e9b00000, 0x00000000e9b00000| Untracked 
| 156|0x00000000e9c00000, 0x00000000e9c00000, 0x00000000e9d00000|  0%| F|  |TAMS 0x00000000e9c00000, 0x00000000e9c00000| Untracked 
| 157|0x00000000e9d00000, 0x00000000e9d00000, 0x00000000e9e00000|  0%| F|  |TAMS 0x00000000e9d00000, 0x00000000e9d00000| Untracked 
| 158|0x00000000e9e00000, 0x00000000e9e00000, 0x00000000e9f00000|  0%| F|  |TAMS 0x00000000e9e00000, 0x00000000e9e00000| Untracked 
| 159|0x00000000e9f00000, 0x00000000e9f00000, 0x00000000ea000000|  0%| F|  |TAMS 0x00000000e9f00000, 0x00000000e9f00000| Untracked 
| 160|0x00000000ea000000, 0x00000000ea000000, 0x00000000ea100000|  0%| F|  |TAMS 0x00000000ea000000, 0x00000000ea000000| Untracked 
| 161|0x00000000ea100000, 0x00000000ea100000, 0x00000000ea200000|  0%| F|  |TAMS 0x00000000ea100000, 0x00000000ea100000| Untracked 
| 162|0x00000000ea200000, 0x00000000ea200000, 0x00000000ea300000|  0%| F|  |TAMS 0x00000000ea200000, 0x00000000ea200000| Untracked 
| 163|0x00000000ea300000, 0x00000000ea300000, 0x00000000ea400000|  0%| F|  |TAMS 0x00000000ea300000, 0x00000000ea300000| Untracked 
| 164|0x00000000ea400000, 0x00000000ea400000, 0x00000000ea500000|  0%| F|  |TAMS 0x00000000ea400000, 0x00000000ea400000| Untracked 
| 165|0x00000000ea500000, 0x00000000ea500000, 0x00000000ea600000|  0%| F|  |TAMS 0x00000000ea500000, 0x00000000ea500000| Untracked 
| 166|0x00000000ea600000, 0x00000000ea600000, 0x00000000ea700000|  0%| F|  |TAMS 0x00000000ea600000, 0x00000000ea600000| Untracked 
| 167|0x00000000ea700000, 0x00000000ea700000, 0x00000000ea800000|  0%| F|  |TAMS 0x00000000ea700000, 0x00000000ea700000| Untracked 
| 168|0x00000000ea800000, 0x00000000ea800000, 0x00000000ea900000|  0%| F|  |TAMS 0x00000000ea800000, 0x00000000ea800000| Untracked 
| 169|0x00000000ea900000, 0x00000000ea900000, 0x00000000eaa00000|  0%| F|  |TAMS 0x00000000ea900000, 0x00000000ea900000| Untracked 
| 170|0x00000000eaa00000, 0x00000000eaa00000, 0x00000000eab00000|  0%| F|  |TAMS 0x00000000eaa00000, 0x00000000eaa00000| Untracked 
| 171|0x00000000eab00000, 0x00000000eab00000, 0x00000000eac00000|  0%| F|  |TAMS 0x00000000eab00000, 0x00000000eab00000| Untracked 
| 172|0x00000000eac00000, 0x00000000eac00000, 0x00000000ead00000|  0%| F|  |TAMS 0x00000000eac00000, 0x00000000eac00000| Untracked 
| 173|0x00000000ead00000, 0x00000000ead00000, 0x00000000eae00000|  0%| F|  |TAMS 0x00000000ead00000, 0x00000000ead00000| Untracked 
| 174|0x00000000eae00000, 0x00000000eae00000, 0x00000000eaf00000|  0%| F|  |TAMS 0x00000000eae00000, 0x00000000eae00000| Untracked 
| 175|0x00000000eaf00000, 0x00000000eaf00000, 0x00000000eb000000|  0%| F|  |TAMS 0x00000000eaf00000, 0x00000000eaf00000| Untracked 
| 176|0x00000000eb000000, 0x00000000eb000000, 0x00000000eb100000|  0%| F|  |TAMS 0x00000000eb000000, 0x00000000eb000000| Untracked 
| 177|0x00000000eb100000, 0x00000000eb100000, 0x00000000eb200000|  0%| F|  |TAMS 0x00000000eb100000, 0x00000000eb100000| Untracked 
| 178|0x00000000eb200000, 0x00000000eb200000, 0x00000000eb300000|  0%| F|  |TAMS 0x00000000eb200000, 0x00000000eb200000| Untracked 
| 179|0x00000000eb300000, 0x00000000eb300000, 0x00000000eb400000|  0%| F|  |TAMS 0x00000000eb300000, 0x00000000eb300000| Untracked 
| 180|0x00000000eb400000, 0x00000000eb400000, 0x00000000eb500000|  0%| F|  |TAMS 0x00000000eb400000, 0x00000000eb400000| Untracked 
| 181|0x00000000eb500000, 0x00000000eb500000, 0x00000000eb600000|  0%| F|  |TAMS 0x00000000eb500000, 0x00000000eb500000| Untracked 
| 182|0x00000000eb600000, 0x00000000eb600000, 0x00000000eb700000|  0%| F|  |TAMS 0x00000000eb600000, 0x00000000eb600000| Untracked 
| 183|0x00000000eb700000, 0x00000000eb700000, 0x00000000eb800000|  0%| F|  |TAMS 0x00000000eb700000, 0x00000000eb700000| Untracked 
| 184|0x00000000eb800000, 0x00000000eb800000, 0x00000000eb900000|  0%| F|  |TAMS 0x00000000eb800000, 0x00000000eb800000| Untracked 
| 185|0x00000000eb900000, 0x00000000eb900000, 0x00000000eba00000|  0%| F|  |TAMS 0x00000000eb900000, 0x00000000eb900000| Untracked 
| 186|0x00000000eba00000, 0x00000000eba00000, 0x00000000ebb00000|  0%| F|  |TAMS 0x00000000eba00000, 0x00000000eba00000| Untracked 
| 187|0x00000000ebb00000, 0x00000000ebb00000, 0x00000000ebc00000|  0%| F|  |TAMS 0x00000000ebb00000, 0x00000000ebb00000| Untracked 
| 188|0x00000000ebc00000, 0x00000000ebc00000, 0x00000000ebd00000|  0%| F|  |TAMS 0x00000000ebc00000, 0x00000000ebc00000| Untracked 
| 189|0x00000000ebd00000, 0x00000000ebd00000, 0x00000000ebe00000|  0%| F|  |TAMS 0x00000000ebd00000, 0x00000000ebd00000| Untracked 
| 190|0x00000000ebe00000, 0x00000000ebe00000, 0x00000000ebf00000|  0%| F|  |TAMS 0x00000000ebe00000, 0x00000000ebe00000| Untracked 
| 191|0x00000000ebf00000, 0x00000000ebf00000, 0x00000000ec000000|  0%| F|  |TAMS 0x00000000ebf00000, 0x00000000ebf00000| Untracked 
| 192|0x00000000ec000000, 0x00000000ec000000, 0x00000000ec100000|  0%| F|  |TAMS 0x00000000ec000000, 0x00000000ec000000| Untracked 
| 193|0x00000000ec100000, 0x00000000ec100000, 0x00000000ec200000|  0%| F|  |TAMS 0x00000000ec100000, 0x00000000ec100000| Untracked 
| 194|0x00000000ec200000, 0x00000000ec200000, 0x00000000ec300000|  0%| F|  |TAMS 0x00000000ec200000, 0x00000000ec200000| Untracked 
| 195|0x00000000ec300000, 0x00000000ec300000, 0x00000000ec400000|  0%| F|  |TAMS 0x00000000ec300000, 0x00000000ec300000| Untracked 
| 196|0x00000000ec400000, 0x00000000ec400000, 0x00000000ec500000|  0%| F|  |TAMS 0x00000000ec400000, 0x00000000ec400000| Untracked 
| 197|0x00000000ec500000, 0x00000000ec500000, 0x00000000ec600000|  0%| F|  |TAMS 0x00000000ec500000, 0x00000000ec500000| Untracked 
| 198|0x00000000ec600000, 0x00000000ec600000, 0x00000000ec700000|  0%| F|  |TAMS 0x00000000ec600000, 0x00000000ec600000| Untracked 
| 199|0x00000000ec700000, 0x00000000ec700000, 0x00000000ec800000|  0%| F|  |TAMS 0x00000000ec700000, 0x00000000ec700000| Untracked 
| 200|0x00000000ec800000, 0x00000000ec800000, 0x00000000ec900000|  0%| F|  |TAMS 0x00000000ec800000, 0x00000000ec800000| Untracked 
| 201|0x00000000ec900000, 0x00000000ec900000, 0x00000000eca00000|  0%| F|  |TAMS 0x00000000ec900000, 0x00000000ec900000| Untracked 
| 202|0x00000000eca00000, 0x00000000eca00000, 0x00000000ecb00000|  0%| F|  |TAMS 0x00000000eca00000, 0x00000000eca00000| Untracked 
| 203|0x00000000ecb00000, 0x00000000ecb00000, 0x00000000ecc00000|  0%| F|  |TAMS 0x00000000ecb00000, 0x00000000ecb00000| Untracked 
| 204|0x00000000ecc00000, 0x00000000ecc00000, 0x00000000ecd00000|  0%| F|  |TAMS 0x00000000ecc00000, 0x00000000ecc00000| Untracked 
| 205|0x00000000ecd00000, 0x00000000ecd00000, 0x00000000ece00000|  0%| F|  |TAMS 0x00000000ecd00000, 0x00000000ecd00000| Untracked 
| 206|0x00000000ece00000, 0x00000000ece00000, 0x00000000ecf00000|  0%| F|  |TAMS 0x00000000ece00000, 0x00000000ece00000| Untracked 
| 207|0x00000000ecf00000, 0x00000000ecf00000, 0x00000000ed000000|  0%| F|  |TAMS 0x00000000ecf00000, 0x00000000ecf00000| Untracked 
| 208|0x00000000ed000000, 0x00000000ed000000, 0x00000000ed100000|  0%| F|  |TAMS 0x00000000ed000000, 0x00000000ed000000| Untracked 
| 209|0x00000000ed100000, 0x00000000ed100000, 0x00000000ed200000|  0%| F|  |TAMS 0x00000000ed100000, 0x00000000ed100000| Untracked 
| 210|0x00000000ed200000, 0x00000000ed200000, 0x00000000ed300000|  0%| F|  |TAMS 0x00000000ed200000, 0x00000000ed200000| Untracked 
| 211|0x00000000ed300000, 0x00000000ed300000, 0x00000000ed400000|  0%| F|  |TAMS 0x00000000ed300000, 0x00000000ed300000| Untracked 
| 212|0x00000000ed400000, 0x00000000ed500000, 0x00000000ed500000|100%| S|CS|TAMS 0x00000000ed400000, 0x00000000ed400000| Complete 
| 213|0x00000000ed500000, 0x00000000ed600000, 0x00000000ed600000|100%| S|CS|TAMS 0x00000000ed500000, 0x00000000ed500000| Complete 
| 214|0x00000000ed600000, 0x00000000ed700000, 0x00000000ed700000|100%| S|CS|TAMS 0x00000000ed600000, 0x00000000ed600000| Complete 
| 215|0x00000000ed700000, 0x00000000ed700000, 0x00000000ed800000|  0%| F|  |TAMS 0x00000000ed700000, 0x00000000ed700000| Untracked 
| 216|0x00000000ed800000, 0x00000000ed800000, 0x00000000ed900000|  0%| F|  |TAMS 0x00000000ed800000, 0x00000000ed800000| Untracked 
| 217|0x00000000ed900000, 0x00000000ed900000, 0x00000000eda00000|  0%| F|  |TAMS 0x00000000ed900000, 0x00000000ed900000| Untracked 
| 218|0x00000000eda00000, 0x00000000eda00000, 0x00000000edb00000|  0%| F|  |TAMS 0x00000000eda00000, 0x00000000eda00000| Untracked 
| 219|0x00000000edb00000, 0x00000000edb00000, 0x00000000edc00000|  0%| F|  |TAMS 0x00000000edb00000, 0x00000000edb00000| Untracked 
| 220|0x00000000edc00000, 0x00000000edc788c0, 0x00000000edd00000| 47%| E|  |TAMS 0x00000000edc00000, 0x00000000edc00000| Complete 
| 221|0x00000000edd00000, 0x00000000ede00000, 0x00000000ede00000|100%| E|CS|TAMS 0x00000000edd00000, 0x00000000edd00000| Complete 
| 222|0x00000000ede00000, 0x00000000edf00000, 0x00000000edf00000|100%| E|CS|TAMS 0x00000000ede00000, 0x00000000ede00000| Complete 
| 223|0x00000000edf00000, 0x00000000ee000000, 0x00000000ee000000|100%| E|CS|TAMS 0x00000000edf00000, 0x00000000edf00000| Complete 
| 224|0x00000000ee000000, 0x00000000ee100000, 0x00000000ee100000|100%| E|CS|TAMS 0x00000000ee000000, 0x00000000ee000000| Complete 
| 225|0x00000000ee100000, 0x00000000ee200000, 0x00000000ee200000|100%| E|CS|TAMS 0x00000000ee100000, 0x00000000ee100000| Complete 
| 226|0x00000000ee200000, 0x00000000ee300000, 0x00000000ee300000|100%| E|CS|TAMS 0x00000000ee200000, 0x00000000ee200000| Complete 
| 227|0x00000000ee300000, 0x00000000ee400000, 0x00000000ee400000|100%| E|CS|TAMS 0x00000000ee300000, 0x00000000ee300000| Complete 
| 228|0x00000000ee400000, 0x00000000ee500000, 0x00000000ee500000|100%| E|CS|TAMS 0x00000000ee400000, 0x00000000ee400000| Complete 
| 229|0x00000000ee500000, 0x00000000ee600000, 0x00000000ee600000|100%| E|CS|TAMS 0x00000000ee500000, 0x00000000ee500000| Complete 
| 230|0x00000000ee600000, 0x00000000ee700000, 0x00000000ee700000|100%| E|CS|TAMS 0x00000000ee600000, 0x00000000ee600000| Complete 
| 231|0x00000000ee700000, 0x00000000ee800000, 0x00000000ee800000|100%| E|CS|TAMS 0x00000000ee700000, 0x00000000ee700000| Complete 
| 232|0x00000000ee800000, 0x00000000ee900000, 0x00000000ee900000|100%| E|CS|TAMS 0x00000000ee800000, 0x00000000ee800000| Complete 
| 233|0x00000000ee900000, 0x00000000eea00000, 0x00000000eea00000|100%| E|CS|TAMS 0x00000000ee900000, 0x00000000ee900000| Complete 
| 234|0x00000000eea00000, 0x00000000eeb00000, 0x00000000eeb00000|100%| E|CS|TAMS 0x00000000eea00000, 0x00000000eea00000| Complete 
| 235|0x00000000eeb00000, 0x00000000eec00000, 0x00000000eec00000|100%| E|CS|TAMS 0x00000000eeb00000, 0x00000000eeb00000| Complete 
| 236|0x00000000eec00000, 0x00000000eed00000, 0x00000000eed00000|100%| E|CS|TAMS 0x00000000eec00000, 0x00000000eec00000| Complete 
| 237|0x00000000eed00000, 0x00000000eee00000, 0x00000000eee00000|100%| E|CS|TAMS 0x00000000eed00000, 0x00000000eed00000| Complete 

Card table byte_map: [0x00000148eda10000,0x00000148edb10000] _byte_map_base: 0x00000148ed310000

Marking Bits (Prev, Next): (CMBitMap*) 0x00000148d49e9f80, (CMBitMap*) 0x00000148d49e9fc0
 Prev Bits: [0x00000148edc10000, 0x00000148ee410000)
 Next Bits: [0x00000148ee410000, 0x00000148eec10000)

Polling page: 0x00000148ddc60000

Metaspace:

Usage:
  Non-class:      8.35 MB used.
      Class:      1.28 MB used.
       Both:      9.64 MB used.

Virtual space:
  Non-class space:       16.00 MB reserved,       8.44 MB ( 53%) committed,  2 nodes.
      Class space:        1.00 GB reserved,       1.38 MB ( <1%) committed,  1 nodes.
             Both:        1.02 GB reserved,       9.81 MB ( <1%) committed. 

Chunk freelists:
   Non-Class:  3.52 MB
       Class:  2.56 MB
        Both:  6.08 MB

MaxMetaspaceSize: unlimited
CompressedClassSpaceSize: 1.00 GB
Initial GC threshold: 21.00 MB
Current GC threshold: 21.00 MB
CDS: on
MetaspaceReclaimPolicy: balanced
 - commit_granule_bytes: 65536.
 - commit_granule_words: 8192.
 - virtual_space_node_default_size: 1048576.
 - enlarge_chunks_in_place: 1.
 - new_chunks_are_fully_committed: 0.
 - uncommit_free_chunks: 1.
 - use_allocation_guard: 0.
 - handle_deallocations: 1.


Internal statistics:

num_allocs_failed_limit: 0.
num_arena_births: 154.
num_arena_deaths: 0.
num_vsnodes_births: 3.
num_vsnodes_deaths: 0.
num_space_committed: 157.
num_space_uncommitted: 0.
num_chunks_returned_to_freelist: 0.
num_chunks_taken_from_freelist: 493.
num_chunk_merges: 0.
num_chunk_splits: 275.
num_chunks_enlarged: 171.
num_purges: 0.
num_inconsistent_stats: 0.

CodeHeap 'non-profiled nmethods': size=120000Kb used=573Kb max_used=573Kb free=119426Kb
 bounds [0x00000148e5750000, 0x00000148e59c0000, 0x00000148ecc80000]
CodeHeap 'profiled nmethods': size=120000Kb used=3120Kb max_used=3120Kb free=116879Kb
 bounds [0x00000148de220000, 0x00000148de530000, 0x00000148e5750000]
CodeHeap 'non-nmethods': size=5760Kb used=1167Kb max_used=1192Kb free=4593Kb
 bounds [0x00000148ddc80000, 0x00000148ddef0000, 0x00000148de220000]
 total_blobs=2000 nmethods=1538 adapters=374
 compilation: enabled
              stopped_count=0, restarted_count=0
 full_count=0

Compilation events (20 events):
Event: 0.799 Thread 0x00000148f18bb8a0 1504       3       java.lang.reflect.Array::newInstance (6 bytes)
Event: 0.799 Thread 0x00000148f18bb8a0 nmethod 1504 0x00000148de510010 code [0x00000148de5101a0, 0x00000148de5102a8]
Event: 0.800 Thread 0x00000148f18bb8a0 1505       3       java.lang.StringBuilder::toString (35 bytes)
Event: 0.800 Thread 0x00000148f18bb8a0 nmethod 1505 0x00000148de510390 code [0x00000148de510560, 0x00000148de510838]
Event: 0.800 Thread 0x00000148f18bb8a0 1506       3       java.util.HashMap::hash (20 bytes)
Event: 0.800 Thread 0x00000148f18bb8a0 nmethod 1506 0x00000148de510910 code [0x00000148de510ac0, 0x00000148de510cc8]
Event: 0.800 Thread 0x00000148f18bb8a0 1507       3       java.util.LinkedHashMap$LinkedHashIterator::<init> (31 bytes)
Event: 0.800 Thread 0x00000148f18bb8a0 nmethod 1507 0x00000148de510d90 code [0x00000148de510f40, 0x00000148de511198]
Event: 0.800 Thread 0x00000148f18bb8a0 1508       3       jdk.internal.org.objectweb.asm.FieldWriter::computeFieldInfoSize (86 bytes)
Event: 0.801 Thread 0x00000148f18bb8a0 nmethod 1508 0x00000148de511290 code [0x00000148de511460, 0x00000148de511738]
Event: 0.801 Thread 0x00000148f18bb8a0 1509       3       jdk.internal.org.objectweb.asm.FieldWriter::putFieldInfo (269 bytes)
Event: 0.801 Thread 0x00000148f18bb8a0 nmethod 1509 0x00000148de511890 code [0x00000148de511b00, 0x00000148de512448]
Event: 0.802 Thread 0x00000148f18b74d0 1510       4       java.lang.ClassLoader::checkName (37 bytes)
Event: 0.803 Thread 0x00000148f2d54020 1511       4       java.lang.String::indexOf (64 bytes)
Event: 0.804 Thread 0x00000148f18b74d0 nmethod 1510 0x00000148e57dc910 code [0x00000148e57dcaa0, 0x00000148e57dccb8]
Event: 0.804 Thread 0x00000148f18b74d0 1512       4       java.lang.AbstractStringBuilder::putStringAt (12 bytes)
Event: 0.804 Thread 0x00000148f2d54020 nmethod 1511 0x00000148e57dce90 code [0x00000148e57dd000, 0x00000148e57dd238]
Event: 0.806 Thread 0x00000148f18bb8a0 1513       3       java.util.Calendar::internalSet (8 bytes)
Event: 0.806 Thread 0x00000148f18bb8a0 nmethod 1513 0x00000148de512790 code [0x00000148de512920, 0x00000148de512a58]
Event: 0.806 Thread 0x00000148f18b74d0 nmethod 1512 0x00000148e57dd310 code [0x00000148e57dd4a0, 0x00000148e57dd7a8]

GC Heap History (2 events):
Event: 0.527 GC heap before
{Heap before GC invocations=0 (full 0):
 garbage-first heap   total 243712K, used 23552K [0x00000000e0000000, 0x0000000100000000)
  region size 1024K, 23 young (23552K), 0 survivors (0K)
 Metaspace       used 6009K, committed 6272K, reserved 1056768K
  class space    used 770K, committed 896K, reserved 1048576K
}
Event: 0.531 GC heap after
{Heap after GC invocations=1 (full 0):
 garbage-first heap   total 243712K, used 9672K [0x00000000e0000000, 0x0000000100000000)
  region size 1024K, 3 young (3072K), 3 survivors (3072K)
 Metaspace       used 6009K, committed 6272K, reserved 1056768K
  class space    used 770K, committed 896K, reserved 1048576K
}

Deoptimization events (20 events):
Event: 0.783 Thread 0x00000148d49b6f80 Uncommon trap: trap_request=0xffffff45 fr.pc=0x00000148e5791918 relative=0x0000000000000098
Event: 0.783 Thread 0x00000148d49b6f80 Uncommon trap: reason=unstable_if action=reinterpret pc=0x00000148e5791918 method=java.util.HashMap.hash(Ljava/lang/Object;)I @ 1 c2
Event: 0.783 Thread 0x00000148d49b6f80 DEOPT PACKING pc=0x00000148e5791918 sp=0x00000008bb7fb790
Event: 0.783 Thread 0x00000148d49b6f80 DEOPT UNPACKING pc=0x00000148ddcd23a3 sp=0x00000008bb7fb728 mode 2
Event: 0.784 Thread 0x00000148d49b6f80 Uncommon trap: trap_request=0xffffffde fr.pc=0x00000148e5773fa4 relative=0x00000000000001a4
Event: 0.784 Thread 0x00000148d49b6f80 Uncommon trap: reason=class_check action=maybe_recompile pc=0x00000148e5773fa4 method=java.lang.String.equals(Ljava/lang/Object;)Z @ 8 c2
Event: 0.784 Thread 0x00000148d49b6f80 DEOPT PACKING pc=0x00000148e5773fa4 sp=0x00000008bb7fbfb0
Event: 0.784 Thread 0x00000148d49b6f80 DEOPT UNPACKING pc=0x00000148ddcd23a3 sp=0x00000008bb7fbf58 mode 2
Event: 0.786 Thread 0x00000148d49b6f80 Uncommon trap: trap_request=0xffffffde fr.pc=0x00000148e5773fa4 relative=0x00000000000001a4
Event: 0.786 Thread 0x00000148d49b6f80 Uncommon trap: reason=class_check action=maybe_recompile pc=0x00000148e5773fa4 method=java.lang.String.equals(Ljava/lang/Object;)Z @ 8 c2
Event: 0.786 Thread 0x00000148d49b6f80 DEOPT PACKING pc=0x00000148e5773fa4 sp=0x00000008bb7fbfb0
Event: 0.786 Thread 0x00000148d49b6f80 DEOPT UNPACKING pc=0x00000148ddcd23a3 sp=0x00000008bb7fbf58 mode 2
Event: 0.789 Thread 0x00000148d49b6f80 Uncommon trap: trap_request=0xffffffde fr.pc=0x00000148e5773fa4 relative=0x00000000000001a4
Event: 0.789 Thread 0x00000148d49b6f80 Uncommon trap: reason=class_check action=maybe_recompile pc=0x00000148e5773fa4 method=java.lang.String.equals(Ljava/lang/Object;)Z @ 8 c2
Event: 0.789 Thread 0x00000148d49b6f80 DEOPT PACKING pc=0x00000148e5773fa4 sp=0x00000008bb7fbed0
Event: 0.789 Thread 0x00000148d49b6f80 DEOPT UNPACKING pc=0x00000148ddcd23a3 sp=0x00000008bb7fbe78 mode 2
Event: 0.789 Thread 0x00000148d49b6f80 Uncommon trap: trap_request=0xffffffde fr.pc=0x00000148e5773fa4 relative=0x00000000000001a4
Event: 0.789 Thread 0x00000148d49b6f80 Uncommon trap: reason=class_check action=maybe_recompile pc=0x00000148e5773fa4 method=java.lang.String.equals(Ljava/lang/Object;)Z @ 8 c2
Event: 0.789 Thread 0x00000148d49b6f80 DEOPT PACKING pc=0x00000148e5773fa4 sp=0x00000008bb7fbed0
Event: 0.789 Thread 0x00000148d49b6f80 DEOPT UNPACKING pc=0x00000148ddcd23a3 sp=0x00000008bb7fbe78 mode 2

Classes unloaded (0 events):
No events

Classes redefined (0 events):
No events

Internal exceptions (20 events):
Event: 0.617 Thread 0x00000148d49b6f80 Exception <a 'java/lang/IncompatibleClassChangeError'{0x00000000ee9d8718}: Found class java.lang.Object, but interface was expected> (0x00000000ee9d8718) 
thrown [c:\wsjdk\corretto17src\installers\windows\zip\corretto-build\buildroot\src\hotspot\share\interpreter\linkResolver.cpp, line 833]
Event: 0.621 Thread 0x00000148d49b6f80 Exception <a 'java/lang/IncompatibleClassChangeError'{0x00000000ee80a398}: Found class java.lang.Object, but interface was expected> (0x00000000ee80a398) 
thrown [c:\wsjdk\corretto17src\installers\windows\zip\corretto-build\buildroot\src\hotspot\share\interpreter\linkResolver.cpp, line 833]
Event: 0.629 Thread 0x00000148d49b6f80 Exception <a 'java/lang/NoSuchMethodError'{0x00000000ee881f28}: 'void java.lang.invoke.DirectMethodHandle$Holder.invokeSpecial(java.lang.Object, java.lang.Object, java.lang.Object, java.lang.Object, java.lang.Object)'> (0x00000000ee881f28) 
thrown [c:\wsjdk\corretto17src\installers\windows\zip\corretto-build\buildroot\src\hotspot\share\interpreter\linkResolver.cpp, line 766]
Event: 0.640 Thread 0x00000148d49b6f80 Exception <a 'java/lang/NoSuchMethodError'{0x00000000ee717dd8}: 'void java.lang.invoke.DirectMethodHandle$Holder.invokeInterface(java.lang.Object, java.lang.Object, java.lang.Object, java.lang.Object)'> (0x00000000ee717dd8) 
thrown [c:\wsjdk\corretto17src\installers\windows\zip\corretto-build\buildroot\src\hotspot\share\interpreter\linkResolver.cpp, line 766]
Event: 0.640 Thread 0x00000148d49b6f80 Exception <a 'java/lang/IncompatibleClassChangeError'{0x00000000ee71b9a8}: Found class java.lang.Object, but interface was expected> (0x00000000ee71b9a8) 
thrown [c:\wsjdk\corretto17src\installers\windows\zip\corretto-build\buildroot\src\hotspot\share\interpreter\linkResolver.cpp, line 833]
Event: 0.642 Thread 0x00000148d49b6f80 Exception <a 'java/lang/NoSuchMethodError'{0x00000000ee734bf0}: 'void java.lang.invoke.DirectMethodHandle$Holder.invokeStatic(java.lang.Object, java.lang.Object, java.lang.Object, java.lang.Object)'> (0x00000000ee734bf0) 
thrown [c:\wsjdk\corretto17src\installers\windows\zip\corretto-build\buildroot\src\hotspot\share\interpreter\linkResolver.cpp, line 766]
Event: 0.649 Thread 0x00000148d49b6f80 Exception <a 'java/lang/NoSuchMethodError'{0x00000000ee7b2fa0}: 'int java.lang.invoke.DirectMethodHandle$Holder.invokeStatic(java.lang.Object, java.lang.Object, java.lang.Object, java.lang.Object)'> (0x00000000ee7b2fa0) 
thrown [c:\wsjdk\corretto17src\installers\windows\zip\corretto-build\buildroot\src\hotspot\share\interpreter\linkResolver.cpp, line 766]
Event: 0.649 Thread 0x00000148d49b6f80 Exception <a 'java/lang/NoSuchMethodError'{0x00000000ee7b6920}: 'java.lang.Object java.lang.invoke.Invokers$Holder.invokeExact_MT(java.lang.Object, java.lang.Object, java.lang.Object, java.lang.Object, java.lang.Object, java.lang.Object)'> (0x00000000ee7b6920) 
thrown [c:\wsjdk\corretto17src\installers\windows\zip\corretto-build\buildroot\src\hotspot\share\interpreter\linkResolver.cpp, line 766]
Event: 0.650 Thread 0x00000148d49b6f80 Exception <a 'java/lang/NoSuchMethodError'{0x00000000ee7c61d0}: 'int java.lang.invoke.DirectMethodHandle$Holder.invokeStatic(java.lang.Object, java.lang.Object, java.lang.Object, java.lang.Object, java.lang.Object)'> (0x00000000ee7c61d0) 
thrown [c:\wsjdk\corretto17src\installers\windows\zip\corretto-build\buildroot\src\hotspot\share\interpreter\linkResolver.cpp, line 766]
Event: 0.656 Thread 0x00000148d49b6f80 Exception <a 'java/lang/NoSuchMethodError'{0x00000000ee61e4a8}: 'void java.lang.invoke.DirectMethodHandle$Holder.invokeStaticInit(java.lang.Object)'> (0x00000000ee61e4a8) 
thrown [c:\wsjdk\corretto17src\installers\windows\zip\corretto-build\buildroot\src\hotspot\share\interpreter\linkResolver.cpp, line 766]
Event: 0.670 Thread 0x00000148d49b6f80 Exception <a 'java/lang/NoSuchMethodError'{0x00000000ee6fde48}: 'java.lang.Object java.lang.invoke.DirectMethodHandle$Holder.newInvokeSpecial(java.lang.Object, java.lang.Object, int)'> (0x00000000ee6fde48) 
thrown [c:\wsjdk\corretto17src\installers\windows\zip\corretto-build\buildroot\src\hotspot\share\interpreter\linkResolver.cpp, line 766]
Event: 0.675 Thread 0x00000148d49b6f80 Exception <a 'java/lang/NoSuchMethodError'{0x00000000ee540e20}: 'int java.lang.invoke.DirectMethodHandle$Holder.invokeStaticInit(java.lang.Object, java.lang.Object)'> (0x00000000ee540e20) 
thrown [c:\wsjdk\corretto17src\installers\windows\zip\corretto-build\buildroot\src\hotspot\share\interpreter\linkResolver.cpp, line 766]
Event: 0.726 Thread 0x00000148d49b6f80 Exception <a 'java/lang/ClassNotFoundException'{0x00000000ee249758}: javax/smartcardio/CardPermission> (0x00000000ee249758) 
thrown [c:\wsjdk\corretto17src\installers\windows\zip\corretto-build\buildroot\src\hotspot\share\classfile\systemDictionary.cpp, line 256]
Event: 0.728 Thread 0x00000148d49b6f80 Exception <a 'java/io/FileNotFoundException'{0x00000000ee2583b0}> (0x00000000ee2583b0) 
thrown [c:\wsjdk\corretto17src\installers\windows\zip\corretto-build\buildroot\src\hotspot\share\prims\jni.cpp, line 516]
Event: 0.749 Thread 0x00000148d49b6f80 Exception <a 'java/lang/NoSuchMethodError'{0x00000000ee1994d8}: 'org.slf4j.impl.StaticMDCBinder org.slf4j.impl.StaticMDCBinder.getSingleton()'> (0x00000000ee1994d8) 
thrown [c:\wsjdk\corretto17src\installers\windows\zip\corretto-build\buildroot\src\hotspot\share\interpreter\linkResolver.cpp, line 766]
Event: 0.759 Thread 0x00000148d49b6f80 Exception <a 'java/lang/IncompatibleClassChangeError'{0x00000000ee03c0e8}: Found class java.lang.Object, but interface was expected> (0x00000000ee03c0e8) 
thrown [c:\wsjdk\corretto17src\installers\windows\zip\corretto-build\buildroot\src\hotspot\share\interpreter\linkResolver.cpp, line 833]
Event: 0.769 Thread 0x00000148d49b6f80 Exception <a 'java/lang/NoSuchMethodError'{0x00000000ee0e39b0}: 'int java.lang.invoke.DirectMethodHandle$Holder.invokeStaticInit(java.lang.Object, java.lang.Object, java.lang.Object)'> (0x00000000ee0e39b0) 
thrown [c:\wsjdk\corretto17src\installers\windows\zip\corretto-build\buildroot\src\hotspot\share\interpreter\linkResolver.cpp, line 766]
Event: 0.783 Thread 0x00000148d49b6f80 Implicit null exception at 0x00000148e57c9ede to 0x00000148e57ca7dc
Event: 0.783 Thread 0x00000148d49b6f80 Implicit null exception at 0x00000148e579188f to 0x00000148e5791909
Event: 0.788 Thread 0x00000148d49b6f80 Exception <a 'java/lang/NoSuchMethodError'{0x00000000edff66e8}: 'int java.lang.invoke.DirectMethodHandle$Holder.invokeInterface(java.lang.Object, java.lang.Object)'> (0x00000000edff66e8) 
thrown [c:\wsjdk\corretto17src\installers\windows\zip\corretto-build\buildroot\src\hotspot\share\interpreter\linkResolver.cpp, line 766]

VM Operations (20 events):
Event: 0.248 Executing VM operation: HandshakeAllThreads
Event: 0.248 Executing VM operation: HandshakeAllThreads done
Event: 0.259 Executing VM operation: HandshakeAllThreads
Event: 0.259 Executing VM operation: HandshakeAllThreads done
Event: 0.265 Executing VM operation: HandshakeAllThreads
Event: 0.265 Executing VM operation: HandshakeAllThreads done
Event: 0.383 Executing VM operation: HandshakeAllThreads
Event: 0.383 Executing VM operation: HandshakeAllThreads done
Event: 0.427 Executing VM operation: HandshakeAllThreads
Event: 0.427 Executing VM operation: HandshakeAllThreads done
Event: 0.449 Executing VM operation: HandshakeAllThreads
Event: 0.449 Executing VM operation: HandshakeAllThreads done
Event: 0.462 Executing VM operation: HandshakeAllThreads
Event: 0.462 Executing VM operation: HandshakeAllThreads done
Event: 0.504 Executing VM operation: ICBufferFull
Event: 0.505 Executing VM operation: ICBufferFull done
Event: 0.527 Executing VM operation: G1CollectForAllocation
Event: 0.531 Executing VM operation: G1CollectForAllocation done
Event: 0.758 Executing VM operation: HandshakeAllThreads
Event: 0.758 Executing VM operation: HandshakeAllThreads done

Events (20 events):
Event: 0.745 loading class java/util/IdentityHashMap$EntryIterator
Event: 0.745 loading class java/util/IdentityHashMap$EntryIterator done
Event: 0.745 loading class java/util/IdentityHashMap$EntryIterator$Entry
Event: 0.745 loading class java/util/IdentityHashMap$EntryIterator$Entry done
Event: 0.745 loading class java/util/IdentityHashMap$ValueIterator
Event: 0.745 loading class java/util/IdentityHashMap$ValueIterator done
Event: 0.751 loading class java/nio/charset/CharacterCodingException
Event: 0.751 loading class java/nio/charset/CharacterCodingException done
Event: 0.756 loading class java/lang/Byte$ByteCache
Event: 0.756 loading class java/lang/Byte$ByteCache done
Event: 0.756 loading class java/lang/Short$ShortCache
Event: 0.756 loading class java/lang/Short$ShortCache done
Event: 0.761 loading class java/util/concurrent/ConcurrentLinkedDeque
Event: 0.761 loading class java/util/concurrent/ConcurrentLinkedDeque done
Event: 0.761 loading class java/util/concurrent/ConcurrentLinkedDeque$Node
Event: 0.761 loading class java/util/concurrent/ConcurrentLinkedDeque$Node done
Event: 0.763 loading class java/util/NoSuchElementException
Event: 0.763 loading class java/util/NoSuchElementException done
Event: 0.797 loading class java/lang/ThreadLocal$SuppliedThreadLocal
Event: 0.797 loading class java/lang/ThreadLocal$SuppliedThreadLocal done


Dynamic libraries:
0x00007ff7b7d10000 - 0x00007ff7b7d1d000 	C:\Users\Han\.jdks\corretto-17.0.3\bin\java.exe
0x00007ffa5b5b0000 - 0x00007ffa5b7a8000 	C:\Windows\SYSTEM32\ntdll.dll
0x00007ffa5b1c0000 - 0x00007ffa5b27f000 	C:\Windows\System32\KERNEL32.DLL
0x00007ffa59020000 - 0x00007ffa592f2000 	C:\Windows\System32\KERNELBASE.dll
0x00007ffa58dd0000 - 0x00007ffa58ed0000 	C:\Windows\System32\ucrtbase.dll
0x00007ffa35690000 - 0x00007ffa356a5000 	C:\Users\Han\.jdks\corretto-17.0.3\bin\VCRUNTIME140.dll
0x00007ffa35670000 - 0x00007ffa35688000 	C:\Users\Han\.jdks\corretto-17.0.3\bin\jli.dll
0x00007ffa5a590000 - 0x00007ffa5a731000 	C:\Windows\System32\USER32.dll
0x00007ffa44ad0000 - 0x00007ffa44d6a000 	C:\Windows\WinSxS\amd64_microsoft.windows.common-controls_6595b64144ccf1df_6.0.19041.1110_none_60b5254171f9507e\COMCTL32.dll
0x00007ffa58d30000 - 0x00007ffa58d52000 	C:\Windows\System32\win32u.dll
0x00007ffa59fa0000 - 0x00007ffa5a03e000 	C:\Windows\System32\msvcrt.dll
0x00007ffa5b540000 - 0x00007ffa5b56b000 	C:\Windows\System32\GDI32.dll
0x00007ffa59380000 - 0x00007ffa5948f000 	C:\Windows\System32\gdi32full.dll
0x00007ffa58f80000 - 0x00007ffa5901d000 	C:\Windows\System32\msvcp_win.dll
0x00007ffa5a980000 - 0x00007ffa5a9b2000 	C:\Windows\System32\IMM32.DLL
0x00007ffa0ce10000 - 0x00007ffa0ceab000 	C:\Users\Han\.jdks\corretto-17.0.3\bin\msvcp140.dll
0x00007ff9b23e0000 - 0x00007ff9b2ffb000 	C:\Users\Han\.jdks\corretto-17.0.3\bin\server\jvm.dll
0x00007ffa5b490000 - 0x00007ffa5b53e000 	C:\Windows\System32\ADVAPI32.dll
0x00007ffa5b050000 - 0x00007ffa5b0ec000 	C:\Windows\System32\sechost.dll
0x00007ffa5b280000 - 0x00007ffa5b3a5000 	C:\Windows\System32\RPCRT4.dll
0x00007ffa595f0000 - 0x00007ffa595f8000 	C:\Windows\System32\PSAPI.DLL
0x00007ffa0cf50000 - 0x00007ffa0cf59000 	C:\Windows\SYSTEM32\WSOCK32.dll
0x00007ffa5ac10000 - 0x00007ffa5ac7b000 	C:\Windows\System32\WS2_32.dll
0x00007ffa4cab0000 - 0x00007ffa4cad7000 	C:\Windows\SYSTEM32\WINMM.dll
0x00007ffa4e910000 - 0x00007ffa4e91a000 	C:\Windows\SYSTEM32\VERSION.dll
0x00007ffa574b0000 - 0x00007ffa574c2000 	C:\Windows\SYSTEM32\kernel.appcore.dll
0x00007ffa394a0000 - 0x00007ffa394aa000 	C:\Users\Han\.jdks\corretto-17.0.3\bin\jimage.dll
0x00007ffa56af0000 - 0x00007ffa56cd4000 	C:\Windows\SYSTEM32\DBGHELP.DLL
0x00007ffa48bb0000 - 0x00007ffa48be5000 	C:\Windows\SYSTEM32\dbgcore.DLL
0x00007ffa58ca0000 - 0x00007ffa58d22000 	C:\Windows\System32\bcryptPrimitives.dll
0x00007ffa277c0000 - 0x00007ffa277e5000 	C:\Users\Han\.jdks\corretto-17.0.3\bin\java.dll
0x00007ff9f7cb0000 - 0x00007ff9f7d86000 	C:\Users\Han\.jdks\corretto-17.0.3\bin\jsvml.dll
0x00007ffa59600000 - 0x00007ffa59d44000 	C:\Windows\System32\SHELL32.dll
0x00007ffa56d00000 - 0x00007ffa57492000 	C:\Windows\SYSTEM32\windows.storage.dll
0x00007ffa5ac80000 - 0x00007ffa5afd5000 	C:\Windows\System32\combase.dll
0x00007ffa58670000 - 0x00007ffa586a0000 	C:\Windows\SYSTEM32\Wldp.dll
0x00007ffa5ab50000 - 0x00007ffa5abfd000 	C:\Windows\System32\SHCORE.dll
0x00007ffa5afe0000 - 0x00007ffa5b035000 	C:\Windows\System32\shlwapi.dll
0x00007ffa58be0000 - 0x00007ffa58bff000 	C:\Windows\SYSTEM32\profapi.dll
0x00007ffa34e60000 - 0x00007ffa34e79000 	C:\Users\Han\.jdks\corretto-17.0.3\bin\net.dll
0x00007ffa50c70000 - 0x00007ffa50d7c000 	C:\Windows\SYSTEM32\WINHTTP.dll
0x00007ffa58320000 - 0x00007ffa5838a000 	C:\Windows\system32\mswsock.dll
0x00007ffa178e0000 - 0x00007ffa178f5000 	C:\Users\Han\.jdks\corretto-17.0.3\bin\nio.dll
0x00007ffa178c0000 - 0x00007ffa178d8000 	C:\Users\Han\.jdks\corretto-17.0.3\bin\zip.dll
0x00007ffa38c90000 - 0x00007ffa38ca0000 	C:\Users\Han\.jdks\corretto-17.0.3\bin\verify.dll
0x00007ffa30910000 - 0x00007ffa3091e000 	C:\Users\Han\.jdks\corretto-17.0.3\bin\sunmscapi.dll
0x00007ffa59490000 - 0x00007ffa595e6000 	C:\Windows\System32\CRYPT32.dll
0x00007ffa58700000 - 0x00007ffa58727000 	C:\Windows\SYSTEM32\ncrypt.dll
0x00007ffa586c0000 - 0x00007ffa586fb000 	C:\Windows\SYSTEM32\NTASN1.dll
0x00007ffa30860000 - 0x00007ffa30867000 	C:\Windows\system32\wshunix.dll
0x00007ffa584c0000 - 0x00007ffa584d8000 	C:\Windows\SYSTEM32\CRYPTSP.dll
0x00007ffa57c60000 - 0x00007ffa57c94000 	C:\Windows\system32\rsaenh.dll
0x00007ffa59300000 - 0x00007ffa59327000 	C:\Windows\System32\bcrypt.dll
0x00007ffa58ba0000 - 0x00007ffa58bce000 	C:\Windows\SYSTEM32\USERENV.dll
0x00007ffa584e0000 - 0x00007ffa584ec000 	C:\Windows\SYSTEM32\CRYPTBASE.dll
0x00007ffa58030000 - 0x00007ffa5806b000 	C:\Windows\SYSTEM32\IPHLPAPI.DLL
0x00007ffa5b040000 - 0x00007ffa5b048000 	C:\Windows\System32\NSI.dll
0x00007ffa52020000 - 0x00007ffa52037000 	C:\Windows\SYSTEM32\dhcpcsvc6.DLL
0x00007ffa52000000 - 0x00007ffa5201d000 	C:\Windows\SYSTEM32\dhcpcsvc.DLL
0x00007ffa58070000 - 0x00007ffa5813a000 	C:\Windows\SYSTEM32\DNSAPI.dll

dbghelp: loaded successfully - version: 4.0.5 - missing functions: none
symbol engine: initialized successfully - sym options: 0x614 - pdb path: .;C:\Users\Han\.jdks\corretto-17.0.3\bin;C:\Windows\SYSTEM32;C:\Windows\WinSxS\amd64_microsoft.windows.common-controls_6595b64144ccf1df_6.0.19041.1110_none_60b5254171f9507e;C:\Users\Han\.jdks\corretto-17.0.3\bin\server

VM Arguments:
jvm_args: -Dorg.gradle.internal.worker.tmpdir=C:\Users\Han\Desktop\programming\codeStates_files\co_project\seb41_pre_011\seb41_pre_011\server\build\tmp\test\work -Dorg.gradle.native=false -Xmx512m -Dfile.encoding=UTF-8 -Duser.country=KR -Duser.language=ko -Duser.variant -ea 
java_command: worker.org.gradle.process.internal.worker.GradleWorkerMain 'Gradle Test Executor 1'
java_class_path (initial): C:\\Users\\Han\\.gradle\\caches\\7.5.1\\workerMain\\gradle-worker.jar;C:\\Users\\Han\\Desktop\\programming\\codeStates_files\\co_project\\seb41_pre_011\\seb41_pre_011\\server\\build\\classes\\java\\test;C:\\Users\\Han\\Desktop\\programming\\codeStates_files\\co_project\\seb41_pre_011\\seb41_pre_011\\server\\build\\classes\\java\\main;C:\\Users\\Han\\Desktop\\programming\\codeStates_files\\co_project\\seb41_pre_011\\seb41_pre_011\\server\\build\\resources\\main;C:\\Users\\Han\\.gradle\\caches\\modules-2\\files-2.1\\org.springframework.boot\\spring-boot-starter-data-jpa\\2.7.1\\39e98264c195a06c8c29a63c24b6ce295ca10795\\spring-boot-starter-data-jpa-2.7.1.jar;C:\\Users\\Han\\.gradle\\caches\\modules-2\\files-2.1\\org.springframework.boot\\spring-boot-starter-validation\\2.7.1\\8546b0ad5fa5ce6d37cff18a27386532540e2ab8\\spring-boot-starter-validation-2.7.1.jar;C:\\Users\\Han\\.gradle\\caches\\modules-2\\files-2.1\\org.springframework.boot\\spring-boot-starter-web\\2.7.1\\29f47f503f9955b1a9746870aeaebdba448416d\\spring-boot-starter-web-2.7.1.jar;C:\\Users\\Han\\.gradle\\caches\\modules-2\\files-2.1\\org.mapstruct\\mapstruct\\1.5.1.Final\\7594423c07ce57b7e649e926c455208854f68322\\mapstruct-1.5.1.Final.jar;C:\\Users\\Han\\.gradle\\caches\\modules-2\\files-2.1\\org.springframework.boot\\spring-boot-starter-mail\\2.7.1\\7387a86bf0e96c06222c946acedc5d4ff41c0398\\spring-boot-starter-mail-2.7.1.jar;C:\\Users\\Han\\.gradle\\caches\\modules-2\\files-2.1\\com.google.code.gson\\gson\\2.9.0\\8a1167e089096758b49f9b34066ef98b2f4b37aa\\gson-2.9.0.jar;C:\\Users\\Han\\.gradle\\caches\\modules-2\\files-2.1\\com.h2database\\h2\\2.1.214\\d5c2005c9e3279201e12d4776c948578b16bf8b2\\h2-2.1.214.jar;C:\\Users\\Han\\.gradle\\caches\\modules-2\\files-2.1\\org.springframework.restdocs\\spring-restdocs-mockmvc\\2.0.6.RELEASE\\b1e504bde7372c10d833c64ccb8ea3566283bfec\\spring-restdocs-mockmvc-2.0.6.RELEASE.jar;C:\\Users\\Han\\.gradle\\caches\\modules-2\\files-2.1\\org.springf
Launcher Type: SUN_STANDARD

[Global flags]
     intx CICompilerCount                          = 4                                         {product} {ergonomic}
     uint ConcGCThreads                            = 3                                         {product} {ergonomic}
     uint G1ConcRefinementThreads                  = 10                                        {product} {ergonomic}
   size_t G1HeapRegionSize                         = 1048576                                   {product} {ergonomic}
    uintx GCDrainStackTargetSize                   = 64                                        {product} {ergonomic}
   size_t InitialHeapSize                          = 249561088                                 {product} {ergonomic}
   size_t MarkStackSize                            = 4194304                                   {product} {ergonomic}
   size_t MaxHeapSize                              = 536870912                                 {product} {command line}
   size_t MaxNewSize                               = 321912832                                 {product} {ergonomic}
   size_t MinHeapDeltaBytes                        = 1048576                                   {product} {ergonomic}
   size_t MinHeapSize                              = 8388608                                   {product} {ergonomic}
    uintx NonNMethodCodeHeapSize                   = 5839372                                {pd product} {ergonomic}
    uintx NonProfiledCodeHeapSize                  = 122909434                              {pd product} {ergonomic}
    uintx ProfiledCodeHeapSize                     = 122909434                              {pd product} {ergonomic}
    uintx ReservedCodeCacheSize                    = 251658240                              {pd product} {ergonomic}
     bool SegmentedCodeCache                       = true                                      {product} {ergonomic}
   size_t SoftMaxHeapSize                          = 536870912                              {manageable} {ergonomic}
     bool UseCompressedClassPointers               = true                           {product lp64_product} {ergonomic}
     bool UseCompressedOops                        = true                           {product lp64_product} {ergonomic}
     bool UseG1GC                                  = true                                      {product} {ergonomic}
     bool UseLargePagesIndividualAllocation        = false                                  {pd product} {ergonomic}

Logging:
Log output configuration:
 #0: stdout all=warning uptime,level,tags
 #1: stderr all=off uptime,level,tags

Environment Variables:
JAVA_HOME=C:\Program Files\Zulu\zulu-11
CLASSPATH=C:\Program Files\Zulu\zulu-11\lib
PATH=C:\Program Files\Zulu\zulu-11\bin\;C:\Program Files (x86)\Common Files\Oracle\Java\javapath;C:\Windows\system32;C:\Windows;C:\Windows\System32\Wbem;C:\Windows\System32\WindowsPowerShell\v1.0\;C:\Windows\System32\OpenSSH\;C:\Program Files\MySQL\MySQL Server 8.0\bin;C:\Program Files\Git\cmd;C:\Program Files\Zulu\zulu-11\bin;C:\Users\Han\AppData\Roaming\nvm;C:\Program Files\nodejs;C:\Program Files\Docker\Docker\resources\bin;C:\Program Files\MySQL\MySQL Shell 8.0\bin\;C:\Users\Han\anaconda3;C:\Users\Han\anaconda3\Library\mingw-w64\bin;C:\Users\Han\anaconda3\Library\usr\bin;C:\Users\Han\anaconda3\Library\bin;C:\Users\Han\anaconda3\Scripts;C:\Users\Han\AppData\Local\Programs\Python\Python310\Scripts\;C:\Users\Han\AppData\Local\Programs\Python\Python310\;C:\Users\Han\AppData\Local\Microsoft\WindowsApps;C:\Users\Han\AppData\Local\Programs\Microsoft VS Code\bin;C:\Program Files\JetBrains\IntelliJ IDEA Community Edition 2021.3.3\bin;C:\Users\Han\AppData\Local\JetBrains\Toolbox\scripts;C:\Users\Han\AppData\Roaming\npm;C:\Users\Han\AppData\Roaming\nvm;C:\Program Files\nodejs
USERNAME=Han
OS=Windows_NT
PROCESSOR_IDENTIFIER=AMD64 Family 25 Model 80 Stepping 0, AuthenticAMD



---------------  S Y S T E M  ---------------

OS:
 Windows 10 , 64 bit Build 19041 (10.0.19041.2364)
OS uptime: 1 days 20:35 hours
Hyper-V role detected

CPU: total 12 (initial active 12) (12 cores per cpu, 2 threads per core) family 25 model 80 stepping 0 microcode 0x0, cx8, cmov, fxsr, ht, mmx, 3dnowpref, sse, sse2, sse3, ssse3, sse4a, sse4.1, sse4.2, popcnt, lzcnt, tsc, tscinvbit, avx, avx2, aes, erms, clmul, bmi1, bmi2, adx, sha, fma, vzeroupper, clflush, clflushopt, hv

Memory: 4k page, system-wide physical 15182M (4102M free)
TotalPageFile size 17975M (AvailPageFile size 5M)
current process WorkingSet (physical memory assigned to process): 101M, peak: 101M
current process commit charge ("private bytes"): 360M, peak: 361M

vm_info: OpenJDK 64-Bit Server VM (17.0.3+6-LTS) for windows-amd64 JRE (17.0.3+6-LTS), built on Apr 15 2022 22:16:02 by "Administrator" with MS VC++ 15.9 (VS2017)

END.
