#
# There is insufficient memory for the Java Runtime Environment to continue.
# Native memory allocation (malloc) failed to allocate 763696 bytes for Chunk::new
# Possible reasons:
#   The system is out of physical RAM or swap space
#   The process is running with CompressedOops enabled, and the Java Heap may be blocking the growth of the native heap
# Possible solutions:
#   Reduce memory load on the system
#   Increase physical memory or swap space
#   Check if swap backing store is full
#   Decrease Java heap size (-Xmx/-Xms)
#   Decrease number of Java threads
#   Decrease Java thread stack sizes (-Xss)
#   Set larger code cache with -XX:ReservedCodeCacheSize=
#   JVM is running with Zero Based Compressed Oops mode in which the Java heap is
#     placed in the first 32GB address space. The Java Heap base address is the
#     maximum limit for the native heap growth. Please use -XX:HeapBaseMinAddress
#     to set the Java Heap base and to place the Java Heap above 32GB virtual address.
# This output file may be truncated or incomplete.
#
#  Out of Memory Error (arena.cpp:189), pid=22280, tid=8500
#
# JRE version: OpenJDK Runtime Environment Corretto-17.0.3.6.1 (17.0.3+6) (build 17.0.3+6-LTS)
# Java VM: OpenJDK 64-Bit Server VM Corretto-17.0.3.6.1 (17.0.3+6-LTS, mixed mode, sharing, tiered, compressed oops, compressed class ptrs, g1 gc, windows-amd64)
# No core dump will be written. Minidumps are not enabled by default on client versions of Windows
#

---------------  S U M M A R Y ------------

Command Line: -Dfile.encoding=UTF-8 -Duser.country=KR -Duser.language=ko -Duser.variant com.codestates.seb41_pre_011.Seb41Pre011Application

Host: AMD Ryzen 5 5600U with Radeon Graphics         , 12 cores, 14G,  Windows 10 , 64 bit Build 19041 (10.0.19041.2364)
Time: Fri Dec 30 11:07:17 2022  Windows 10 , 64 bit Build 19041 (10.0.19041.2364) elapsed time: 1.257545 seconds (0d 0h 0m 1s)

---------------  T H R E A D  ---------------

Current thread (0x0000020dc2ba3b30):  JavaThread "C2 CompilerThread0" daemon [_thread_in_native, id=8500, stack(0x0000008524600000,0x0000008524700000)]


Current CompileTask:
C2:   1257 1175       4       jdk.internal.loader.URLClassPath::getResource (74 bytes)

Stack: [0x0000008524600000,0x0000008524700000]
Native frames: (J=compiled Java code, j=interpreted, Vv=VM code, C=native code)
V  [jvm.dll+0x645e5a]
V  [jvm.dll+0x7f6fc4]
V  [jvm.dll+0x7f877e]
V  [jvm.dll+0x7f8dd3]
V  [jvm.dll+0x234bb8]
V  [jvm.dll+0xbce1b]
V  [jvm.dll+0xbd3ac]
V  [jvm.dll+0x34d6f2]
V  [jvm.dll+0x31809f]
V  [jvm.dll+0x3174da]
V  [jvm.dll+0x209225]
V  [jvm.dll+0x2087b7]
V  [jvm.dll+0x198b5d]
V  [jvm.dll+0x217b49]
V  [jvm.dll+0x215d9b]
V  [jvm.dll+0x7af68b]
V  [jvm.dll+0x7a9c9a]
V  [jvm.dll+0x644d05]
C  [ucrtbase.dll+0x21bb2]
C  [KERNEL32.DLL+0x17614]
C  [ntdll.dll+0x526a1]


---------------  P R O C E S S  ---------------

Threads class SMR info:
_java_thread_list=0x0000020dc3e5f550, length=13, elements={
0x0000020da01eb420, 0x0000020dc2b806f0, 0x0000020dc2b81360, 0x0000020dc2b9bc60,
0x0000020dc2b9d530, 0x0000020dc2b9dee0, 0x0000020dc2b9e890, 0x0000020dc2ba3b30,
0x0000020dc2ba4b30, 0x0000020dc2ba5840, 0x0000020dc359e980, 0x0000020dc359fcc0,
0x0000020dc3650130
}

Java Threads: ( => current thread )
  0x0000020da01eb420 JavaThread "main" [_thread_in_Java, id=22588, stack(0x0000008523900000,0x0000008523a00000)]
  0x0000020dc2b806f0 JavaThread "Reference Handler" daemon [_thread_blocked, id=15920, stack(0x0000008524000000,0x0000008524100000)]
  0x0000020dc2b81360 JavaThread "Finalizer" daemon [_thread_blocked, id=22552, stack(0x0000008524100000,0x0000008524200000)]
  0x0000020dc2b9bc60 JavaThread "Signal Dispatcher" daemon [_thread_blocked, id=21668, stack(0x0000008524200000,0x0000008524300000)]
  0x0000020dc2b9d530 JavaThread "Attach Listener" daemon [_thread_blocked, id=24832, stack(0x0000008524300000,0x0000008524400000)]
  0x0000020dc2b9dee0 JavaThread "Service Thread" daemon [_thread_blocked, id=20592, stack(0x0000008524400000,0x0000008524500000)]
  0x0000020dc2b9e890 JavaThread "Monitor Deflation Thread" daemon [_thread_blocked, id=26224, stack(0x0000008524500000,0x0000008524600000)]
=>0x0000020dc2ba3b30 JavaThread "C2 CompilerThread0" daemon [_thread_in_native, id=8500, stack(0x0000008524600000,0x0000008524700000)]
  0x0000020dc2ba4b30 JavaThread "C1 CompilerThread0" daemon [_thread_in_native, id=2244, stack(0x0000008524700000,0x0000008524800000)]
  0x0000020dc2ba5840 JavaThread "Sweeper thread" daemon [_thread_blocked, id=4740, stack(0x0000008524800000,0x0000008524900000)]
  0x0000020dc359e980 JavaThread "Notification Thread" daemon [_thread_blocked, id=13896, stack(0x0000008524900000,0x0000008524a00000)]
  0x0000020dc359fcc0 JavaThread "Common-Cleaner" daemon [_thread_blocked, id=1116, stack(0x0000008524b00000,0x0000008524c00000)]
  0x0000020dc3650130 JavaThread "C2 CompilerThread1" daemon [_thread_in_native, id=13032, stack(0x0000008524c00000,0x0000008524d00000)]

Other Threads:
  0x0000020dc2b7bbf0 VMThread "VM Thread" [stack: 0x0000008523f00000,0x0000008524000000] [id=12480]
  0x0000020da0278710 WatcherThread [stack: 0x0000008524a00000,0x0000008524b00000] [id=15440]
  0x0000020da02503d0 GCTaskThread "GC Thread#0" [stack: 0x0000008523a00000,0x0000008523b00000] [id=21080]
  0x0000020dc3f4f780 GCTaskThread "GC Thread#1" [stack: 0x0000008524d00000,0x0000008524e00000] [id=4704]
  0x0000020dc3f4fa30 GCTaskThread "GC Thread#2" [stack: 0x0000008524e00000,0x0000008524f00000] [id=16960]
  0x0000020dc4207930 GCTaskThread "GC Thread#3" [stack: 0x0000008524f00000,0x0000008525000000] [id=10500]
  0x0000020dc42e0600 GCTaskThread "GC Thread#4" [stack: 0x0000008525000000,0x0000008525100000] [id=20036]
  0x0000020dc3f40710 GCTaskThread "GC Thread#5" [stack: 0x0000008525100000,0x0000008525200000] [id=19976]
  0x0000020dc41f2000 GCTaskThread "GC Thread#6" [stack: 0x0000008525200000,0x0000008525300000] [id=22164]
  0x0000020da0261060 ConcurrentGCThread "G1 Main Marker" [stack: 0x0000008523b00000,0x0000008523c00000] [id=23620]
  0x0000020da02622b0 ConcurrentGCThread "G1 Conc#0" [stack: 0x0000008523c00000,0x0000008523d00000] [id=21108]
  0x0000020da02bd950 ConcurrentGCThread "G1 Refine#0" [stack: 0x0000008523d00000,0x0000008523e00000] [id=17788]
  0x0000020da02be270 ConcurrentGCThread "G1 Service" [stack: 0x0000008523e00000,0x0000008523f00000] [id=5508]

Threads with active compile tasks:
C2 CompilerThread0     1288 1175       4       jdk.internal.loader.URLClassPath::getResource (74 bytes)
C1 CompilerThread0     1288 1268       3       org.springframework.boot.context.properties.source.SystemEnvironmentPropertyMapper::isLegacyAncestorOf (34 bytes)
C2 CompilerThread1     1288 1252       4       java.lang.StringBuilder::charAt (6 bytes)

VM state: not at safepoint (normal execution)

VM Mutex/Monitor currently owned by a thread: None

Heap address: 0x0000000712c00000, size: 3796 MB, Compressed Oops mode: Zero based, Oop shift amount: 3

CDS archive(s) mapped at: [0x0000000800000000-0x0000000800bc0000-0x0000000800bc0000), size 12320768, SharedBaseAddress: 0x0000000800000000, ArchiveRelocationMode: 0.
Compressed class space mapped at: 0x0000000800c00000-0x0000000840c00000, reserved size: 1073741824
Narrow klass base: 0x0000000800000000, Narrow klass shift: 0, Narrow klass range: 0x100000000

GC Precious Log:
 CPUs: 12 total, 12 available
 Memory: 15182M
 Large Page Support: Disabled
 NUMA Support: Disabled
 Compressed Oops: Enabled (Zero based)
 Heap Region Size: 2M
 Heap Min Capacity: 8M
 Heap Initial Capacity: 238M
 Heap Max Capacity: 3796M
 Pre-touch: Disabled
 Parallel Workers: 10
 Concurrent Workers: 3
 Concurrent Refinement Workers: 10
 Periodic GC: Disabled

Heap:
 garbage-first heap   total 243712K, used 14874K [0x0000000712c00000, 0x0000000800000000)
  region size 2048K, 7 young (14336K), 2 survivors (4096K)
 Metaspace       used 6980K, committed 7168K, reserved 1056768K
  class space    used 870K, committed 960K, reserved 1048576K

Heap Regions: E=young(eden), S=young(survivor), O=old, HS=humongous(starts), HC=humongous(continues), CS=collection set, F=free, OA=open archive, CA=closed archive, TAMS=top-at-mark-start (previous, next)
|   0|0x0000000712c00000, 0x0000000712e00000, 0x0000000712e00000|100%| O|  |TAMS 0x0000000712c00000, 0x0000000712c00000| Untracked 
|   1|0x0000000712e00000, 0x0000000712e86800, 0x0000000713000000| 26%| O|  |TAMS 0x0000000712e00000, 0x0000000712e00000| Untracked 
|   2|0x0000000713000000, 0x0000000713000000, 0x0000000713200000|  0%| F|  |TAMS 0x0000000713000000, 0x0000000713000000| Untracked 
|   3|0x0000000713200000, 0x0000000713200000, 0x0000000713400000|  0%| F|  |TAMS 0x0000000713200000, 0x0000000713200000| Untracked 
|   4|0x0000000713400000, 0x0000000713400000, 0x0000000713600000|  0%| F|  |TAMS 0x0000000713400000, 0x0000000713400000| Untracked 
|   5|0x0000000713600000, 0x0000000713600000, 0x0000000713800000|  0%| F|  |TAMS 0x0000000713600000, 0x0000000713600000| Untracked 
|   6|0x0000000713800000, 0x0000000713800000, 0x0000000713a00000|  0%| F|  |TAMS 0x0000000713800000, 0x0000000713800000| Untracked 
|   7|0x0000000713a00000, 0x0000000713a00000, 0x0000000713c00000|  0%| F|  |TAMS 0x0000000713a00000, 0x0000000713a00000| Untracked 
|   8|0x0000000713c00000, 0x0000000713c00000, 0x0000000713e00000|  0%| F|  |TAMS 0x0000000713c00000, 0x0000000713c00000| Untracked 
|   9|0x0000000713e00000, 0x0000000713e00000, 0x0000000714000000|  0%| F|  |TAMS 0x0000000713e00000, 0x0000000713e00000| Untracked 
|  10|0x0000000714000000, 0x0000000714000000, 0x0000000714200000|  0%| F|  |TAMS 0x0000000714000000, 0x0000000714000000| Untracked 
|  11|0x0000000714200000, 0x0000000714200000, 0x0000000714400000|  0%| F|  |TAMS 0x0000000714200000, 0x0000000714200000| Untracked 
|  12|0x0000000714400000, 0x0000000714400000, 0x0000000714600000|  0%| F|  |TAMS 0x0000000714400000, 0x0000000714400000| Untracked 
|  13|0x0000000714600000, 0x0000000714600000, 0x0000000714800000|  0%| F|  |TAMS 0x0000000714600000, 0x0000000714600000| Untracked 
|  14|0x0000000714800000, 0x0000000714800000, 0x0000000714a00000|  0%| F|  |TAMS 0x0000000714800000, 0x0000000714800000| Untracked 
|  15|0x0000000714a00000, 0x0000000714a00000, 0x0000000714c00000|  0%| F|  |TAMS 0x0000000714a00000, 0x0000000714a00000| Untracked 
|  16|0x0000000714c00000, 0x0000000714c00000, 0x0000000714e00000|  0%| F|  |TAMS 0x0000000714c00000, 0x0000000714c00000| Untracked 
|  17|0x0000000714e00000, 0x0000000714e00000, 0x0000000715000000|  0%| F|  |TAMS 0x0000000714e00000, 0x0000000714e00000| Untracked 
|  18|0x0000000715000000, 0x0000000715000000, 0x0000000715200000|  0%| F|  |TAMS 0x0000000715000000, 0x0000000715000000| Untracked 
|  19|0x0000000715200000, 0x0000000715200000, 0x0000000715400000|  0%| F|  |TAMS 0x0000000715200000, 0x0000000715200000| Untracked 
|  20|0x0000000715400000, 0x0000000715400000, 0x0000000715600000|  0%| F|  |TAMS 0x0000000715400000, 0x0000000715400000| Untracked 
|  21|0x0000000715600000, 0x0000000715600000, 0x0000000715800000|  0%| F|  |TAMS 0x0000000715600000, 0x0000000715600000| Untracked 
|  22|0x0000000715800000, 0x0000000715800000, 0x0000000715a00000|  0%| F|  |TAMS 0x0000000715800000, 0x0000000715800000| Untracked 
|  23|0x0000000715a00000, 0x0000000715a00000, 0x0000000715c00000|  0%| F|  |TAMS 0x0000000715a00000, 0x0000000715a00000| Untracked 
|  24|0x0000000715c00000, 0x0000000715c00000, 0x0000000715e00000|  0%| F|  |TAMS 0x0000000715c00000, 0x0000000715c00000| Untracked 
|  25|0x0000000715e00000, 0x0000000715e00000, 0x0000000716000000|  0%| F|  |TAMS 0x0000000715e00000, 0x0000000715e00000| Untracked 
|  26|0x0000000716000000, 0x0000000716000000, 0x0000000716200000|  0%| F|  |TAMS 0x0000000716000000, 0x0000000716000000| Untracked 
|  27|0x0000000716200000, 0x0000000716200000, 0x0000000716400000|  0%| F|  |TAMS 0x0000000716200000, 0x0000000716200000| Untracked 
|  28|0x0000000716400000, 0x0000000716400000, 0x0000000716600000|  0%| F|  |TAMS 0x0000000716400000, 0x0000000716400000| Untracked 
|  29|0x0000000716600000, 0x0000000716600000, 0x0000000716800000|  0%| F|  |TAMS 0x0000000716600000, 0x0000000716600000| Untracked 
|  30|0x0000000716800000, 0x0000000716800000, 0x0000000716a00000|  0%| F|  |TAMS 0x0000000716800000, 0x0000000716800000| Untracked 
|  31|0x0000000716a00000, 0x0000000716a00000, 0x0000000716c00000|  0%| F|  |TAMS 0x0000000716a00000, 0x0000000716a00000| Untracked 
|  32|0x0000000716c00000, 0x0000000716c00000, 0x0000000716e00000|  0%| F|  |TAMS 0x0000000716c00000, 0x0000000716c00000| Untracked 
|  33|0x0000000716e00000, 0x0000000716e00000, 0x0000000717000000|  0%| F|  |TAMS 0x0000000716e00000, 0x0000000716e00000| Untracked 
|  34|0x0000000717000000, 0x0000000717000000, 0x0000000717200000|  0%| F|  |TAMS 0x0000000717000000, 0x0000000717000000| Untracked 
|  35|0x0000000717200000, 0x0000000717200000, 0x0000000717400000|  0%| F|  |TAMS 0x0000000717200000, 0x0000000717200000| Untracked 
|  36|0x0000000717400000, 0x0000000717400000, 0x0000000717600000|  0%| F|  |TAMS 0x0000000717400000, 0x0000000717400000| Untracked 
|  37|0x0000000717600000, 0x0000000717600000, 0x0000000717800000|  0%| F|  |TAMS 0x0000000717600000, 0x0000000717600000| Untracked 
|  38|0x0000000717800000, 0x0000000717800000, 0x0000000717a00000|  0%| F|  |TAMS 0x0000000717800000, 0x0000000717800000| Untracked 
|  39|0x0000000717a00000, 0x0000000717a00000, 0x0000000717c00000|  0%| F|  |TAMS 0x0000000717a00000, 0x0000000717a00000| Untracked 
|  40|0x0000000717c00000, 0x0000000717c00000, 0x0000000717e00000|  0%| F|  |TAMS 0x0000000717c00000, 0x0000000717c00000| Untracked 
|  41|0x0000000717e00000, 0x0000000717e00000, 0x0000000718000000|  0%| F|  |TAMS 0x0000000717e00000, 0x0000000717e00000| Untracked 
|  42|0x0000000718000000, 0x0000000718000000, 0x0000000718200000|  0%| F|  |TAMS 0x0000000718000000, 0x0000000718000000| Untracked 
|  43|0x0000000718200000, 0x0000000718200000, 0x0000000718400000|  0%| F|  |TAMS 0x0000000718200000, 0x0000000718200000| Untracked 
|  44|0x0000000718400000, 0x0000000718400000, 0x0000000718600000|  0%| F|  |TAMS 0x0000000718400000, 0x0000000718400000| Untracked 
|  45|0x0000000718600000, 0x0000000718600000, 0x0000000718800000|  0%| F|  |TAMS 0x0000000718600000, 0x0000000718600000| Untracked 
|  46|0x0000000718800000, 0x0000000718800000, 0x0000000718a00000|  0%| F|  |TAMS 0x0000000718800000, 0x0000000718800000| Untracked 
|  47|0x0000000718a00000, 0x0000000718a00000, 0x0000000718c00000|  0%| F|  |TAMS 0x0000000718a00000, 0x0000000718a00000| Untracked 
|  48|0x0000000718c00000, 0x0000000718c00000, 0x0000000718e00000|  0%| F|  |TAMS 0x0000000718c00000, 0x0000000718c00000| Untracked 
|  49|0x0000000718e00000, 0x0000000718e00000, 0x0000000719000000|  0%| F|  |TAMS 0x0000000718e00000, 0x0000000718e00000| Untracked 
|  50|0x0000000719000000, 0x0000000719000000, 0x0000000719200000|  0%| F|  |TAMS 0x0000000719000000, 0x0000000719000000| Untracked 
|  51|0x0000000719200000, 0x0000000719200000, 0x0000000719400000|  0%| F|  |TAMS 0x0000000719200000, 0x0000000719200000| Untracked 
|  52|0x0000000719400000, 0x0000000719400000, 0x0000000719600000|  0%| F|  |TAMS 0x0000000719400000, 0x0000000719400000| Untracked 
|  53|0x0000000719600000, 0x0000000719600000, 0x0000000719800000|  0%| F|  |TAMS 0x0000000719600000, 0x0000000719600000| Untracked 
|  54|0x0000000719800000, 0x0000000719800000, 0x0000000719a00000|  0%| F|  |TAMS 0x0000000719800000, 0x0000000719800000| Untracked 
|  55|0x0000000719a00000, 0x0000000719a00000, 0x0000000719c00000|  0%| F|  |TAMS 0x0000000719a00000, 0x0000000719a00000| Untracked 
|  56|0x0000000719c00000, 0x0000000719c00000, 0x0000000719e00000|  0%| F|  |TAMS 0x0000000719c00000, 0x0000000719c00000| Untracked 
|  57|0x0000000719e00000, 0x0000000719e00000, 0x000000071a000000|  0%| F|  |TAMS 0x0000000719e00000, 0x0000000719e00000| Untracked 
|  58|0x000000071a000000, 0x000000071a000000, 0x000000071a200000|  0%| F|  |TAMS 0x000000071a000000, 0x000000071a000000| Untracked 
|  59|0x000000071a200000, 0x000000071a200000, 0x000000071a400000|  0%| F|  |TAMS 0x000000071a200000, 0x000000071a200000| Untracked 
|  60|0x000000071a400000, 0x000000071a400000, 0x000000071a600000|  0%| F|  |TAMS 0x000000071a400000, 0x000000071a400000| Untracked 
|  61|0x000000071a600000, 0x000000071a600000, 0x000000071a800000|  0%| F|  |TAMS 0x000000071a600000, 0x000000071a600000| Untracked 
|  62|0x000000071a800000, 0x000000071a800000, 0x000000071aa00000|  0%| F|  |TAMS 0x000000071a800000, 0x000000071a800000| Untracked 
|  63|0x000000071aa00000, 0x000000071aa00000, 0x000000071ac00000|  0%| F|  |TAMS 0x000000071aa00000, 0x000000071aa00000| Untracked 
|  64|0x000000071ac00000, 0x000000071ac00000, 0x000000071ae00000|  0%| F|  |TAMS 0x000000071ac00000, 0x000000071ac00000| Untracked 
|  65|0x000000071ae00000, 0x000000071ae00000, 0x000000071b000000|  0%| F|  |TAMS 0x000000071ae00000, 0x000000071ae00000| Untracked 
|  66|0x000000071b000000, 0x000000071b000000, 0x000000071b200000|  0%| F|  |TAMS 0x000000071b000000, 0x000000071b000000| Untracked 
|  67|0x000000071b200000, 0x000000071b200000, 0x000000071b400000|  0%| F|  |TAMS 0x000000071b200000, 0x000000071b200000| Untracked 
|  68|0x000000071b400000, 0x000000071b400000, 0x000000071b600000|  0%| F|  |TAMS 0x000000071b400000, 0x000000071b400000| Untracked 
|  69|0x000000071b600000, 0x000000071b600000, 0x000000071b800000|  0%| F|  |TAMS 0x000000071b600000, 0x000000071b600000| Untracked 
|  70|0x000000071b800000, 0x000000071b800000, 0x000000071ba00000|  0%| F|  |TAMS 0x000000071b800000, 0x000000071b800000| Untracked 
|  71|0x000000071ba00000, 0x000000071ba00000, 0x000000071bc00000|  0%| F|  |TAMS 0x000000071ba00000, 0x000000071ba00000| Untracked 
|  72|0x000000071bc00000, 0x000000071bc00000, 0x000000071be00000|  0%| F|  |TAMS 0x000000071bc00000, 0x000000071bc00000| Untracked 
|  73|0x000000071be00000, 0x000000071be00000, 0x000000071c000000|  0%| F|  |TAMS 0x000000071be00000, 0x000000071be00000| Untracked 
|  74|0x000000071c000000, 0x000000071c000000, 0x000000071c200000|  0%| F|  |TAMS 0x000000071c000000, 0x000000071c000000| Untracked 
|  75|0x000000071c200000, 0x000000071c200000, 0x000000071c400000|  0%| F|  |TAMS 0x000000071c200000, 0x000000071c200000| Untracked 
|  76|0x000000071c400000, 0x000000071c400000, 0x000000071c600000|  0%| F|  |TAMS 0x000000071c400000, 0x000000071c400000| Untracked 
|  77|0x000000071c600000, 0x000000071c600000, 0x000000071c800000|  0%| F|  |TAMS 0x000000071c600000, 0x000000071c600000| Untracked 
|  78|0x000000071c800000, 0x000000071c800000, 0x000000071ca00000|  0%| F|  |TAMS 0x000000071c800000, 0x000000071c800000| Untracked 
|  79|0x000000071ca00000, 0x000000071ca00000, 0x000000071cc00000|  0%| F|  |TAMS 0x000000071ca00000, 0x000000071ca00000| Untracked 
|  80|0x000000071cc00000, 0x000000071cc00000, 0x000000071ce00000|  0%| F|  |TAMS 0x000000071cc00000, 0x000000071cc00000| Untracked 
|  81|0x000000071ce00000, 0x000000071ce00000, 0x000000071d000000|  0%| F|  |TAMS 0x000000071ce00000, 0x000000071ce00000| Untracked 
|  82|0x000000071d000000, 0x000000071d000000, 0x000000071d200000|  0%| F|  |TAMS 0x000000071d000000, 0x000000071d000000| Untracked 
|  83|0x000000071d200000, 0x000000071d200000, 0x000000071d400000|  0%| F|  |TAMS 0x000000071d200000, 0x000000071d200000| Untracked 
|  84|0x000000071d400000, 0x000000071d400000, 0x000000071d600000|  0%| F|  |TAMS 0x000000071d400000, 0x000000071d400000| Untracked 
|  85|0x000000071d600000, 0x000000071d600000, 0x000000071d800000|  0%| F|  |TAMS 0x000000071d600000, 0x000000071d600000| Untracked 
|  86|0x000000071d800000, 0x000000071d800000, 0x000000071da00000|  0%| F|  |TAMS 0x000000071d800000, 0x000000071d800000| Untracked 
|  87|0x000000071da00000, 0x000000071da00000, 0x000000071dc00000|  0%| F|  |TAMS 0x000000071da00000, 0x000000071da00000| Untracked 
|  88|0x000000071dc00000, 0x000000071dc00000, 0x000000071de00000|  0%| F|  |TAMS 0x000000071dc00000, 0x000000071dc00000| Untracked 
|  89|0x000000071de00000, 0x000000071de00000, 0x000000071e000000|  0%| F|  |TAMS 0x000000071de00000, 0x000000071de00000| Untracked 
|  90|0x000000071e000000, 0x000000071e000000, 0x000000071e200000|  0%| F|  |TAMS 0x000000071e000000, 0x000000071e000000| Untracked 
|  91|0x000000071e200000, 0x000000071e200000, 0x000000071e400000|  0%| F|  |TAMS 0x000000071e200000, 0x000000071e200000| Untracked 
|  92|0x000000071e400000, 0x000000071e400000, 0x000000071e600000|  0%| F|  |TAMS 0x000000071e400000, 0x000000071e400000| Untracked 
|  93|0x000000071e600000, 0x000000071e600000, 0x000000071e800000|  0%| F|  |TAMS 0x000000071e600000, 0x000000071e600000| Untracked 
|  94|0x000000071e800000, 0x000000071e800000, 0x000000071ea00000|  0%| F|  |TAMS 0x000000071e800000, 0x000000071e800000| Untracked 
|  95|0x000000071ea00000, 0x000000071ea00000, 0x000000071ec00000|  0%| F|  |TAMS 0x000000071ea00000, 0x000000071ea00000| Untracked 
|  96|0x000000071ec00000, 0x000000071ec00000, 0x000000071ee00000|  0%| F|  |TAMS 0x000000071ec00000, 0x000000071ec00000| Untracked 
|  97|0x000000071ee00000, 0x000000071ee00000, 0x000000071f000000|  0%| F|  |TAMS 0x000000071ee00000, 0x000000071ee00000| Untracked 
|  98|0x000000071f000000, 0x000000071f000000, 0x000000071f200000|  0%| F|  |TAMS 0x000000071f000000, 0x000000071f000000| Untracked 
|  99|0x000000071f200000, 0x000000071f200000, 0x000000071f400000|  0%| F|  |TAMS 0x000000071f200000, 0x000000071f200000| Untracked 
| 100|0x000000071f400000, 0x000000071f400000, 0x000000071f600000|  0%| F|  |TAMS 0x000000071f400000, 0x000000071f400000| Untracked 
| 101|0x000000071f600000, 0x000000071f600000, 0x000000071f800000|  0%| F|  |TAMS 0x000000071f600000, 0x000000071f600000| Untracked 
| 102|0x000000071f800000, 0x000000071f800000, 0x000000071fa00000|  0%| F|  |TAMS 0x000000071f800000, 0x000000071f800000| Untracked 
| 103|0x000000071fa00000, 0x000000071fa00000, 0x000000071fc00000|  0%| F|  |TAMS 0x000000071fa00000, 0x000000071fa00000| Untracked 
| 104|0x000000071fc00000, 0x000000071fc00000, 0x000000071fe00000|  0%| F|  |TAMS 0x000000071fc00000, 0x000000071fc00000| Untracked 
| 105|0x000000071fe00000, 0x000000071fe00000, 0x0000000720000000|  0%| F|  |TAMS 0x000000071fe00000, 0x000000071fe00000| Untracked 
| 106|0x0000000720000000, 0x0000000720200000, 0x0000000720200000|100%| S|CS|TAMS 0x0000000720000000, 0x0000000720000000| Complete 
| 107|0x0000000720200000, 0x0000000720400000, 0x0000000720400000|100%| S|CS|TAMS 0x0000000720200000, 0x0000000720200000| Complete 
| 108|0x0000000720400000, 0x0000000720400000, 0x0000000720600000|  0%| F|  |TAMS 0x0000000720400000, 0x0000000720400000| Untracked 
| 109|0x0000000720600000, 0x0000000720600000, 0x0000000720800000|  0%| F|  |TAMS 0x0000000720600000, 0x0000000720600000| Untracked 
| 110|0x0000000720800000, 0x0000000720800000, 0x0000000720a00000|  0%| F|  |TAMS 0x0000000720800000, 0x0000000720800000| Untracked 
| 111|0x0000000720a00000, 0x0000000720a00000, 0x0000000720c00000|  0%| F|  |TAMS 0x0000000720a00000, 0x0000000720a00000| Untracked 
| 112|0x0000000720c00000, 0x0000000720c00000, 0x0000000720e00000|  0%| F|  |TAMS 0x0000000720c00000, 0x0000000720c00000| Untracked 
| 113|0x0000000720e00000, 0x0000000720e00000, 0x0000000721000000|  0%| F|  |TAMS 0x0000000720e00000, 0x0000000720e00000| Untracked 
| 114|0x0000000721000000, 0x0000000721078b98, 0x0000000721200000| 23%| E|  |TAMS 0x0000000721000000, 0x0000000721000000| Complete 
| 115|0x0000000721200000, 0x0000000721400000, 0x0000000721400000|100%| E|CS|TAMS 0x0000000721200000, 0x0000000721200000| Complete 
| 116|0x0000000721400000, 0x0000000721600000, 0x0000000721600000|100%| E|CS|TAMS 0x0000000721400000, 0x0000000721400000| Complete 
| 117|0x0000000721600000, 0x0000000721800000, 0x0000000721800000|100%| E|CS|TAMS 0x0000000721600000, 0x0000000721600000| Complete 
| 118|0x0000000721800000, 0x0000000721a00000, 0x0000000721a00000|100%| E|CS|TAMS 0x0000000721800000, 0x0000000721800000| Complete 

Card table byte_map: [0x0000020db79b0000,0x0000020db8120000] _byte_map_base: 0x0000020db411a000

Marking Bits (Prev, Next): (CMBitMap*) 0x0000020da02519f0, (CMBitMap*) 0x0000020da0251a30
 Prev Bits: [0x0000020db8890000, 0x0000020dbc3e0000)
 Next Bits: [0x0000020dbc3e0000, 0x0000020dbff30000)

Polling page: 0x0000020d9e190000

Metaspace:

Usage:
  Non-class:      5.99 MB used.
      Class:    874.59 KB used.
       Both:      6.85 MB used.

Virtual space:
  Non-class space:        8.00 MB reserved,       6.06 MB ( 76%) committed,  1 nodes.
      Class space:        1.00 GB reserved,     960.00 KB ( <1%) committed,  1 nodes.
             Both:        1.01 GB reserved,       7.00 MB ( <1%) committed. 

Chunk freelists:
   Non-Class:  482.00 KB
       Class:  3.00 MB
        Both:  3.47 MB

MaxMetaspaceSize: unlimited
CompressedClassSpaceSize: 1.00 GB
Initial GC threshold: 21.00 MB
Current GC threshold: 21.00 MB
CDS: on
MetaspaceReclaimPolicy: balanced
 - commit_granule_bytes: 65536.
 - commit_granule_words: 8192.
 - virtual_space_node_default_size: 1048576.
 - enlarge_chunks_in_place: 1.
 - new_chunks_are_fully_committed: 0.
 - uncommit_free_chunks: 1.
 - use_allocation_guard: 0.
 - handle_deallocations: 1.


Internal statistics:

num_allocs_failed_limit: 0.
num_arena_births: 80.
num_arena_deaths: 0.
num_vsnodes_births: 2.
num_vsnodes_deaths: 0.
num_space_committed: 113.
num_space_uncommitted: 0.
num_chunks_returned_to_freelist: 0.
num_chunks_taken_from_freelist: 295.
num_chunk_merges: 0.
num_chunk_splits: 176.
num_chunks_enlarged: 143.
num_purges: 0.
num_inconsistent_stats: 0.

CodeHeap 'non-profiled nmethods': size=120000Kb used=453Kb max_used=453Kb free=119546Kb
 bounds [0x0000020daf7b0000, 0x0000020dafa20000, 0x0000020db6ce0000]
CodeHeap 'profiled nmethods': size=120000Kb used=2308Kb max_used=2308Kb free=117691Kb
 bounds [0x0000020da8280000, 0x0000020da84f0000, 0x0000020daf7b0000]
CodeHeap 'non-nmethods': size=5760Kb used=1152Kb max_used=1174Kb free=4607Kb
 bounds [0x0000020da7ce0000, 0x0000020da7f50000, 0x0000020da8280000]
 total_blobs=1719 nmethods=1277 adapters=355
 compilation: enabled
              stopped_count=0, restarted_count=0
 full_count=0

Compilation events (20 events):
Event: 1.241 Thread 0x0000020dc3650130 nmethod 1201 0x0000020daf81a610 code [0x0000020daf81a780, 0x0000020daf81a9b8]
Event: 1.241 Thread 0x0000020dc2ba4b30 1202       3       java.lang.invoke.TypeConvertingMethodAdapter::cast (42 bytes)
Event: 1.242 Thread 0x0000020dc2ba4b30 nmethod 1202 0x0000020da84a2290 code [0x0000020da84a2480, 0x0000020da84a2908]
Event: 1.246 Thread 0x0000020dc2ba4b30 1203       3       org.yaml.snakeyaml.nodes.Node::hashCode (5 bytes)
Event: 1.246 Thread 0x0000020dc2ba4b30 nmethod 1203 0x0000020da84a2a90 code [0x0000020da84a2c20, 0x0000020da84a2d68]
Event: 1.247 Thread 0x0000020dc2ba4b30 1204       1       org.yaml.snakeyaml.nodes.Node::getTag (5 bytes)
Event: 1.247 Thread 0x0000020dc2ba4b30 nmethod 1204 0x0000020daf81aa90 code [0x0000020daf81ac20, 0x0000020daf81acf8]
Event: 1.247 Thread 0x0000020dc2ba4b30 1205       1       org.yaml.snakeyaml.nodes.Node::getType (5 bytes)
Event: 1.247 Thread 0x0000020dc2ba4b30 nmethod 1205 0x0000020daf81ad90 code [0x0000020daf81af20, 0x0000020daf81aff8]
Event: 1.247 Thread 0x0000020dc3650130 1206       4       java.lang.invoke.MemberName::getReferenceKind (12 bytes)
Event: 1.247 Thread 0x0000020dc3650130 nmethod 1206 0x0000020daf81b090 code [0x0000020daf81b200, 0x0000020daf81b278]
Event: 1.251 Thread 0x0000020dc2ba4b30 1207       3       sun.invoke.util.VerifyAccess::isMemberAccessible (338 bytes)
Event: 1.252 Thread 0x0000020dc3650130 1209       4       java.util.HashMap::put (13 bytes)
Event: 1.253 Thread 0x0000020dc2ba4b30 nmethod 1207 0x0000020da84a2e10 code [0x0000020da84a31a0, 0x0000020da84a4548]
Event: 1.253 Thread 0x0000020dc2ba4b30 1208       3       java.lang.invoke.MethodType::insertParameterTypes (121 bytes)
Event: 1.254 Thread 0x0000020dc2ba4b30 nmethod 1208 0x0000020da84a4a90 code [0x0000020da84a4d60, 0x0000020da84a5b68]
Event: 1.254 Thread 0x0000020dc2ba4b30 1210       3       org.springframework.boot.context.properties.source.ConfigurationPropertyName::isEmpty (16 bytes)
Event: 1.255 Thread 0x0000020dc2ba4b30 nmethod 1210 0x0000020da84a6090 code [0x0000020da84a6220, 0x0000020da84a63b8]
Event: 1.255 Thread 0x0000020dc2ba4b30 1211       3       org.springframework.boot.context.properties.source.SpringIterableConfigurationPropertySource$Mappings::add (23 bytes)
Event: 1.255 Thread 0x0000020dc2ba4b30 nmethod 1211 0x0000020da84a6490 code [0x0000020da84a6660, 0x0000020da84a6bb8]

GC Heap History (2 events):
Event: 1.000 GC heap before
{Heap before GC invocations=0 (full 0):
 garbage-first heap   total 243712K, used 22528K [0x0000000712c00000, 0x0000000800000000)
  region size 2048K, 11 young (22528K), 0 survivors (0K)
 Metaspace       used 5263K, committed 5440K, reserved 1056768K
  class space    used 617K, committed 704K, reserved 1048576K
}
Event: 1.006 GC heap after
{Heap after GC invocations=1 (full 0):
 garbage-first heap   total 243712K, used 6682K [0x0000000712c00000, 0x0000000800000000)
  region size 2048K, 2 young (4096K), 2 survivors (4096K)
 Metaspace       used 5263K, committed 5440K, reserved 1056768K
  class space    used 617K, committed 704K, reserved 1048576K
}

Deoptimization events (20 events):
Event: 0.824 Thread 0x0000020da01eb420 DEOPT PACKING pc=0x0000020da8338b56 sp=0x00000085239fdd90
Event: 0.824 Thread 0x0000020da01eb420 DEOPT UNPACKING pc=0x0000020da7d32b43 sp=0x00000085239fd218 mode 0
Event: 0.916 Thread 0x0000020da01eb420 DEOPT PACKING pc=0x0000020da8338b56 sp=0x00000085239fdee0
Event: 0.916 Thread 0x0000020da01eb420 DEOPT UNPACKING pc=0x0000020da7d32b43 sp=0x00000085239fd368 mode 0
Event: 1.125 Thread 0x0000020da01eb420 Uncommon trap: trap_request=0xffffff45 fr.pc=0x0000020daf7efbd0 relative=0x00000000000000b0
Event: 1.125 Thread 0x0000020da01eb420 Uncommon trap: reason=unstable_if action=reinterpret pc=0x0000020daf7efbd0 method=java.lang.StringLatin1.lastIndexOf([BI[BII)I @ 32 c2
Event: 1.125 Thread 0x0000020da01eb420 DEOPT PACKING pc=0x0000020daf7efbd0 sp=0x00000085239fde40
Event: 1.125 Thread 0x0000020da01eb420 DEOPT UNPACKING pc=0x0000020da7d323a3 sp=0x00000085239fdd98 mode 2
Event: 1.148 Thread 0x0000020da01eb420 DEOPT PACKING pc=0x0000020da8485d4e sp=0x00000085239fbb90
Event: 1.148 Thread 0x0000020da01eb420 DEOPT UNPACKING pc=0x0000020da7d32b43 sp=0x00000085239fafd8 mode 0
Event: 1.163 Thread 0x0000020da01eb420 DEOPT PACKING pc=0x0000020da8485d4e sp=0x00000085239fd1f0
Event: 1.163 Thread 0x0000020da01eb420 DEOPT UNPACKING pc=0x0000020da7d32b43 sp=0x00000085239fc638 mode 0
Event: 1.179 Thread 0x0000020da01eb420 DEOPT PACKING pc=0x0000020da8485d4e sp=0x00000085239f9ba0
Event: 1.179 Thread 0x0000020da01eb420 DEOPT UNPACKING pc=0x0000020da7d32b43 sp=0x00000085239f8fe8 mode 0
Event: 1.191 Thread 0x0000020da01eb420 DEOPT PACKING pc=0x0000020da8485d4e sp=0x00000085239fd2d0
Event: 1.191 Thread 0x0000020da01eb420 DEOPT UNPACKING pc=0x0000020da7d32b43 sp=0x00000085239fc718 mode 0
Event: 1.207 Thread 0x0000020da01eb420 DEOPT PACKING pc=0x0000020da8485d4e sp=0x00000085239f9e20
Event: 1.207 Thread 0x0000020da01eb420 DEOPT UNPACKING pc=0x0000020da7d32b43 sp=0x00000085239f9268 mode 0
Event: 1.219 Thread 0x0000020da01eb420 DEOPT PACKING pc=0x0000020da8485d4e sp=0x00000085239fd140
Event: 1.219 Thread 0x0000020da01eb420 DEOPT UNPACKING pc=0x0000020da7d32b43 sp=0x00000085239fc588 mode 0

Classes unloaded (0 events):
No events

Classes redefined (0 events):
No events

Internal exceptions (20 events):
Event: 0.603 Thread 0x0000020da01eb420 Exception <a 'java/lang/NoSuchMethodError'{0x0000000720ce3800}: 'int java.lang.invoke.DirectMethodHandle$Holder.invokeStaticInit(java.lang.Object, java.lang.Object)'> (0x0000000720ce3800) 
thrown [c:\wsjdk\corretto17src\installers\windows\zip\corretto-build\buildroot\src\hotspot\share\interpreter\linkResolver.cpp, line 766]
Event: 0.690 Thread 0x0000020da01eb420 Exception <a 'java/lang/NoSuchMethodError'{0x0000000720af2720}: 'int java.lang.invoke.DirectMethodHandle$Holder.invokeStaticInit(java.lang.Object, java.lang.Object, java.lang.Object)'> (0x0000000720af2720) 
thrown [c:\wsjdk\corretto17src\installers\windows\zip\corretto-build\buildroot\src\hotspot\share\interpreter\linkResolver.cpp, line 766]
Event: 0.704 Thread 0x0000020da01eb420 Exception <a 'java/lang/NoSuchMethodError'{0x0000000720b4e1c0}: 'java.lang.Object java.lang.invoke.DirectMethodHandle$Holder.newInvokeSpecial(java.lang.Object, java.lang.Object, java.lang.Object, java.lang.Object, java.lang.Object)'> (0x0000000720b4e1c0) 
thrown [c:\wsjdk\corretto17src\installers\windows\zip\corretto-build\buildroot\src\hotspot\share\interpreter\linkResolver.cpp, line 766]
Event: 0.722 Thread 0x0000020da01eb420 Exception <a 'java/lang/NoSuchMethodError'{0x0000000720bba620}: 'void java.lang.invoke.DirectMethodHandle$Holder.invokeStatic(java.lang.Object, java.lang.Object, java.lang.Object)'> (0x0000000720bba620) 
thrown [c:\wsjdk\corretto17src\installers\windows\zip\corretto-build\buildroot\src\hotspot\share\interpreter\linkResolver.cpp, line 766]
Event: 0.796 Thread 0x0000020da01eb420 Exception <a 'java/lang/NoSuchMethodError'{0x0000000720982000}: 'java.lang.Object java.lang.invoke.DirectMethodHandle$Holder.invokeStaticInit(java.lang.Object)'> (0x0000000720982000) 
thrown [c:\wsjdk\corretto17src\installers\windows\zip\corretto-build\buildroot\src\hotspot\share\interpreter\linkResolver.cpp, line 766]
Event: 0.801 Thread 0x0000020da01eb420 Exception <a 'sun/nio/fs/WindowsException'{0x0000000720996c38}> (0x0000000720996c38) 
thrown [c:\wsjdk\corretto17src\installers\windows\zip\corretto-build\buildroot\src\hotspot\share\prims\jni.cpp, line 516]
Event: 0.929 Thread 0x0000020da01eb420 Exception <a 'java/lang/NoSuchMethodError'{0x0000000720484f38}: 'void java.lang.invoke.DirectMethodHandle$Holder.invokeStatic(java.lang.Object, java.lang.Object, java.lang.Object, java.lang.Object)'> (0x0000000720484f38) 
thrown [c:\wsjdk\corretto17src\installers\windows\zip\corretto-build\buildroot\src\hotspot\share\interpreter\linkResolver.cpp, line 766]
Event: 0.935 Thread 0x0000020da01eb420 Exception <a 'java/lang/NoSuchMethodError'{0x00000007204a6a70}: 'java.lang.Object java.lang.invoke.Invokers$Holder.invokeExact_MT(java.lang.Object, java.lang.Object, java.lang.Object, java.lang.Object, java.lang.Object, java.lang.Object)'> (0x00000007204a6a70) 
thrown [c:\wsjdk\corretto17src\installers\windows\zip\corretto-build\buildroot\src\hotspot\share\interpreter\linkResolver.cpp, line 766]
Event: 0.938 Thread 0x0000020da01eb420 Exception <a 'java/lang/NoSuchMethodError'{0x00000007204b1ac0}: 'void java.lang.invoke.DirectMethodHandle$Holder.invokeStaticInit(java.lang.Object, java.lang.Object, java.lang.Object, java.lang.Object)'> (0x00000007204b1ac0) 
thrown [c:\wsjdk\corretto17src\installers\windows\zip\corretto-build\buildroot\src\hotspot\share\interpreter\linkResolver.cpp, line 766]
Event: 0.942 Thread 0x0000020da01eb420 Exception <a 'java/lang/NoSuchMethodError'{0x00000007204c5500}: 'java.lang.Object java.lang.invoke.DirectMethodHandle$Holder.invokeInterface(java.lang.Object, java.lang.Object, java.lang.Object)'> (0x00000007204c5500) 
thrown [c:\wsjdk\corretto17src\installers\windows\zip\corretto-build\buildroot\src\hotspot\share\interpreter\linkResolver.cpp, line 766]
Event: 0.943 Thread 0x0000020da01eb420 Exception <a 'java/lang/IncompatibleClassChangeError'{0x00000007204c9068}: Found class java.lang.Object, but interface was expected> (0x00000007204c9068) 
thrown [c:\wsjdk\corretto17src\installers\windows\zip\corretto-build\buildroot\src\hotspot\share\interpreter\linkResolver.cpp, line 833]
Event: 0.974 Thread 0x0000020da01eb420 Exception <a 'java/lang/NoSuchMethodError'{0x0000000720578910}: 'int java.lang.invoke.DirectMethodHandle$Holder.invokeSpecial(java.lang.Object, java.lang.Object, java.lang.Object)'> (0x0000000720578910) 
thrown [c:\wsjdk\corretto17src\installers\windows\zip\corretto-build\buildroot\src\hotspot\share\interpreter\linkResolver.cpp, line 766]
Event: 0.988 Thread 0x0000020da01eb420 Exception <a 'java/lang/NoSuchMethodError'{0x00000007205c0cc0}: 'int java.lang.invoke.DirectMethodHandle$Holder.invokeSpecial(java.lang.Object, java.lang.Object, java.lang.Object, java.lang.Object)'> (0x00000007205c0cc0) 
thrown [c:\wsjdk\corretto17src\installers\windows\zip\corretto-build\buildroot\src\hotspot\share\interpreter\linkResolver.cpp, line 766]
Event: 1.053 Thread 0x0000020da01eb420 Exception <a 'java/lang/NoSuchMethodError'{0x000000072196c240}: 'java.lang.Object java.lang.invoke.DirectMethodHandle$Holder.newInvokeSpecial(java.lang.Object, java.lang.Object, java.lang.Object, java.lang.Object, java.lang.Object, java.lang.Object)'> (0x000000072196c240) 
thrown [c:\wsjdk\corretto17src\installers\windows\zip\corretto-build\buildroot\src\hotspot\share\interpreter\linkResolver.cpp, line 766]
Event: 1.084 Thread 0x0000020da01eb420 Exception <a 'java/lang/NoSuchMethodError'{0x00000007216637f0}: 'java.lang.Object java.lang.invoke.DirectMethodHandle$Holder.invokeSpecial(java.lang.Object, java.lang.Object, java.lang.Object, java.lang.Object, java.lang.Object, java.lang.Object, int)'> (0x00000007216637f0) 
thrown [c:\wsjdk\corretto17src\installers\windows\zip\corretto-build\buildroot\src\hotspot\share\interpreter\linkResolver.cpp, line 766]
Event: 1.086 Thread 0x0000020da01eb420 Exception <a 'java/lang/NoSuchMethodError'{0x000000072166dd50}: 'java.lang.Object java.lang.invoke.DirectMethodHandle$Holder.newInvokeSpecial(java.lang.Object, java.lang.Object, java.lang.Object, java.lang.Object, java.lang.Object, java.lang.Object, int)'> (0x000000072166dd50) 
thrown [c:\wsjdk\corretto17src\installers\windows\zip\corretto-build\buildroot\src\hotspot\share\interpreter\linkResolver.cpp, line 766]
Event: 1.086 Thread 0x0000020da01eb420 Exception <a 'java/lang/NoSuchMethodError'{0x0000000721672d90}: 'java.lang.Object java.lang.invoke.DirectMethodHandle$Holder.invokeSpecial(java.lang.Object, java.lang.Object, java.lang.Object, java.lang.Object, java.lang.Object, java.lang.Object, java.lang.Object, int)'> (0x0000000721672d90) 
thrown [c:\wsjdk\corretto17src\installers\windows\zip\corretto-build\buildroot\src\hotspot\share\interpreter\linkResolver.cpp, line 766]
Event: 1.131 Thread 0x0000020da01eb420 Exception <a 'java/lang/NoSuchMethodError'{0x00000007217a5c68}: 'int java.lang.invoke.DirectMethodHandle$Holder.invokeInterface(java.lang.Object, java.lang.Object)'> (0x00000007217a5c68) 
thrown [c:\wsjdk\corretto17src\installers\windows\zip\corretto-build\buildroot\src\hotspot\share\interpreter\linkResolver.cpp, line 766]
Event: 1.155 Thread 0x0000020da01eb420 Exception <a 'java/lang/NoSuchMethodError'{0x0000000721462238}: 'void java.lang.invoke.DirectMethodHandle$Holder.invokeSpecial(java.lang.Object, java.lang.Object, java.lang.Object, java.lang.Object, java.lang.Object)'> (0x0000000721462238) 
thrown [c:\wsjdk\corretto17src\installers\windows\zip\corretto-build\buildroot\src\hotspot\share\interpreter\linkResolver.cpp, line 766]
Event: 1.251 Thread 0x0000020da01eb420 Exception <a 'java/lang/NoSuchMethodError'{0x0000000721306d28}: 'void java.lang.invoke.DirectMethodHandle$Holder.invokeSpecial(java.lang.Object, java.lang.Object, java.lang.Object, java.lang.Object, java.lang.Object, java.lang.Object)'> (0x0000000721306d28) 
thrown [c:\wsjdk\corretto17src\installers\windows\zip\corretto-build\buildroot\src\hotspot\share\interpreter\linkResolver.cpp, line 766]

VM Operations (12 events):
Event: 0.173 Executing VM operation: HandshakeAllThreads
Event: 0.173 Executing VM operation: HandshakeAllThreads done
Event: 0.500 Executing VM operation: HandshakeAllThreads
Event: 0.500 Executing VM operation: HandshakeAllThreads done
Event: 0.528 Executing VM operation: HandshakeAllThreads
Event: 0.528 Executing VM operation: HandshakeAllThreads done
Event: 0.558 Executing VM operation: HandshakeAllThreads
Event: 0.558 Executing VM operation: HandshakeAllThreads done
Event: 0.802 Executing VM operation: HandshakeAllThreads
Event: 0.802 Executing VM operation: HandshakeAllThreads done
Event: 1.000 Executing VM operation: G1CollectForAllocation
Event: 1.006 Executing VM operation: G1CollectForAllocation done

Events (20 events):
Event: 1.197 loading class java/beans/PropertyDescriptor
Event: 1.197 loading class java/beans/PropertyDescriptor done
Event: 1.198 loading class java/io/PushbackInputStream
Event: 1.198 loading class java/io/PushbackInputStream done
Event: 1.199 loading class sun/net/ProgressMonitor
Event: 1.199 loading class sun/net/ProgressMonitor done
Event: 1.199 loading class sun/net/DefaultProgressMeteringPolicy
Event: 1.199 loading class sun/net/ProgressMeteringPolicy
Event: 1.199 loading class sun/net/ProgressMeteringPolicy done
Event: 1.199 loading class sun/net/DefaultProgressMeteringPolicy done
Event: 1.215 loading class java/nio/charset/CharacterCodingException
Event: 1.215 loading class java/nio/charset/CharacterCodingException done
Event: 1.242 loading class java/util/TreeMap$DescendingSubMap
Event: 1.242 loading class java/util/TreeMap$NavigableSubMap
Event: 1.242 loading class java/util/TreeMap$NavigableSubMap done
Event: 1.242 loading class java/util/TreeMap$DescendingSubMap done
Event: 1.243 loading class java/util/TreeMap$NavigableSubMap$DescendingSubMapKeyIterator
Event: 1.243 loading class java/util/TreeMap$NavigableSubMap$SubMapIterator
Event: 1.243 loading class java/util/TreeMap$NavigableSubMap$SubMapIterator done
Event: 1.243 loading class java/util/TreeMap$NavigableSubMap$DescendingSubMapKeyIterator done


Dynamic libraries:
0x00007ff61fe20000 - 0x00007ff61fe2d000 	C:\Users\Han\.jdks\corretto-17.0.3\bin\java.exe
0x00007ffc148f0000 - 0x00007ffc14ae8000 	C:\Windows\SYSTEM32\ntdll.dll
0x00007ffc14610000 - 0x00007ffc146cf000 	C:\Windows\System32\KERNEL32.DLL
0x00007ffc121f0000 - 0x00007ffc124c2000 	C:\Windows\System32\KERNELBASE.dll
0x00007ffc127c0000 - 0x00007ffc128c0000 	C:\Windows\System32\ucrtbase.dll
0x00007ffc0f3e0000 - 0x00007ffc0f3f8000 	C:\Users\Han\.jdks\corretto-17.0.3\bin\jli.dll
0x00007ffc0f420000 - 0x00007ffc0f435000 	C:\Users\Han\.jdks\corretto-17.0.3\bin\VCRUNTIME140.dll
0x00007ffc14100000 - 0x00007ffc142a1000 	C:\Windows\System32\USER32.dll
0x00007ffbfbe30000 - 0x00007ffbfc0ca000 	C:\Windows\WinSxS\amd64_microsoft.windows.common-controls_6595b64144ccf1df_6.0.19041.1110_none_60b5254171f9507e\COMCTL32.dll
0x00007ffc124d0000 - 0x00007ffc124f2000 	C:\Windows\System32\win32u.dll
0x00007ffc12990000 - 0x00007ffc12a2e000 	C:\Windows\System32\msvcrt.dll
0x00007ffc146d0000 - 0x00007ffc146fb000 	C:\Windows\System32\GDI32.dll
0x00007ffc12610000 - 0x00007ffc1271f000 	C:\Windows\System32\gdi32full.dll
0x00007ffc12720000 - 0x00007ffc127bd000 	C:\Windows\System32\msvcp_win.dll
0x00007ffc12af0000 - 0x00007ffc12b22000 	C:\Windows\System32\IMM32.DLL
0x00007ffbed790000 - 0x00007ffbed82b000 	C:\Users\Han\.jdks\corretto-17.0.3\bin\msvcp140.dll
0x00007ffbd9580000 - 0x00007ffbda19b000 	C:\Users\Han\.jdks\corretto-17.0.3\bin\server\jvm.dll
0x00007ffc13470000 - 0x00007ffc1351e000 	C:\Windows\System32\ADVAPI32.dll
0x00007ffc13bf0000 - 0x00007ffc13c8c000 	C:\Windows\System32\sechost.dll
0x00007ffc139f0000 - 0x00007ffc13b15000 	C:\Windows\System32\RPCRT4.dll
0x00007ffc14700000 - 0x00007ffc14708000 	C:\Windows\System32\PSAPI.DLL
0x00007ffbb8a40000 - 0x00007ffbb8a49000 	C:\Windows\SYSTEM32\WSOCK32.dll
0x00007ffc05fa0000 - 0x00007ffc05fc7000 	C:\Windows\SYSTEM32\WINMM.dll
0x00007ffc14840000 - 0x00007ffc148ab000 	C:\Windows\System32\WS2_32.dll
0x00007ffc0aa00000 - 0x00007ffc0aa0a000 	C:\Windows\SYSTEM32\VERSION.dll
0x00007ffc107f0000 - 0x00007ffc10802000 	C:\Windows\SYSTEM32\kernel.appcore.dll
0x00007ffc0f410000 - 0x00007ffc0f41a000 	C:\Users\Han\.jdks\corretto-17.0.3\bin\jimage.dll
0x00007ffc0fe30000 - 0x00007ffc10014000 	C:\Windows\SYSTEM32\DBGHELP.DLL
0x00007ffbff490000 - 0x00007ffbff4c5000 	C:\Windows\SYSTEM32\dbgcore.DLL
0x00007ffc12500000 - 0x00007ffc12582000 	C:\Windows\System32\bcryptPrimitives.dll
0x00007ffc0d8b0000 - 0x00007ffc0d8d5000 	C:\Users\Han\.jdks\corretto-17.0.3\bin\java.dll
0x00007ffbebaf0000 - 0x00007ffbebbc6000 	C:\Users\Han\.jdks\corretto-17.0.3\bin\jsvml.dll
0x00007ffc12c50000 - 0x00007ffc13394000 	C:\Windows\System32\SHELL32.dll
0x00007ffc10040000 - 0x00007ffc107d2000 	C:\Windows\SYSTEM32\windows.storage.dll
0x00007ffc142b0000 - 0x00007ffc14605000 	C:\Windows\System32\combase.dll
0x00007ffc119b0000 - 0x00007ffc119e0000 	C:\Windows\SYSTEM32\Wldp.dll
0x00007ffc13920000 - 0x00007ffc139cd000 	C:\Windows\System32\SHCORE.dll
0x00007ffc13b20000 - 0x00007ffc13b75000 	C:\Windows\System32\shlwapi.dll
0x00007ffc11f20000 - 0x00007ffc11f3f000 	C:\Windows\SYSTEM32\profapi.dll
0x00007ffc06460000 - 0x00007ffc06479000 	C:\Users\Han\.jdks\corretto-17.0.3\bin\net.dll
0x00007ffc0a840000 - 0x00007ffc0a94c000 	C:\Windows\SYSTEM32\WINHTTP.dll
0x00007ffc11660000 - 0x00007ffc116ca000 	C:\Windows\system32\mswsock.dll
0x00007ffbfe5c0000 - 0x00007ffbfe5d5000 	C:\Users\Han\.jdks\corretto-17.0.3\bin\nio.dll
0x00007ffbfe5a0000 - 0x00007ffbfe5b8000 	C:\Users\Han\.jdks\corretto-17.0.3\bin\zip.dll
0x00007ffc0d910000 - 0x00007ffc0d920000 	C:\Users\Han\.jdks\corretto-17.0.3\bin\verify.dll

dbghelp: loaded successfully - version: 4.0.5 - missing functions: none
symbol engine: initialized successfully - sym options: 0x614 - pdb path: .;C:\Users\Han\.jdks\corretto-17.0.3\bin;C:\Windows\SYSTEM32;C:\Windows\WinSxS\amd64_microsoft.windows.common-controls_6595b64144ccf1df_6.0.19041.1110_none_60b5254171f9507e;C:\Users\Han\.jdks\corretto-17.0.3\bin\server

VM Arguments:
jvm_args: -Dfile.encoding=UTF-8 -Duser.country=KR -Duser.language=ko -Duser.variant 
java_command: com.codestates.seb41_pre_011.Seb41Pre011Application
java_class_path (initial): C:\Users\Han\Desktop\programming\codeStates_files\co_project\seb41_pre_011\seb41_pre_011\server\build\classes\java\main;C:\Users\Han\Desktop\programming\codeStates_files\co_project\seb41_pre_011\seb41_pre_011\server\build\resources\main;C:\Users\Han\.gradle\caches\modules-2\files-2.1\org.springframework.boot\spring-boot-starter-data-jpa\2.7.1\39e98264c195a06c8c29a63c24b6ce295ca10795\spring-boot-starter-data-jpa-2.7.1.jar;C:\Users\Han\.gradle\caches\modules-2\files-2.1\org.springframework.boot\spring-boot-starter-validation\2.7.1\8546b0ad5fa5ce6d37cff18a27386532540e2ab8\spring-boot-starter-validation-2.7.1.jar;C:\Users\Han\.gradle\caches\modules-2\files-2.1\org.springframework.boot\spring-boot-starter-web\2.7.1\29f47f503f9955b1a9746870aeaebdba448416d\spring-boot-starter-web-2.7.1.jar;C:\Users\Han\.gradle\caches\modules-2\files-2.1\org.mapstruct\mapstruct\1.5.1.Final\7594423c07ce57b7e649e926c455208854f68322\mapstruct-1.5.1.Final.jar;C:\Users\Han\.gradle\caches\modules-2\files-2.1\org.springframework.boot\spring-boot-starter-mail\2.7.1\7387a86bf0e96c06222c946acedc5d4ff41c0398\spring-boot-starter-mail-2.7.1.jar;C:\Users\Han\.gradle\caches\modules-2\files-2.1\org.apache.tomcat.embed\tomcat-embed-jasper\9.0.64\4f396eb6687df67637caa8bfa5ab2ebeb198cf0\tomcat-embed-jasper-9.0.64.jar;C:\Users\Han\.gradle\caches\modules-2\files-2.1\com.google.code.gson\gson\2.9.0\8a1167e089096758b49f9b34066ef98b2f4b37aa\gson-2.9.0.jar;C:\Users\Han\.gradle\caches\modules-2\files-2.1\com.h2database\h2\2.1.214\d5c2005c9e3279201e12d4776c948578b16bf8b2\h2-2.1.214.jar;C:\Users\Han\.gradle\caches\modules-2\files-2.1\org.springframework.boot\spring-boot-starter-aop\2.7.1\e7c78497e3528ae3037c723259b4b0944994f03\spring-boot-starter-aop-2.7.1.jar;C:\Users\Han\.gradle\caches\modules-2\files-2.1\org.springframework.boot\spring-boot-starter-jdbc\2.7.1\bba8a72a8042cec0b7961f11b0b3332724f5845e\spring-boot-starter-jdbc-2.7.1.jar;C:\Users\Han\.gradle\caches\modules-2\files-2.1\jakar
Launcher Type: SUN_STANDARD

[Global flags]
     intx CICompilerCount                          = 4                                         {product} {ergonomic}
     uint ConcGCThreads                            = 3                                         {product} {ergonomic}
     uint G1ConcRefinementThreads                  = 10                                        {product} {ergonomic}
   size_t G1HeapRegionSize                         = 2097152                                   {product} {ergonomic}
    uintx GCDrainStackTargetSize                   = 64                                        {product} {ergonomic}
   size_t InitialHeapSize                          = 249561088                                 {product} {ergonomic}
   size_t MarkStackSize                            = 4194304                                   {product} {ergonomic}
   size_t MaxHeapSize                              = 3980394496                                {product} {ergonomic}
   size_t MaxNewSize                               = 2386558976                                {product} {ergonomic}
   size_t MinHeapDeltaBytes                        = 2097152                                   {product} {ergonomic}
   size_t MinHeapSize                              = 8388608                                   {product} {ergonomic}
    uintx NonNMethodCodeHeapSize                   = 5839372                                {pd product} {ergonomic}
    uintx NonProfiledCodeHeapSize                  = 122909434                              {pd product} {ergonomic}
    uintx ProfiledCodeHeapSize                     = 122909434                              {pd product} {ergonomic}
    uintx ReservedCodeCacheSize                    = 251658240                              {pd product} {ergonomic}
     bool SegmentedCodeCache                       = true                                      {product} {ergonomic}
   size_t SoftMaxHeapSize                          = 3980394496                             {manageable} {ergonomic}
     bool UseCompressedClassPointers               = true                           {product lp64_product} {ergonomic}
     bool UseCompressedOops                        = true                           {product lp64_product} {ergonomic}
     bool UseG1GC                                  = true                                      {product} {ergonomic}
     bool UseLargePagesIndividualAllocation        = false                                  {pd product} {ergonomic}

Logging:
Log output configuration:
 #0: stdout all=warning uptime,level,tags
 #1: stderr all=off uptime,level,tags

Environment Variables:
JAVA_HOME=C:\Program Files\Zulu\zulu-11
CLASSPATH=C:\Program Files\Zulu\zulu-11\lib
PATH=C:\Program Files\Zulu\zulu-11\bin\;C:\Program Files (x86)\Common Files\Oracle\Java\javapath;C:\Windows\system32;C:\Windows;C:\Windows\System32\Wbem;C:\Windows\System32\WindowsPowerShell\v1.0\;C:\Windows\System32\OpenSSH\;C:\Program Files\MySQL\MySQL Server 8.0\bin;C:\Program Files\Git\cmd;C:\Program Files\Zulu\zulu-11\bin;C:\Users\Han\AppData\Roaming\nvm;C:\Program Files\nodejs;C:\Program Files\Docker\Docker\resources\bin;C:\Program Files\MySQL\MySQL Shell 8.0\bin\;C:\Users\Han\anaconda3;C:\Users\Han\anaconda3\Library\mingw-w64\bin;C:\Users\Han\anaconda3\Library\usr\bin;C:\Users\Han\anaconda3\Library\bin;C:\Users\Han\anaconda3\Scripts;C:\Users\Han\AppData\Local\Programs\Python\Python310\Scripts\;C:\Users\Han\AppData\Local\Programs\Python\Python310\;C:\Users\Han\AppData\Local\Microsoft\WindowsApps;C:\Users\Han\AppData\Local\Programs\Microsoft VS Code\bin;C:\Program Files\JetBrains\IntelliJ IDEA Community Edition 2021.3.3\bin;C:\Users\Han\AppData\Local\JetBrains\Toolbox\scripts;C:\Users\Han\AppData\Roaming\npm
USERNAME=Han
OS=Windows_NT
PROCESSOR_IDENTIFIER=AMD64 Family 25 Model 80 Stepping 0, AuthenticAMD



---------------  S Y S T E M  ---------------

OS:
 Windows 10 , 64 bit Build 19041 (10.0.19041.2364)
OS uptime: 7 days 20:06 hours
Hyper-V role detected

CPU: total 12 (initial active 12) (12 cores per cpu, 2 threads per core) family 25 model 80 stepping 0 microcode 0x0, cx8, cmov, fxsr, ht, mmx, 3dnowpref, sse, sse2, sse3, ssse3, sse4a, sse4.1, sse4.2, popcnt, lzcnt, tsc, tscinvbit, avx, avx2, aes, erms, clmul, bmi1, bmi2, adx, sha, fma, vzeroupper, clflush, clflushopt, hv

Memory: 4k page, system-wide physical 15182M (4249M free)
TotalPageFile size 17975M (AvailPageFile size 4M)
current process WorkingSet (physical memory assigned to process): 85M, peak: 85M
current process commit charge ("private bytes"): 349M, peak: 349M

vm_info: OpenJDK 64-Bit Server VM (17.0.3+6-LTS) for windows-amd64 JRE (17.0.3+6-LTS), built on Apr 15 2022 22:16:02 by "Administrator" with MS VC++ 15.9 (VS2017)

END.
