#
# There is insufficient memory for the Java Runtime Environment to continue.
# Native memory allocation (malloc) failed to allocate 58272 bytes for Chunk::new
# Possible reasons:
#   The system is out of physical RAM or swap space
#   The process is running with CompressedOops enabled, and the Java Heap may be blocking the growth of the native heap
# Possible solutions:
#   Reduce memory load on the system
#   Increase physical memory or swap space
#   Check if swap backing store is full
#   Decrease Java heap size (-Xmx/-Xms)
#   Decrease number of Java threads
#   Decrease Java thread stack sizes (-Xss)
#   Set larger code cache with -XX:ReservedCodeCacheSize=
#   JVM is running with Zero Based Compressed Oops mode in which the Java heap is
#     placed in the first 32GB address space. The Java Heap base address is the
#     maximum limit for the native heap growth. Please use -XX:HeapBaseMinAddress
#     to set the Java Heap base and to place the Java Heap above 32GB virtual address.
# This output file may be truncated or incomplete.
#
#  Out of Memory Error (arena.cpp:189), pid=25872, tid=11720
#
# JRE version: OpenJDK Runtime Environment Corretto-17.0.3.6.1 (17.0.3+6) (build 17.0.3+6-LTS)
# Java VM: OpenJDK 64-Bit Server VM Corretto-17.0.3.6.1 (17.0.3+6-LTS, mixed mode, sharing, tiered, compressed oops, compressed class ptrs, g1 gc, windows-amd64)
# No core dump will be written. Minidumps are not enabled by default on client versions of Windows
#

---------------  S U M M A R Y ------------

Command Line: -Dfile.encoding=UTF-8 -Duser.country=KR -Duser.language=ko -Duser.variant com.codestates.seb41_pre_011.Seb41Pre011Application

Host: AMD Ryzen 5 5600U with Radeon Graphics         , 12 cores, 14G,  Windows 10 , 64 bit Build 19041 (10.0.19041.2364)
Time: Fri Dec 30 11:07:35 2022  Windows 10 , 64 bit Build 19041 (10.0.19041.2364) elapsed time: 1.810043 seconds (0d 0h 0m 1s)

---------------  T H R E A D  ---------------

Current thread (0x0000024cc32bbea0):  JavaThread "C2 CompilerThread2" daemon [_thread_in_native, id=11720, stack(0x0000005fdbc00000,0x0000005fdbd00000)]


Current CompileTask:
C2:   1810 1706       4       jdk.internal.loader.URLClassPath::getResource (74 bytes)

Stack: [0x0000005fdbc00000,0x0000005fdbd00000]
Native frames: (J=compiled Java code, j=interpreted, Vv=VM code, C=native code)
V  [jvm.dll+0x645e5a]
V  [jvm.dll+0x7f6fc4]
V  [jvm.dll+0x7f877e]
V  [jvm.dll+0x7f8dd3]
V  [jvm.dll+0x234bb8]
V  [jvm.dll+0xbce1b]
V  [jvm.dll+0xbd3ac]
V  [jvm.dll+0x29c3ac]
V  [jvm.dll+0x552daa]
V  [jvm.dll+0x2116e5]
V  [jvm.dll+0x20ae30]
V  [jvm.dll+0x2086a2]
V  [jvm.dll+0x198b5d]
V  [jvm.dll+0x217b49]
V  [jvm.dll+0x215d9b]
V  [jvm.dll+0x7af68b]
V  [jvm.dll+0x7a9c9a]
V  [jvm.dll+0x644d05]
C  [ucrtbase.dll+0x21bb2]
C  [KERNEL32.DLL+0x17614]
C  [ntdll.dll+0x526a1]


---------------  P R O C E S S  ---------------

Threads class SMR info:
_java_thread_list=0x0000024cc3b1dec0, length=15, elements={
0x0000024c9d7ce7b0, 0x0000024cc1f5d960, 0x0000024cc1f5e5d0, 0x0000024cc1f727c0,
0x0000024cc2c968b0, 0x0000024cc2c97170, 0x0000024cc2c97a30, 0x0000024cc2c987c0,
0x0000024cc1f77020, 0x0000024cc2cc37f0, 0x0000024cc2def740, 0x0000024cc2dfcc20,
0x0000024cc2efb4e0, 0x0000024cc32bbea0, 0x0000024cc3b4be30
}

Java Threads: ( => current thread )
  0x0000024c9d7ce7b0 JavaThread "main" [_thread_in_vm, id=8748, stack(0x0000005fda800000,0x0000005fda900000)]
  0x0000024cc1f5d960 JavaThread "Reference Handler" daemon [_thread_blocked, id=14060, stack(0x0000005fdaf00000,0x0000005fdb000000)]
  0x0000024cc1f5e5d0 JavaThread "Finalizer" daemon [_thread_blocked, id=21708, stack(0x0000005fdb000000,0x0000005fdb100000)]
  0x0000024cc1f727c0 JavaThread "Signal Dispatcher" daemon [_thread_blocked, id=5312, stack(0x0000005fdb100000,0x0000005fdb200000)]
  0x0000024cc2c968b0 JavaThread "Attach Listener" daemon [_thread_blocked, id=24732, stack(0x0000005fdb200000,0x0000005fdb300000)]
  0x0000024cc2c97170 JavaThread "Service Thread" daemon [_thread_blocked, id=21472, stack(0x0000005fdb300000,0x0000005fdb400000)]
  0x0000024cc2c97a30 JavaThread "Monitor Deflation Thread" daemon [_thread_blocked, id=14772, stack(0x0000005fdb400000,0x0000005fdb500000)]
  0x0000024cc2c987c0 JavaThread "C2 CompilerThread0" daemon [_thread_blocked, id=20984, stack(0x0000005fdb500000,0x0000005fdb600000)]
  0x0000024cc1f77020 JavaThread "C1 CompilerThread0" daemon [_thread_blocked, id=1080, stack(0x0000005fdb600000,0x0000005fdb700000)]
  0x0000024cc2cc37f0 JavaThread "Sweeper thread" daemon [_thread_blocked, id=22580, stack(0x0000005fdb700000,0x0000005fdb800000)]
  0x0000024cc2def740 JavaThread "Notification Thread" daemon [_thread_blocked, id=2764, stack(0x0000005fdb800000,0x0000005fdb900000)]
  0x0000024cc2dfcc20 JavaThread "Common-Cleaner" daemon [_thread_blocked, id=18828, stack(0x0000005fdba00000,0x0000005fdbb00000)]
  0x0000024cc2efb4e0 JavaThread "C2 CompilerThread1" daemon [_thread_in_native, id=21032, stack(0x0000005fdbb00000,0x0000005fdbc00000)]
=>0x0000024cc32bbea0 JavaThread "C2 CompilerThread2" daemon [_thread_in_native, id=11720, stack(0x0000005fdbc00000,0x0000005fdbd00000)]
  0x0000024cc3b4be30 JavaThread "background-preinit" [_thread_in_native, id=25300, stack(0x0000005fdc300000,0x0000005fdc400000)]

Other Threads:
  0x0000024cc1f58e60 VMThread "VM Thread" [stack: 0x0000005fdae00000,0x0000005fdaf00000] [id=11800]
  0x0000024c9fa6cfa0 WatcherThread [stack: 0x0000005fdb900000,0x0000005fdba00000] [id=21912]
  0x0000024c9fa50700 GCTaskThread "GC Thread#0" [stack: 0x0000005fda900000,0x0000005fdaa00000] [id=14392]
  0x0000024cc3771c80 GCTaskThread "GC Thread#1" [stack: 0x0000005fdbd00000,0x0000005fdbe00000] [id=26604]
  0x0000024cc36fed30 GCTaskThread "GC Thread#2" [stack: 0x0000005fdbe00000,0x0000005fdbf00000] [id=19912]
  0x0000024cc3a09420 GCTaskThread "GC Thread#3" [stack: 0x0000005fdbf00000,0x0000005fdc000000] [id=11828]
  0x0000024cc39e1420 GCTaskThread "GC Thread#4" [stack: 0x0000005fdc000000,0x0000005fdc100000] [id=1696]
  0x0000024cc39c7740 GCTaskThread "GC Thread#5" [stack: 0x0000005fdc100000,0x0000005fdc200000] [id=16520]
  0x0000024cc3844e90 GCTaskThread "GC Thread#6" [stack: 0x0000005fdc200000,0x0000005fdc300000] [id=23560]
  0x0000024cc3c0cfe0 GCTaskThread "GC Thread#7" [stack: 0x0000005fdc400000,0x0000005fdc500000] [id=19480]
  0x0000024cc421ec60 GCTaskThread "GC Thread#8" [stack: 0x0000005fdc500000,0x0000005fdc600000] [id=2320]
  0x0000024c9fa61390 ConcurrentGCThread "G1 Main Marker" [stack: 0x0000005fdaa00000,0x0000005fdab00000] [id=20296]
  0x0000024c9fa61da0 ConcurrentGCThread "G1 Conc#0" [stack: 0x0000005fdab00000,0x0000005fdac00000] [id=20612]
  0x0000024cc1e268d0 ConcurrentGCThread "G1 Refine#0" [stack: 0x0000005fdac00000,0x0000005fdad00000] [id=25932]
  0x0000024c9fab1270 ConcurrentGCThread "G1 Service" [stack: 0x0000005fdad00000,0x0000005fdae00000] [id=16860]

Threads with active compile tasks:
C1 CompilerThread0     1829 1763       3       java.lang.NamedPackage::<init> (59 bytes)
C2 CompilerThread1     1829 1728       4       java.io.WinNTFileSystem::normalize (143 bytes)
C2 CompilerThread2     1829 1706       4       jdk.internal.loader.URLClassPath::getResource (74 bytes)

VM state: not at safepoint (normal execution)

VM Mutex/Monitor currently owned by a thread: None

Heap address: 0x0000000712c00000, size: 3796 MB, Compressed Oops mode: Zero based, Oop shift amount: 3

CDS archive(s) mapped at: [0x0000000800000000-0x0000000800bc0000-0x0000000800bc0000), size 12320768, SharedBaseAddress: 0x0000000800000000, ArchiveRelocationMode: 0.
Compressed class space mapped at: 0x0000000800c00000-0x0000000840c00000, reserved size: 1073741824
Narrow klass base: 0x0000000800000000, Narrow klass shift: 0, Narrow klass range: 0x100000000

GC Precious Log:
 CPUs: 12 total, 12 available
 Memory: 15182M
 Large Page Support: Disabled
 NUMA Support: Disabled
 Compressed Oops: Enabled (Zero based)
 Heap Region Size: 2M
 Heap Min Capacity: 8M
 Heap Initial Capacity: 238M
 Heap Max Capacity: 3796M
 Pre-touch: Disabled
 Parallel Workers: 10
 Concurrent Workers: 3
 Concurrent Refinement Workers: 10
 Periodic GC: Disabled

Heap:
 garbage-first heap   total 243712K, used 18307K [0x0000000712c00000, 0x0000000800000000)
  region size 2048K, 7 young (14336K), 1 survivors (2048K)
 Metaspace       used 12819K, committed 13056K, reserved 1064960K
  class space    used 1750K, committed 1856K, reserved 1048576K

Heap Regions: E=young(eden), S=young(survivor), O=old, HS=humongous(starts), HC=humongous(continues), CS=collection set, F=free, OA=open archive, CA=closed archive, TAMS=top-at-mark-start (previous, next)
|   0|0x0000000712c00000, 0x0000000712e00000, 0x0000000712e00000|100%| O|  |TAMS 0x0000000712c00000, 0x0000000712c00000| Untracked 
|   1|0x0000000712e00000, 0x0000000713000000, 0x0000000713000000|100%| O|  |TAMS 0x0000000712e00000, 0x0000000712e00000| Untracked 
|   2|0x0000000713000000, 0x0000000713200000, 0x0000000713200000|100%| O|  |TAMS 0x0000000713000000, 0x0000000713000000| Untracked 
|   3|0x0000000713200000, 0x000000071326a800, 0x0000000713400000| 20%| O|  |TAMS 0x0000000713200000, 0x0000000713200000| Untracked 
|   4|0x0000000713400000, 0x0000000713400000, 0x0000000713600000|  0%| F|  |TAMS 0x0000000713400000, 0x0000000713400000| Untracked 
|   5|0x0000000713600000, 0x0000000713600000, 0x0000000713800000|  0%| F|  |TAMS 0x0000000713600000, 0x0000000713600000| Untracked 
|   6|0x0000000713800000, 0x0000000713800000, 0x0000000713a00000|  0%| F|  |TAMS 0x0000000713800000, 0x0000000713800000| Untracked 
|   7|0x0000000713a00000, 0x0000000713a00000, 0x0000000713c00000|  0%| F|  |TAMS 0x0000000713a00000, 0x0000000713a00000| Untracked 
|   8|0x0000000713c00000, 0x0000000713c00000, 0x0000000713e00000|  0%| F|  |TAMS 0x0000000713c00000, 0x0000000713c00000| Untracked 
|   9|0x0000000713e00000, 0x0000000713e00000, 0x0000000714000000|  0%| F|  |TAMS 0x0000000713e00000, 0x0000000713e00000| Untracked 
|  10|0x0000000714000000, 0x0000000714000000, 0x0000000714200000|  0%| F|  |TAMS 0x0000000714000000, 0x0000000714000000| Untracked 
|  11|0x0000000714200000, 0x0000000714200000, 0x0000000714400000|  0%| F|  |TAMS 0x0000000714200000, 0x0000000714200000| Untracked 
|  12|0x0000000714400000, 0x0000000714400000, 0x0000000714600000|  0%| F|  |TAMS 0x0000000714400000, 0x0000000714400000| Untracked 
|  13|0x0000000714600000, 0x0000000714600000, 0x0000000714800000|  0%| F|  |TAMS 0x0000000714600000, 0x0000000714600000| Untracked 
|  14|0x0000000714800000, 0x0000000714800000, 0x0000000714a00000|  0%| F|  |TAMS 0x0000000714800000, 0x0000000714800000| Untracked 
|  15|0x0000000714a00000, 0x0000000714a00000, 0x0000000714c00000|  0%| F|  |TAMS 0x0000000714a00000, 0x0000000714a00000| Untracked 
|  16|0x0000000714c00000, 0x0000000714c00000, 0x0000000714e00000|  0%| F|  |TAMS 0x0000000714c00000, 0x0000000714c00000| Untracked 
|  17|0x0000000714e00000, 0x0000000714e00000, 0x0000000715000000|  0%| F|  |TAMS 0x0000000714e00000, 0x0000000714e00000| Untracked 
|  18|0x0000000715000000, 0x0000000715000000, 0x0000000715200000|  0%| F|  |TAMS 0x0000000715000000, 0x0000000715000000| Untracked 
|  19|0x0000000715200000, 0x0000000715200000, 0x0000000715400000|  0%| F|  |TAMS 0x0000000715200000, 0x0000000715200000| Untracked 
|  20|0x0000000715400000, 0x0000000715400000, 0x0000000715600000|  0%| F|  |TAMS 0x0000000715400000, 0x0000000715400000| Untracked 
|  21|0x0000000715600000, 0x0000000715600000, 0x0000000715800000|  0%| F|  |TAMS 0x0000000715600000, 0x0000000715600000| Untracked 
|  22|0x0000000715800000, 0x0000000715800000, 0x0000000715a00000|  0%| F|  |TAMS 0x0000000715800000, 0x0000000715800000| Untracked 
|  23|0x0000000715a00000, 0x0000000715a00000, 0x0000000715c00000|  0%| F|  |TAMS 0x0000000715a00000, 0x0000000715a00000| Untracked 
|  24|0x0000000715c00000, 0x0000000715c00000, 0x0000000715e00000|  0%| F|  |TAMS 0x0000000715c00000, 0x0000000715c00000| Untracked 
|  25|0x0000000715e00000, 0x0000000715e00000, 0x0000000716000000|  0%| F|  |TAMS 0x0000000715e00000, 0x0000000715e00000| Untracked 
|  26|0x0000000716000000, 0x0000000716000000, 0x0000000716200000|  0%| F|  |TAMS 0x0000000716000000, 0x0000000716000000| Untracked 
|  27|0x0000000716200000, 0x0000000716200000, 0x0000000716400000|  0%| F|  |TAMS 0x0000000716200000, 0x0000000716200000| Untracked 
|  28|0x0000000716400000, 0x0000000716400000, 0x0000000716600000|  0%| F|  |TAMS 0x0000000716400000, 0x0000000716400000| Untracked 
|  29|0x0000000716600000, 0x0000000716600000, 0x0000000716800000|  0%| F|  |TAMS 0x0000000716600000, 0x0000000716600000| Untracked 
|  30|0x0000000716800000, 0x0000000716800000, 0x0000000716a00000|  0%| F|  |TAMS 0x0000000716800000, 0x0000000716800000| Untracked 
|  31|0x0000000716a00000, 0x0000000716a00000, 0x0000000716c00000|  0%| F|  |TAMS 0x0000000716a00000, 0x0000000716a00000| Untracked 
|  32|0x0000000716c00000, 0x0000000716c00000, 0x0000000716e00000|  0%| F|  |TAMS 0x0000000716c00000, 0x0000000716c00000| Untracked 
|  33|0x0000000716e00000, 0x0000000716e00000, 0x0000000717000000|  0%| F|  |TAMS 0x0000000716e00000, 0x0000000716e00000| Untracked 
|  34|0x0000000717000000, 0x0000000717000000, 0x0000000717200000|  0%| F|  |TAMS 0x0000000717000000, 0x0000000717000000| Untracked 
|  35|0x0000000717200000, 0x0000000717200000, 0x0000000717400000|  0%| F|  |TAMS 0x0000000717200000, 0x0000000717200000| Untracked 
|  36|0x0000000717400000, 0x0000000717400000, 0x0000000717600000|  0%| F|  |TAMS 0x0000000717400000, 0x0000000717400000| Untracked 
|  37|0x0000000717600000, 0x0000000717600000, 0x0000000717800000|  0%| F|  |TAMS 0x0000000717600000, 0x0000000717600000| Untracked 
|  38|0x0000000717800000, 0x0000000717800000, 0x0000000717a00000|  0%| F|  |TAMS 0x0000000717800000, 0x0000000717800000| Untracked 
|  39|0x0000000717a00000, 0x0000000717a00000, 0x0000000717c00000|  0%| F|  |TAMS 0x0000000717a00000, 0x0000000717a00000| Untracked 
|  40|0x0000000717c00000, 0x0000000717c00000, 0x0000000717e00000|  0%| F|  |TAMS 0x0000000717c00000, 0x0000000717c00000| Untracked 
|  41|0x0000000717e00000, 0x0000000717e00000, 0x0000000718000000|  0%| F|  |TAMS 0x0000000717e00000, 0x0000000717e00000| Untracked 
|  42|0x0000000718000000, 0x0000000718000000, 0x0000000718200000|  0%| F|  |TAMS 0x0000000718000000, 0x0000000718000000| Untracked 
|  43|0x0000000718200000, 0x0000000718200000, 0x0000000718400000|  0%| F|  |TAMS 0x0000000718200000, 0x0000000718200000| Untracked 
|  44|0x0000000718400000, 0x0000000718400000, 0x0000000718600000|  0%| F|  |TAMS 0x0000000718400000, 0x0000000718400000| Untracked 
|  45|0x0000000718600000, 0x0000000718600000, 0x0000000718800000|  0%| F|  |TAMS 0x0000000718600000, 0x0000000718600000| Untracked 
|  46|0x0000000718800000, 0x0000000718800000, 0x0000000718a00000|  0%| F|  |TAMS 0x0000000718800000, 0x0000000718800000| Untracked 
|  47|0x0000000718a00000, 0x0000000718a00000, 0x0000000718c00000|  0%| F|  |TAMS 0x0000000718a00000, 0x0000000718a00000| Untracked 
|  48|0x0000000718c00000, 0x0000000718c00000, 0x0000000718e00000|  0%| F|  |TAMS 0x0000000718c00000, 0x0000000718c00000| Untracked 
|  49|0x0000000718e00000, 0x0000000718e00000, 0x0000000719000000|  0%| F|  |TAMS 0x0000000718e00000, 0x0000000718e00000| Untracked 
|  50|0x0000000719000000, 0x0000000719000000, 0x0000000719200000|  0%| F|  |TAMS 0x0000000719000000, 0x0000000719000000| Untracked 
|  51|0x0000000719200000, 0x0000000719200000, 0x0000000719400000|  0%| F|  |TAMS 0x0000000719200000, 0x0000000719200000| Untracked 
|  52|0x0000000719400000, 0x0000000719400000, 0x0000000719600000|  0%| F|  |TAMS 0x0000000719400000, 0x0000000719400000| Untracked 
|  53|0x0000000719600000, 0x0000000719600000, 0x0000000719800000|  0%| F|  |TAMS 0x0000000719600000, 0x0000000719600000| Untracked 
|  54|0x0000000719800000, 0x0000000719800000, 0x0000000719a00000|  0%| F|  |TAMS 0x0000000719800000, 0x0000000719800000| Untracked 
|  55|0x0000000719a00000, 0x0000000719a00000, 0x0000000719c00000|  0%| F|  |TAMS 0x0000000719a00000, 0x0000000719a00000| Untracked 
|  56|0x0000000719c00000, 0x0000000719c00000, 0x0000000719e00000|  0%| F|  |TAMS 0x0000000719c00000, 0x0000000719c00000| Untracked 
|  57|0x0000000719e00000, 0x0000000719e00000, 0x000000071a000000|  0%| F|  |TAMS 0x0000000719e00000, 0x0000000719e00000| Untracked 
|  58|0x000000071a000000, 0x000000071a000000, 0x000000071a200000|  0%| F|  |TAMS 0x000000071a000000, 0x000000071a000000| Untracked 
|  59|0x000000071a200000, 0x000000071a200000, 0x000000071a400000|  0%| F|  |TAMS 0x000000071a200000, 0x000000071a200000| Untracked 
|  60|0x000000071a400000, 0x000000071a400000, 0x000000071a600000|  0%| F|  |TAMS 0x000000071a400000, 0x000000071a400000| Untracked 
|  61|0x000000071a600000, 0x000000071a600000, 0x000000071a800000|  0%| F|  |TAMS 0x000000071a600000, 0x000000071a600000| Untracked 
|  62|0x000000071a800000, 0x000000071a800000, 0x000000071aa00000|  0%| F|  |TAMS 0x000000071a800000, 0x000000071a800000| Untracked 
|  63|0x000000071aa00000, 0x000000071aa00000, 0x000000071ac00000|  0%| F|  |TAMS 0x000000071aa00000, 0x000000071aa00000| Untracked 
|  64|0x000000071ac00000, 0x000000071ac00000, 0x000000071ae00000|  0%| F|  |TAMS 0x000000071ac00000, 0x000000071ac00000| Untracked 
|  65|0x000000071ae00000, 0x000000071ae00000, 0x000000071b000000|  0%| F|  |TAMS 0x000000071ae00000, 0x000000071ae00000| Untracked 
|  66|0x000000071b000000, 0x000000071b000000, 0x000000071b200000|  0%| F|  |TAMS 0x000000071b000000, 0x000000071b000000| Untracked 
|  67|0x000000071b200000, 0x000000071b200000, 0x000000071b400000|  0%| F|  |TAMS 0x000000071b200000, 0x000000071b200000| Untracked 
|  68|0x000000071b400000, 0x000000071b400000, 0x000000071b600000|  0%| F|  |TAMS 0x000000071b400000, 0x000000071b400000| Untracked 
|  69|0x000000071b600000, 0x000000071b600000, 0x000000071b800000|  0%| F|  |TAMS 0x000000071b600000, 0x000000071b600000| Untracked 
|  70|0x000000071b800000, 0x000000071b800000, 0x000000071ba00000|  0%| F|  |TAMS 0x000000071b800000, 0x000000071b800000| Untracked 
|  71|0x000000071ba00000, 0x000000071ba00000, 0x000000071bc00000|  0%| F|  |TAMS 0x000000071ba00000, 0x000000071ba00000| Untracked 
|  72|0x000000071bc00000, 0x000000071bc00000, 0x000000071be00000|  0%| F|  |TAMS 0x000000071bc00000, 0x000000071bc00000| Untracked 
|  73|0x000000071be00000, 0x000000071be00000, 0x000000071c000000|  0%| F|  |TAMS 0x000000071be00000, 0x000000071be00000| Untracked 
|  74|0x000000071c000000, 0x000000071c000000, 0x000000071c200000|  0%| F|  |TAMS 0x000000071c000000, 0x000000071c000000| Untracked 
|  75|0x000000071c200000, 0x000000071c200000, 0x000000071c400000|  0%| F|  |TAMS 0x000000071c200000, 0x000000071c200000| Untracked 
|  76|0x000000071c400000, 0x000000071c400000, 0x000000071c600000|  0%| F|  |TAMS 0x000000071c400000, 0x000000071c400000| Untracked 
|  77|0x000000071c600000, 0x000000071c600000, 0x000000071c800000|  0%| F|  |TAMS 0x000000071c600000, 0x000000071c600000| Untracked 
|  78|0x000000071c800000, 0x000000071c800000, 0x000000071ca00000|  0%| F|  |TAMS 0x000000071c800000, 0x000000071c800000| Untracked 
|  79|0x000000071ca00000, 0x000000071ca00000, 0x000000071cc00000|  0%| F|  |TAMS 0x000000071ca00000, 0x000000071ca00000| Untracked 
|  80|0x000000071cc00000, 0x000000071cc00000, 0x000000071ce00000|  0%| F|  |TAMS 0x000000071cc00000, 0x000000071cc00000| Untracked 
|  81|0x000000071ce00000, 0x000000071ce00000, 0x000000071d000000|  0%| F|  |TAMS 0x000000071ce00000, 0x000000071ce00000| Untracked 
|  82|0x000000071d000000, 0x000000071d000000, 0x000000071d200000|  0%| F|  |TAMS 0x000000071d000000, 0x000000071d000000| Untracked 
|  83|0x000000071d200000, 0x000000071d200000, 0x000000071d400000|  0%| F|  |TAMS 0x000000071d200000, 0x000000071d200000| Untracked 
|  84|0x000000071d400000, 0x000000071d400000, 0x000000071d600000|  0%| F|  |TAMS 0x000000071d400000, 0x000000071d400000| Untracked 
|  85|0x000000071d600000, 0x000000071d600000, 0x000000071d800000|  0%| F|  |TAMS 0x000000071d600000, 0x000000071d600000| Untracked 
|  86|0x000000071d800000, 0x000000071d800000, 0x000000071da00000|  0%| F|  |TAMS 0x000000071d800000, 0x000000071d800000| Untracked 
|  87|0x000000071da00000, 0x000000071da00000, 0x000000071dc00000|  0%| F|  |TAMS 0x000000071da00000, 0x000000071da00000| Untracked 
|  88|0x000000071dc00000, 0x000000071dc00000, 0x000000071de00000|  0%| F|  |TAMS 0x000000071dc00000, 0x000000071dc00000| Untracked 
|  89|0x000000071de00000, 0x000000071de00000, 0x000000071e000000|  0%| F|  |TAMS 0x000000071de00000, 0x000000071de00000| Untracked 
|  90|0x000000071e000000, 0x000000071e000000, 0x000000071e200000|  0%| F|  |TAMS 0x000000071e000000, 0x000000071e000000| Untracked 
|  91|0x000000071e200000, 0x000000071e200000, 0x000000071e400000|  0%| F|  |TAMS 0x000000071e200000, 0x000000071e200000| Untracked 
|  92|0x000000071e400000, 0x000000071e400000, 0x000000071e600000|  0%| F|  |TAMS 0x000000071e400000, 0x000000071e400000| Untracked 
|  93|0x000000071e600000, 0x000000071e600000, 0x000000071e800000|  0%| F|  |TAMS 0x000000071e600000, 0x000000071e600000| Untracked 
|  94|0x000000071e800000, 0x000000071e800000, 0x000000071ea00000|  0%| F|  |TAMS 0x000000071e800000, 0x000000071e800000| Untracked 
|  95|0x000000071ea00000, 0x000000071ea00000, 0x000000071ec00000|  0%| F|  |TAMS 0x000000071ea00000, 0x000000071ea00000| Untracked 
|  96|0x000000071ec00000, 0x000000071ec00000, 0x000000071ee00000|  0%| F|  |TAMS 0x000000071ec00000, 0x000000071ec00000| Untracked 
|  97|0x000000071ee00000, 0x000000071ee00000, 0x000000071f000000|  0%| F|  |TAMS 0x000000071ee00000, 0x000000071ee00000| Untracked 
|  98|0x000000071f000000, 0x000000071f000000, 0x000000071f200000|  0%| F|  |TAMS 0x000000071f000000, 0x000000071f000000| Untracked 
|  99|0x000000071f200000, 0x000000071f200000, 0x000000071f400000|  0%| F|  |TAMS 0x000000071f200000, 0x000000071f200000| Untracked 
| 100|0x000000071f400000, 0x000000071f400000, 0x000000071f600000|  0%| F|  |TAMS 0x000000071f400000, 0x000000071f400000| Untracked 
| 101|0x000000071f600000, 0x000000071f600000, 0x000000071f800000|  0%| F|  |TAMS 0x000000071f600000, 0x000000071f600000| Untracked 
| 102|0x000000071f800000, 0x000000071f800000, 0x000000071fa00000|  0%| F|  |TAMS 0x000000071f800000, 0x000000071f800000| Untracked 
| 103|0x000000071fa00000, 0x000000071fa00000, 0x000000071fc00000|  0%| F|  |TAMS 0x000000071fa00000, 0x000000071fa00000| Untracked 
| 104|0x000000071fc00000, 0x000000071fd766e0, 0x000000071fe00000| 73%| S|CS|TAMS 0x000000071fc00000, 0x000000071fc00000| Complete 
| 105|0x000000071fe00000, 0x000000071fe00000, 0x0000000720000000|  0%| F|  |TAMS 0x000000071fe00000, 0x000000071fe00000| Untracked 
| 106|0x0000000720000000, 0x0000000720000000, 0x0000000720200000|  0%| F|  |TAMS 0x0000000720000000, 0x0000000720000000| Untracked 
| 107|0x0000000720200000, 0x0000000720200000, 0x0000000720400000|  0%| F|  |TAMS 0x0000000720200000, 0x0000000720200000| Untracked 
| 108|0x0000000720400000, 0x0000000720400000, 0x0000000720600000|  0%| F|  |TAMS 0x0000000720400000, 0x0000000720400000| Untracked 
| 109|0x0000000720600000, 0x0000000720600000, 0x0000000720800000|  0%| F|  |TAMS 0x0000000720600000, 0x0000000720600000| Untracked 
| 110|0x0000000720800000, 0x0000000720800000, 0x0000000720a00000|  0%| F|  |TAMS 0x0000000720800000, 0x0000000720800000| Untracked 
| 111|0x0000000720a00000, 0x0000000720a00000, 0x0000000720c00000|  0%| F|  |TAMS 0x0000000720a00000, 0x0000000720a00000| Untracked 
| 112|0x0000000720c00000, 0x0000000720c00000, 0x0000000720e00000|  0%| F|  |TAMS 0x0000000720c00000, 0x0000000720c00000| Untracked 
| 113|0x0000000720e00000, 0x0000000720f00800, 0x0000000721000000| 50%| E|  |TAMS 0x0000000720e00000, 0x0000000720e00000| Complete 
| 114|0x0000000721000000, 0x0000000721200000, 0x0000000721200000|100%| E|CS|TAMS 0x0000000721000000, 0x0000000721000000| Complete 
| 115|0x0000000721200000, 0x0000000721400000, 0x0000000721400000|100%| E|CS|TAMS 0x0000000721200000, 0x0000000721200000| Complete 
| 116|0x0000000721400000, 0x0000000721600000, 0x0000000721600000|100%| E|CS|TAMS 0x0000000721400000, 0x0000000721400000| Complete 
| 117|0x0000000721600000, 0x0000000721800000, 0x0000000721800000|100%| E|CS|TAMS 0x0000000721600000, 0x0000000721600000| Complete 
| 118|0x0000000721800000, 0x0000000721a00000, 0x0000000721a00000|100%| E|CS|TAMS 0x0000000721800000, 0x0000000721800000| Complete 

Card table byte_map: [0x0000024cb71a0000,0x0000024cb7910000] _byte_map_base: 0x0000024cb390a000

Marking Bits (Prev, Next): (CMBitMap*) 0x0000024c9fa51d20, (CMBitMap*) 0x0000024c9fa51d60
 Prev Bits: [0x0000024cb8080000, 0x0000024cbbbd0000)
 Next Bits: [0x0000024cbbbd0000, 0x0000024cbf720000)

Polling page: 0x0000024c9d980000

Metaspace:

Usage:
  Non-class:     10.86 MB used.
      Class:      1.72 MB used.
       Both:     12.57 MB used.

Virtual space:
  Non-class space:       16.00 MB reserved,      11.00 MB ( 69%) committed,  2 nodes.
      Class space:        1.00 GB reserved,       1.81 MB ( <1%) committed,  1 nodes.
             Both:        1.02 GB reserved,      12.81 MB (  1%) committed. 

Chunk freelists:
   Non-Class:  608.00 KB
       Class:  2.00 MB
        Both:  2.59 MB

MaxMetaspaceSize: unlimited
CompressedClassSpaceSize: 1.00 GB
Initial GC threshold: 21.00 MB
Current GC threshold: 21.00 MB
CDS: on
MetaspaceReclaimPolicy: balanced
 - commit_granule_bytes: 65536.
 - commit_granule_words: 8192.
 - virtual_space_node_default_size: 1048576.
 - enlarge_chunks_in_place: 1.
 - new_chunks_are_fully_committed: 0.
 - uncommit_free_chunks: 1.
 - use_allocation_guard: 0.
 - handle_deallocations: 1.


Internal statistics:

num_allocs_failed_limit: 0.
num_arena_births: 126.
num_arena_deaths: 0.
num_vsnodes_births: 3.
num_vsnodes_deaths: 0.
num_space_committed: 205.
num_space_uncommitted: 0.
num_chunks_returned_to_freelist: 0.
num_chunks_taken_from_freelist: 527.
num_chunk_merges: 0.
num_chunk_splits: 355.
num_chunks_enlarged: 296.
num_purges: 0.
num_inconsistent_stats: 0.

CodeHeap 'non-profiled nmethods': size=120000Kb used=735Kb max_used=735Kb free=119264Kb
 bounds [0x0000024caefb0000, 0x0000024caf220000, 0x0000024cb64e0000]
CodeHeap 'profiled nmethods': size=120000Kb used=3211Kb max_used=3211Kb free=116789Kb
 bounds [0x0000024ca7a80000, 0x0000024ca7db0000, 0x0000024caefb0000]
CodeHeap 'non-nmethods': size=5760Kb used=1170Kb max_used=1199Kb free=4589Kb
 bounds [0x0000024ca74e0000, 0x0000024ca7750000, 0x0000024ca7a80000]
 total_blobs=2234 nmethods=1770 adapters=376
 compilation: enabled
              stopped_count=0, restarted_count=0
 full_count=0

Compilation events (20 events):
Event: 1.788 Thread 0x0000024cc1f77020 1731       3       java.lang.reflect.Method::copy (84 bytes)
Event: 1.789 Thread 0x0000024cc1f77020 nmethod 1731 0x0000024ca7d8fb10 code [0x0000024ca7d8fce0, 0x0000024ca7d90138]
Event: 1.789 Thread 0x0000024cc1f77020 1732       3       java.lang.StringLatin1::getChar (9 bytes)
Event: 1.789 Thread 0x0000024cc1f77020 nmethod 1732 0x0000024ca7d90290 code [0x0000024ca7d90420, 0x0000024ca7d90538]
Event: 1.789 Thread 0x0000024cc1f77020 1733       3       java.util.StringJoiner::checkAddLength (50 bytes)
Event: 1.789 Thread 0x0000024cc1f77020 nmethod 1733 0x0000024ca7d90610 code [0x0000024ca7d907e0, 0x0000024ca7d90c28]
Event: 1.789 Thread 0x0000024cc1f77020 1735       3       java.lang.ref.WeakReference::<init> (6 bytes)
Event: 1.790 Thread 0x0000024cc1f77020 nmethod 1735 0x0000024ca7d90e90 code [0x0000024ca7d91040, 0x0000024ca7d91358]
Event: 1.790 Thread 0x0000024cc1f77020 1737       1       java.lang.reflect.Method::getGenericSignature (5 bytes)
Event: 1.790 Thread 0x0000024cc1f77020 nmethod 1737 0x0000024caf062a90 code [0x0000024caf062c20, 0x0000024caf062cf8]
Event: 1.790 Thread 0x0000024cc1f77020 1738       3       sun.reflect.generics.reflectiveObjects.ParameterizedTypeImpl::<init> (35 bytes)
Event: 1.790 Thread 0x0000024cc1f77020 nmethod 1738 0x0000024ca7d91490 code [0x0000024ca7d91660, 0x0000024ca7d919b8]
Event: 1.793 Thread 0x0000024cc1f77020 1739       3       java.util.concurrent.ConcurrentHashMap::get (162 bytes)
Event: 1.794 Thread 0x0000024cc1f77020 nmethod 1739 0x0000024ca7d91b10 code [0x0000024ca7d91d60, 0x0000024ca7d92868]
Event: 1.795 Thread 0x0000024cc1f77020 1740       3       sun.reflect.generics.parser.SignatureParser::parseTypeSignature (130 bytes)
Event: 1.795 Thread 0x0000024cc1f77020 nmethod 1740 0x0000024ca7d92b90 code [0x0000024ca7d92d60, 0x0000024ca7d93208]
Event: 1.796 Thread 0x0000024cc2c987c0 1741       4       java.lang.String::<init> (74 bytes)
Event: 1.798 Thread 0x0000024cc1f77020 1742   !   3       sun.reflect.annotation.AnnotationParser::parseAnnotations (37 bytes)
Event: 1.799 Thread 0x0000024cc1f77020 nmethod 1742 0x0000024ca7d93310 code [0x0000024ca7d93500, 0x0000024ca7d93828]
Event: 1.801 Thread 0x0000024cc2c987c0 nmethod 1741 0x0000024caf062d90 code [0x0000024caf062f20, 0x0000024caf063358]

GC Heap History (4 events):
Event: 0.963 GC heap before
{Heap before GC invocations=0 (full 0):
 garbage-first heap   total 243712K, used 22528K [0x0000000712c00000, 0x0000000800000000)
  region size 2048K, 11 young (22528K), 0 survivors (0K)
 Metaspace       used 5248K, committed 5440K, reserved 1056768K
  class space    used 615K, committed 704K, reserved 1048576K
}
Event: 0.970 GC heap after
{Heap after GC invocations=1 (full 0):
 garbage-first heap   total 243712K, used 6538K [0x0000000712c00000, 0x0000000800000000)
  region size 2048K, 2 young (4096K), 2 survivors (4096K)
 Metaspace       used 5248K, committed 5440K, reserved 1056768K
  class space    used 615K, committed 704K, reserved 1048576K
}
Event: 1.659 GC heap before
{Heap before GC invocations=1 (full 0):
 garbage-first heap   total 243712K, used 31114K [0x0000000712c00000, 0x0000000800000000)
  region size 2048K, 14 young (28672K), 2 survivors (4096K)
 Metaspace       used 10972K, committed 11136K, reserved 1064960K
  class space    used 1432K, committed 1536K, reserved 1048576K
}
Event: 1.666 GC heap after
{Heap after GC invocations=2 (full 0):
 garbage-first heap   total 243712K, used 8067K [0x0000000712c00000, 0x0000000800000000)
  region size 2048K, 1 young (2048K), 1 survivors (2048K)
 Metaspace       used 10972K, committed 11136K, reserved 1064960K
  class space    used 1432K, committed 1536K, reserved 1048576K
}

Deoptimization events (20 events):
Event: 1.646 Thread 0x0000024c9d7ce7b0 Uncommon trap: trap_request=0xffffff45 fr.pc=0x0000024caf01d448 relative=0x0000000000000748
Event: 1.646 Thread 0x0000024c9d7ce7b0 Uncommon trap: reason=unstable_if action=reinterpret pc=0x0000024caf01d448 method=java.util.HashMap.putVal(ILjava/lang/Object;Ljava/lang/Object;ZZ)Ljava/lang/Object; @ 181 c2
Event: 1.646 Thread 0x0000024c9d7ce7b0 DEOPT PACKING pc=0x0000024caf01d448 sp=0x0000005fda8fe030
Event: 1.646 Thread 0x0000024c9d7ce7b0 DEOPT UNPACKING pc=0x0000024ca75323a3 sp=0x0000005fda8fdf58 mode 2
Event: 1.648 Thread 0x0000024c9d7ce7b0 Uncommon trap: trap_request=0xffffff45 fr.pc=0x0000024caf027b7c relative=0x00000000000002dc
Event: 1.648 Thread 0x0000024c9d7ce7b0 Uncommon trap: reason=unstable_if action=reinterpret pc=0x0000024caf027b7c method=jdk.internal.org.objectweb.asm.SymbolTable.put(Ljdk/internal/org/objectweb/asm/SymbolTable$Entry;)Ljdk/internal/org/objectweb/asm/SymbolTable$Entry; @ 13 c2
Event: 1.648 Thread 0x0000024c9d7ce7b0 DEOPT PACKING pc=0x0000024caf027b7c sp=0x0000005fda8fd700
Event: 1.648 Thread 0x0000024c9d7ce7b0 DEOPT UNPACKING pc=0x0000024ca75323a3 sp=0x0000005fda8fd680 mode 2
Event: 1.693 Thread 0x0000024c9d7ce7b0 Uncommon trap: trap_request=0xffffff45 fr.pc=0x0000024caf04bea0 relative=0x0000000000001540
Event: 1.693 Thread 0x0000024c9d7ce7b0 Uncommon trap: reason=unstable_if action=reinterpret pc=0x0000024caf04bea0 method=java.util.concurrent.ConcurrentHashMap.transfer([Ljava/util/concurrent/ConcurrentHashMap$Node;[Ljava/util/concurrent/ConcurrentHashMap$Node;)V @ 26 c2
Event: 1.693 Thread 0x0000024c9d7ce7b0 DEOPT PACKING pc=0x0000024caf04bea0 sp=0x0000005fda8fe2e0
Event: 1.693 Thread 0x0000024c9d7ce7b0 DEOPT UNPACKING pc=0x0000024ca75323a3 sp=0x0000005fda8fe250 mode 2
Event: 1.784 Thread 0x0000024cc3b4be30 DEOPT PACKING pc=0x0000024ca7d35a98 sp=0x0000005fdc3fdda0
Event: 1.784 Thread 0x0000024cc3b4be30 DEOPT UNPACKING pc=0x0000024ca7532b43 sp=0x0000005fdc3fd2a8 mode 0
Event: 1.786 Thread 0x0000024c9d7ce7b0 Uncommon trap: trap_request=0xffffff45 fr.pc=0x0000024caeffa818 relative=0x0000000000000278
Event: 1.786 Thread 0x0000024c9d7ce7b0 Uncommon trap: reason=unstable_if action=reinterpret pc=0x0000024caeffa818 method=java.util.concurrent.ConcurrentHashMap.get(Ljava/lang/Object;)Ljava/lang/Object; @ 76 c2
Event: 1.786 Thread 0x0000024c9d7ce7b0 DEOPT PACKING pc=0x0000024caeffa818 sp=0x0000005fda8fd540
Event: 1.786 Thread 0x0000024c9d7ce7b0 DEOPT UNPACKING pc=0x0000024ca75323a3 sp=0x0000005fda8fd4b8 mode 2
Event: 1.801 Thread 0x0000024c9d7ce7b0 DEOPT PACKING pc=0x0000024ca7d35a98 sp=0x0000005fda8fd330
Event: 1.801 Thread 0x0000024c9d7ce7b0 DEOPT UNPACKING pc=0x0000024ca7532b43 sp=0x0000005fda8fc838 mode 0

Classes unloaded (0 events):
No events

Classes redefined (0 events):
No events

Internal exceptions (20 events):
Event: 1.360 Thread 0x0000024c9d7ce7b0 Exception <a 'java/lang/NoSuchMethodError'{0x00000007211ad758}: 'void java.lang.invoke.DirectMethodHandle$Holder.invokeVirtual(java.lang.Object, java.lang.Object, java.lang.Object, java.lang.Object)'> (0x00000007211ad758) 
thrown [c:\wsjdk\corretto17src\installers\windows\zip\corretto-build\buildroot\src\hotspot\share\interpreter\linkResolver.cpp, line 766]
Event: 1.417 Thread 0x0000024c9d7ce7b0 Exception <a 'java/lang/NoSuchMethodError'{0x0000000720f3f088}: 'void java.lang.invoke.DirectMethodHandle$Holder.invokeSpecial(java.lang.Object, java.lang.Object, java.lang.Object)'> (0x0000000720f3f088) 
thrown [c:\wsjdk\corretto17src\installers\windows\zip\corretto-build\buildroot\src\hotspot\share\interpreter\linkResolver.cpp, line 766]
Event: 1.421 Thread 0x0000024c9d7ce7b0 Exception <a 'java/lang/NoSuchMethodError'{0x0000000720f59808}: 'java.lang.Object java.lang.invoke.DirectMethodHandle$Holder.invokeVirtual(java.lang.Object, java.lang.Object, java.lang.Object)'> (0x0000000720f59808) 
thrown [c:\wsjdk\corretto17src\installers\windows\zip\corretto-build\buildroot\src\hotspot\share\interpreter\linkResolver.cpp, line 766]
Event: 1.535 Thread 0x0000024cc3b4be30 Exception <a 'java/lang/NoSuchMethodError'{0x0000000720972f90}: 'void java.lang.invoke.DirectMethodHandle$Holder.invokeInterface(java.lang.Object, java.lang.Object, java.lang.Object, java.lang.Object)'> (0x0000000720972f90) 
thrown [c:\wsjdk\corretto17src\installers\windows\zip\corretto-build\buildroot\src\hotspot\share\interpreter\linkResolver.cpp, line 766]
Event: 1.598 Thread 0x0000024c9d7ce7b0 Exception <a 'java/lang/NoSuchMethodError'{0x0000000720434950}: 'org.slf4j.impl.StaticMDCBinder org.slf4j.impl.StaticMDCBinder.getSingleton()'> (0x0000000720434950) 
thrown [c:\wsjdk\corretto17src\installers\windows\zip\corretto-build\buildroot\src\hotspot\share\interpreter\linkResolver.cpp, line 766]
Event: 1.778 Thread 0x0000024c9d7ce7b0 Exception <a 'java/lang/ClassNotFoundException'{0x00000007215d69d0}: java/lang/ObjectCustomizer> (0x00000007215d69d0) 
thrown [c:\wsjdk\corretto17src\installers\windows\zip\corretto-build\buildroot\src\hotspot\share\classfile\systemDictionary.cpp, line 256]
Event: 1.782 Thread 0x0000024c9d7ce7b0 Exception <a 'java/lang/IncompatibleClassChangeError'{0x00000007215db870}: Found class java.lang.Object, but interface was expected> (0x00000007215db870) 
thrown [c:\wsjdk\corretto17src\installers\windows\zip\corretto-build\buildroot\src\hotspot\share\interpreter\linkResolver.cpp, line 833]
Event: 1.788 Thread 0x0000024c9d7ce7b0 Exception <a 'java/lang/ClassNotFoundException'{0x00000007215f5718}: org/springframework/context/annotation/ConfigurationClassPostProcessorCustomizer> (0x00000007215f5718) 
thrown [c:\wsjdk\corretto17src\installers\windows\zip\corretto-build\buildroot\src\hotspot\share\classfile\systemDictionary.cpp, line 256]
Event: 1.793 Thread 0x0000024c9d7ce7b0 Exception <a 'java/lang/ClassNotFoundException'{0x0000000721316918}: org/springframework/beans/factory/support/BeanDefinitionRegistryPostProcessorCustomizer> (0x0000000721316918) 
thrown [c:\wsjdk\corretto17src\installers\windows\zip\corretto-build\buildroot\src\hotspot\share\classfile\systemDictionary.cpp, line 256]
Event: 1.795 Thread 0x0000024c9d7ce7b0 Exception <a 'java/lang/ClassNotFoundException'{0x000000072131ca98}: org/springframework/beans/factory/config/BeanFactoryPostProcessorCustomizer> (0x000000072131ca98) 
thrown [c:\wsjdk\corretto17src\installers\windows\zip\corretto-build\buildroot\src\hotspot\share\classfile\systemDictionary.cpp, line 256]
Event: 1.796 Thread 0x0000024c9d7ce7b0 Exception <a 'java/lang/ClassNotFoundException'{0x0000000721322930}: org/springframework/core/PriorityOrderedCustomizer> (0x0000000721322930) 
thrown [c:\wsjdk\corretto17src\installers\windows\zip\corretto-build\buildroot\src\hotspot\share\classfile\systemDictionary.cpp, line 256]
Event: 1.796 Thread 0x0000024c9d7ce7b0 Exception <a 'java/lang/ClassNotFoundException'{0x00000007213273e0}: org/springframework/core/OrderedCustomizer> (0x00000007213273e0) 
thrown [c:\wsjdk\corretto17src\installers\windows\zip\corretto-build\buildroot\src\hotspot\share\classfile\systemDictionary.cpp, line 256]
Event: 1.798 Thread 0x0000024c9d7ce7b0 Exception <a 'java/lang/ClassNotFoundException'{0x000000072132d128}: org/springframework/context/ResourceLoaderAwareCustomizer> (0x000000072132d128) 
thrown [c:\wsjdk\corretto17src\installers\windows\zip\corretto-build\buildroot\src\hotspot\share\classfile\systemDictionary.cpp, line 256]
Event: 1.799 Thread 0x0000024c9d7ce7b0 Exception <a 'java/lang/ClassNotFoundException'{0x0000000721332f98}: org/springframework/beans/factory/AwareCustomizer> (0x0000000721332f98) 
thrown [c:\wsjdk\corretto17src\installers\windows\zip\corretto-build\buildroot\src\hotspot\share\classfile\systemDictionary.cpp, line 256]
Event: 1.800 Thread 0x0000024c9d7ce7b0 Exception <a 'java/lang/ClassNotFoundException'{0x0000000721337e40}: org/springframework/context/ApplicationStartupAwareCustomizer> (0x0000000721337e40) 
thrown [c:\wsjdk\corretto17src\installers\windows\zip\corretto-build\buildroot\src\hotspot\share\classfile\systemDictionary.cpp, line 256]
Event: 1.801 Thread 0x0000024c9d7ce7b0 Exception <a 'java/lang/ClassNotFoundException'{0x000000072133df38}: org/springframework/beans/factory/AwareCustomizer> (0x000000072133df38) 
thrown [c:\wsjdk\corretto17src\installers\windows\zip\corretto-build\buildroot\src\hotspot\share\classfile\systemDictionary.cpp, line 256]
Event: 1.802 Thread 0x0000024c9d7ce7b0 Exception <a 'java/lang/ClassNotFoundException'{0x0000000721342e48}: org/springframework/beans/factory/BeanClassLoaderAwareCustomizer> (0x0000000721342e48) 
thrown [c:\wsjdk\corretto17src\installers\windows\zip\corretto-build\buildroot\src\hotspot\share\classfile\systemDictionary.cpp, line 256]
Event: 1.803 Thread 0x0000024c9d7ce7b0 Exception <a 'java/lang/ClassNotFoundException'{0x0000000721348ca0}: org/springframework/beans/factory/AwareCustomizer> (0x0000000721348ca0) 
thrown [c:\wsjdk\corretto17src\installers\windows\zip\corretto-build\buildroot\src\hotspot\share\classfile\systemDictionary.cpp, line 256]
Event: 1.803 Thread 0x0000024c9d7ce7b0 Exception <a 'java/lang/ClassNotFoundException'{0x000000072134d8e0}: org/springframework/context/EnvironmentAwareCustomizer> (0x000000072134d8e0) 
thrown [c:\wsjdk\corretto17src\installers\windows\zip\corretto-build\buildroot\src\hotspot\share\classfile\systemDictionary.cpp, line 256]
Event: 1.805 Thread 0x0000024c9d7ce7b0 Exception <a 'java/lang/ClassNotFoundException'{0x00000007213536d0}: org/springframework/beans/factory/AwareCustomizer> (0x00000007213536d0) 
thrown [c:\wsjdk\corretto17src\installers\windows\zip\corretto-build\buildroot\src\hotspot\share\classfile\systemDictionary.cpp, line 256]

VM Operations (20 events):
Event: 0.163 Executing VM operation: HandshakeAllThreads
Event: 0.163 Executing VM operation: HandshakeAllThreads done
Event: 0.472 Executing VM operation: HandshakeAllThreads
Event: 0.472 Executing VM operation: HandshakeAllThreads done
Event: 0.502 Executing VM operation: HandshakeAllThreads
Event: 0.502 Executing VM operation: HandshakeAllThreads done
Event: 0.533 Executing VM operation: HandshakeAllThreads
Event: 0.533 Executing VM operation: HandshakeAllThreads done
Event: 0.778 Executing VM operation: HandshakeAllThreads
Event: 0.778 Executing VM operation: HandshakeAllThreads done
Event: 0.962 Executing VM operation: G1CollectForAllocation
Event: 0.970 Executing VM operation: G1CollectForAllocation done
Event: 1.531 Executing VM operation: ICBufferFull
Event: 1.532 Executing VM operation: ICBufferFull done
Event: 1.659 Executing VM operation: G1CollectForAllocation
Event: 1.666 Executing VM operation: G1CollectForAllocation done
Event: 1.678 Executing VM operation: HandshakeAllThreads
Event: 1.678 Executing VM operation: HandshakeAllThreads done
Event: 1.732 Executing VM operation: HandshakeAllThreads
Event: 1.732 Executing VM operation: HandshakeAllThreads done

Events (20 events):
Event: 1.785 loading class com/sun/beans/WildcardTypeImpl
Event: 1.785 loading class com/sun/beans/WildcardTypeImpl done
Event: 1.785 loading class java/beans/BeanProperty
Event: 1.785 loading class java/beans/BeanProperty done
Event: 1.785 loading class jdk/internal/vm/annotation/IntrinsicCandidate
Event: 1.785 loading class jdk/internal/vm/annotation/IntrinsicCandidate done
Event: 1.787 loading class java/beans/Transient
Event: 1.787 loading class java/beans/Transient done
Event: 1.787 loading class com/sun/beans/introspect/PropertyInfo$Name
Event: 1.787 loading class com/sun/beans/introspect/PropertyInfo$Name done
Event: 1.787 loading class java/beans/GenericBeanInfo
Event: 1.787 loading class java/beans/SimpleBeanInfo
Event: 1.788 loading class java/beans/SimpleBeanInfo done
Event: 1.788 loading class java/beans/GenericBeanInfo done
Event: 1.789 loading class java/util/Hashtable$EntrySet
Event: 1.789 loading class java/util/Hashtable$EntrySet done
Event: 1.792 loading class java/util/AbstractList$ListItr
Event: 1.792 loading class java/util/AbstractList$Itr
Event: 1.792 loading class java/util/AbstractList$Itr done
Event: 1.792 loading class java/util/AbstractList$ListItr done


Dynamic libraries:
0x00007ff61fe20000 - 0x00007ff61fe2d000 	C:\Users\Han\.jdks\corretto-17.0.3\bin\java.exe
0x00007ffc148f0000 - 0x00007ffc14ae8000 	C:\Windows\SYSTEM32\ntdll.dll
0x00007ffc14610000 - 0x00007ffc146cf000 	C:\Windows\System32\KERNEL32.DLL
0x00007ffc121f0000 - 0x00007ffc124c2000 	C:\Windows\System32\KERNELBASE.dll
0x00007ffc127c0000 - 0x00007ffc128c0000 	C:\Windows\System32\ucrtbase.dll
0x00007ffc0f420000 - 0x00007ffc0f435000 	C:\Users\Han\.jdks\corretto-17.0.3\bin\VCRUNTIME140.dll
0x00007ffc0f3e0000 - 0x00007ffc0f3f8000 	C:\Users\Han\.jdks\corretto-17.0.3\bin\jli.dll
0x00007ffc14100000 - 0x00007ffc142a1000 	C:\Windows\System32\USER32.dll
0x00007ffc124d0000 - 0x00007ffc124f2000 	C:\Windows\System32\win32u.dll
0x00007ffbfbe30000 - 0x00007ffbfc0ca000 	C:\Windows\WinSxS\amd64_microsoft.windows.common-controls_6595b64144ccf1df_6.0.19041.1110_none_60b5254171f9507e\COMCTL32.dll
0x00007ffc146d0000 - 0x00007ffc146fb000 	C:\Windows\System32\GDI32.dll
0x00007ffc12990000 - 0x00007ffc12a2e000 	C:\Windows\System32\msvcrt.dll
0x00007ffc12610000 - 0x00007ffc1271f000 	C:\Windows\System32\gdi32full.dll
0x00007ffc12720000 - 0x00007ffc127bd000 	C:\Windows\System32\msvcp_win.dll
0x00007ffc12af0000 - 0x00007ffc12b22000 	C:\Windows\System32\IMM32.DLL
0x00007ffbed790000 - 0x00007ffbed82b000 	C:\Users\Han\.jdks\corretto-17.0.3\bin\msvcp140.dll
0x00007ffbd9580000 - 0x00007ffbda19b000 	C:\Users\Han\.jdks\corretto-17.0.3\bin\server\jvm.dll
0x00007ffc13470000 - 0x00007ffc1351e000 	C:\Windows\System32\ADVAPI32.dll
0x00007ffc13bf0000 - 0x00007ffc13c8c000 	C:\Windows\System32\sechost.dll
0x00007ffc139f0000 - 0x00007ffc13b15000 	C:\Windows\System32\RPCRT4.dll
0x00007ffc14700000 - 0x00007ffc14708000 	C:\Windows\System32\PSAPI.DLL
0x00007ffbb8a40000 - 0x00007ffbb8a49000 	C:\Windows\SYSTEM32\WSOCK32.dll
0x00007ffc0aa00000 - 0x00007ffc0aa0a000 	C:\Windows\SYSTEM32\VERSION.dll
0x00007ffc14840000 - 0x00007ffc148ab000 	C:\Windows\System32\WS2_32.dll
0x00007ffc05fa0000 - 0x00007ffc05fc7000 	C:\Windows\SYSTEM32\WINMM.dll
0x00007ffc107f0000 - 0x00007ffc10802000 	C:\Windows\SYSTEM32\kernel.appcore.dll
0x00007ffc0f410000 - 0x00007ffc0f41a000 	C:\Users\Han\.jdks\corretto-17.0.3\bin\jimage.dll
0x00007ffc0fe30000 - 0x00007ffc10014000 	C:\Windows\SYSTEM32\DBGHELP.DLL
0x00007ffbff490000 - 0x00007ffbff4c5000 	C:\Windows\SYSTEM32\dbgcore.DLL
0x00007ffc12500000 - 0x00007ffc12582000 	C:\Windows\System32\bcryptPrimitives.dll
0x00007ffc0d8b0000 - 0x00007ffc0d8d5000 	C:\Users\Han\.jdks\corretto-17.0.3\bin\java.dll
0x00007ffbebaf0000 - 0x00007ffbebbc6000 	C:\Users\Han\.jdks\corretto-17.0.3\bin\jsvml.dll
0x00007ffc12c50000 - 0x00007ffc13394000 	C:\Windows\System32\SHELL32.dll
0x00007ffc10040000 - 0x00007ffc107d2000 	C:\Windows\SYSTEM32\windows.storage.dll
0x00007ffc142b0000 - 0x00007ffc14605000 	C:\Windows\System32\combase.dll
0x00007ffc119b0000 - 0x00007ffc119e0000 	C:\Windows\SYSTEM32\Wldp.dll
0x00007ffc13920000 - 0x00007ffc139cd000 	C:\Windows\System32\SHCORE.dll
0x00007ffc13b20000 - 0x00007ffc13b75000 	C:\Windows\System32\shlwapi.dll
0x00007ffc11f20000 - 0x00007ffc11f3f000 	C:\Windows\SYSTEM32\profapi.dll
0x00007ffc06460000 - 0x00007ffc06479000 	C:\Users\Han\.jdks\corretto-17.0.3\bin\net.dll
0x00007ffc0a840000 - 0x00007ffc0a94c000 	C:\Windows\SYSTEM32\WINHTTP.dll
0x00007ffc11660000 - 0x00007ffc116ca000 	C:\Windows\system32\mswsock.dll
0x00007ffbfe5c0000 - 0x00007ffbfe5d5000 	C:\Users\Han\.jdks\corretto-17.0.3\bin\nio.dll
0x00007ffbfe5a0000 - 0x00007ffbfe5b8000 	C:\Users\Han\.jdks\corretto-17.0.3\bin\zip.dll
0x00007ffc0d910000 - 0x00007ffc0d920000 	C:\Users\Han\.jdks\corretto-17.0.3\bin\verify.dll
0x00007ffc0c4d0000 - 0x00007ffc0c4d9000 	C:\Users\Han\.jdks\corretto-17.0.3\bin\management.dll
0x00007ffc06450000 - 0x00007ffc0645b000 	C:\Users\Han\.jdks\corretto-17.0.3\bin\management_ext.dll
0x00007ffbf7520000 - 0x00007ffbf7537000 	C:\Windows\system32\napinsp.dll
0x00007ffbf5710000 - 0x00007ffbf572b000 	C:\Windows\system32\pnrpnsp.dll
0x00007ffc0c8b0000 - 0x00007ffc0c8c5000 	C:\Windows\system32\wshbth.dll
0x00007ffc0d6f0000 - 0x00007ffc0d70d000 	C:\Windows\system32\NLAapi.dll
0x00007ffc11370000 - 0x00007ffc113ab000 	C:\Windows\SYSTEM32\IPHLPAPI.DLL
0x00007ffc113b0000 - 0x00007ffc1147a000 	C:\Windows\SYSTEM32\DNSAPI.dll
0x00007ffc13b80000 - 0x00007ffc13b88000 	C:\Windows\System32\NSI.dll
0x00007ffbf5550000 - 0x00007ffbf5562000 	C:\Windows\System32\winrnr.dll
0x00007ffc0aa20000 - 0x00007ffc0aa2a000 	C:\Windows\System32\rasadhlp.dll
0x00007ffc019a0000 - 0x00007ffc01a20000 	C:\Windows\System32\fwpuclnt.dll
0x00007ffc125e0000 - 0x00007ffc12607000 	C:\Windows\System32\bcrypt.dll

dbghelp: loaded successfully - version: 4.0.5 - missing functions: none
symbol engine: initialized successfully - sym options: 0x614 - pdb path: .;C:\Users\Han\.jdks\corretto-17.0.3\bin;C:\Windows\SYSTEM32;C:\Windows\WinSxS\amd64_microsoft.windows.common-controls_6595b64144ccf1df_6.0.19041.1110_none_60b5254171f9507e;C:\Users\Han\.jdks\corretto-17.0.3\bin\server

VM Arguments:
jvm_args: -Dfile.encoding=UTF-8 -Duser.country=KR -Duser.language=ko -Duser.variant 
java_command: com.codestates.seb41_pre_011.Seb41Pre011Application
java_class_path (initial): C:\Users\Han\Desktop\programming\codeStates_files\co_project\seb41_pre_011\seb41_pre_011\server\build\classes\java\main;C:\Users\Han\Desktop\programming\codeStates_files\co_project\seb41_pre_011\seb41_pre_011\server\build\resources\main;C:\Users\Han\.gradle\caches\modules-2\files-2.1\org.springframework.boot\spring-boot-starter-data-jpa\2.7.1\39e98264c195a06c8c29a63c24b6ce295ca10795\spring-boot-starter-data-jpa-2.7.1.jar;C:\Users\Han\.gradle\caches\modules-2\files-2.1\org.springframework.boot\spring-boot-starter-validation\2.7.1\8546b0ad5fa5ce6d37cff18a27386532540e2ab8\spring-boot-starter-validation-2.7.1.jar;C:\Users\Han\.gradle\caches\modules-2\files-2.1\org.springframework.boot\spring-boot-starter-web\2.7.1\29f47f503f9955b1a9746870aeaebdba448416d\spring-boot-starter-web-2.7.1.jar;C:\Users\Han\.gradle\caches\modules-2\files-2.1\org.mapstruct\mapstruct\1.5.1.Final\7594423c07ce57b7e649e926c455208854f68322\mapstruct-1.5.1.Final.jar;C:\Users\Han\.gradle\caches\modules-2\files-2.1\org.springframework.boot\spring-boot-starter-mail\2.7.1\7387a86bf0e96c06222c946acedc5d4ff41c0398\spring-boot-starter-mail-2.7.1.jar;C:\Users\Han\.gradle\caches\modules-2\files-2.1\org.apache.tomcat.embed\tomcat-embed-jasper\9.0.64\4f396eb6687df67637caa8bfa5ab2ebeb198cf0\tomcat-embed-jasper-9.0.64.jar;C:\Users\Han\.gradle\caches\modules-2\files-2.1\com.google.code.gson\gson\2.9.0\8a1167e089096758b49f9b34066ef98b2f4b37aa\gson-2.9.0.jar;C:\Users\Han\.gradle\caches\modules-2\files-2.1\com.h2database\h2\2.1.214\d5c2005c9e3279201e12d4776c948578b16bf8b2\h2-2.1.214.jar;C:\Users\Han\.gradle\caches\modules-2\files-2.1\org.springframework.boot\spring-boot-starter-aop\2.7.1\e7c78497e3528ae3037c723259b4b0944994f03\spring-boot-starter-aop-2.7.1.jar;C:\Users\Han\.gradle\caches\modules-2\files-2.1\org.springframework.boot\spring-boot-starter-jdbc\2.7.1\bba8a72a8042cec0b7961f11b0b3332724f5845e\spring-boot-starter-jdbc-2.7.1.jar;C:\Users\Han\.gradle\caches\modules-2\files-2.1\jakar
Launcher Type: SUN_STANDARD

[Global flags]
     intx CICompilerCount                          = 4                                         {product} {ergonomic}
     uint ConcGCThreads                            = 3                                         {product} {ergonomic}
     uint G1ConcRefinementThreads                  = 10                                        {product} {ergonomic}
   size_t G1HeapRegionSize                         = 2097152                                   {product} {ergonomic}
    uintx GCDrainStackTargetSize                   = 64                                        {product} {ergonomic}
   size_t InitialHeapSize                          = 249561088                                 {product} {ergonomic}
   size_t MarkStackSize                            = 4194304                                   {product} {ergonomic}
   size_t MaxHeapSize                              = 3980394496                                {product} {ergonomic}
   size_t MaxNewSize                               = 2386558976                                {product} {ergonomic}
   size_t MinHeapDeltaBytes                        = 2097152                                   {product} {ergonomic}
   size_t MinHeapSize                              = 8388608                                   {product} {ergonomic}
    uintx NonNMethodCodeHeapSize                   = 5839372                                {pd product} {ergonomic}
    uintx NonProfiledCodeHeapSize                  = 122909434                              {pd product} {ergonomic}
    uintx ProfiledCodeHeapSize                     = 122909434                              {pd product} {ergonomic}
    uintx ReservedCodeCacheSize                    = 251658240                              {pd product} {ergonomic}
     bool SegmentedCodeCache                       = true                                      {product} {ergonomic}
   size_t SoftMaxHeapSize                          = 3980394496                             {manageable} {ergonomic}
     bool UseCompressedClassPointers               = true                           {product lp64_product} {ergonomic}
     bool UseCompressedOops                        = true                           {product lp64_product} {ergonomic}
     bool UseG1GC                                  = true                                      {product} {ergonomic}
     bool UseLargePagesIndividualAllocation        = false                                  {pd product} {ergonomic}

Logging:
Log output configuration:
 #0: stdout all=warning uptime,level,tags
 #1: stderr all=off uptime,level,tags

Environment Variables:
JAVA_HOME=C:\Program Files\Zulu\zulu-11
CLASSPATH=C:\Program Files\Zulu\zulu-11\lib
PATH=C:\Program Files\Zulu\zulu-11\bin\;C:\Program Files (x86)\Common Files\Oracle\Java\javapath;C:\Windows\system32;C:\Windows;C:\Windows\System32\Wbem;C:\Windows\System32\WindowsPowerShell\v1.0\;C:\Windows\System32\OpenSSH\;C:\Program Files\MySQL\MySQL Server 8.0\bin;C:\Program Files\Git\cmd;C:\Program Files\Zulu\zulu-11\bin;C:\Users\Han\AppData\Roaming\nvm;C:\Program Files\nodejs;C:\Program Files\Docker\Docker\resources\bin;C:\Program Files\MySQL\MySQL Shell 8.0\bin\;C:\Users\Han\anaconda3;C:\Users\Han\anaconda3\Library\mingw-w64\bin;C:\Users\Han\anaconda3\Library\usr\bin;C:\Users\Han\anaconda3\Library\bin;C:\Users\Han\anaconda3\Scripts;C:\Users\Han\AppData\Local\Programs\Python\Python310\Scripts\;C:\Users\Han\AppData\Local\Programs\Python\Python310\;C:\Users\Han\AppData\Local\Microsoft\WindowsApps;C:\Users\Han\AppData\Local\Programs\Microsoft VS Code\bin;C:\Program Files\JetBrains\IntelliJ IDEA Community Edition 2021.3.3\bin;C:\Users\Han\AppData\Local\JetBrains\Toolbox\scripts;C:\Users\Han\AppData\Roaming\npm
USERNAME=Han
OS=Windows_NT
PROCESSOR_IDENTIFIER=AMD64 Family 25 Model 80 Stepping 0, AuthenticAMD



---------------  S Y S T E M  ---------------

OS:
 Windows 10 , 64 bit Build 19041 (10.0.19041.2364)
OS uptime: 7 days 20:06 hours
Hyper-V role detected

CPU: total 12 (initial active 12) (12 cores per cpu, 2 threads per core) family 25 model 80 stepping 0 microcode 0x0, cx8, cmov, fxsr, ht, mmx, 3dnowpref, sse, sse2, sse3, ssse3, sse4a, sse4.1, sse4.2, popcnt, lzcnt, tsc, tscinvbit, avx, avx2, aes, erms, clmul, bmi1, bmi2, adx, sha, fma, vzeroupper, clflush, clflushopt, hv

Memory: 4k page, system-wide physical 15182M (4232M free)
TotalPageFile size 17975M (AvailPageFile size 3M)
current process WorkingSet (physical memory assigned to process): 107M, peak: 107M
current process commit charge ("private bytes"): 361M, peak: 361M

vm_info: OpenJDK 64-Bit Server VM (17.0.3+6-LTS) for windows-amd64 JRE (17.0.3+6-LTS), built on Apr 15 2022 22:16:02 by "Administrator" with MS VC++ 15.9 (VS2017)

END.
